[INFO] Scanning for projects...
[INFO] ------------------------------------------------------------------------
[INFO] Reactor Build Order:
[INFO] 
[INFO] Singularity
[INFO] SingularityBase
[INFO] SingularityUI
[INFO] SingularityMesosClient
[INFO] SingularitySwagger
[INFO] SingularityService
[INFO] SingularityRunnerBase
[INFO] SingularityS3Base
[INFO] SingularityClient
[INFO] SingularityExecutor
[INFO] SingularityExecutorCleanup
[INFO] SingularityS3Uploader
[INFO] SingularityS3Downloader
[INFO] EmbedSingularityExample
[INFO] SingularityServiceIntegrationTests
[INFO]                                                                         
[INFO] ------------------------------------------------------------------------
[INFO] Building Singularity 0.15.0-SNAPSHOT
[INFO] ------------------------------------------------------------------------
[INFO] 
[INFO] --- property-helper-maven-plugin:2.0:get (get-build-id) @ Singularity ---
[INFO] 
[INFO] --- maven-enforcer-plugin:1.4.1:enforce (default) @ Singularity ---
[INFO] 
[INFO] --- maven-dependency-versions-check-plugin:2.0.2:check (default) @ Singularity ---
[INFO] Checking dependency versions
[INFO] 
[INFO] --- maven-checkstyle-plugin:2.17:check (default) @ Singularity ---
[INFO] Starting audit...
Audit done.
[INFO] 
[INFO] --- dependency-management-plugin:0.4:analyze (analyze) @ Singularity ---
[INFO] No dependency management issues found
[INFO] 
[INFO] --- git-commit-id-plugin:2.2.0:revision (default) @ Singularity ---
[INFO] 
[INFO] --- jacoco-maven-plugin:0.7.5.201505241946:prepare-agent (default) @ Singularity ---
[INFO] argLine set to -javaagent:/root/./workspace/HubSpot/Singularity/218579395/.m2/org/jacoco/org.jacoco.agent/0.7.5.201505241946/org.jacoco.agent-0.7.5.201505241946-runtime.jar=destfile=/root/workspace/HubSpot/Singularity/218579395/target/jacoco.exec
[INFO]                                                                         
[INFO] ------------------------------------------------------------------------
[INFO] Building SingularityBase 0.15.0-SNAPSHOT
[INFO] ------------------------------------------------------------------------
[INFO] 
[INFO] --- property-helper-maven-plugin:2.0:get (get-build-id) @ SingularityBase ---
[INFO] 
[INFO] --- maven-enforcer-plugin:1.4.1:enforce (default) @ SingularityBase ---
[INFO] 
[INFO] --- maven-dependency-versions-check-plugin:2.0.2:check (default) @ SingularityBase ---
[INFO] Checking dependency versions
[INFO] 
[INFO] --- maven-checkstyle-plugin:2.17:check (default) @ SingularityBase ---
[INFO] Starting audit...
[WARN] /root/workspace/HubSpot/Singularity/218579395/SingularityBase/src/main/java/com/hubspot/singularity/SlaveMatchState.java:18:3: Redundant 'private' modifier. [RedundantModifier]
[WARN] /root/workspace/HubSpot/Singularity/218579395/SingularityBase/src/main/java/com/hubspot/singularity/RequestType.java:13:3: Redundant 'private' modifier. [RedundantModifier]
[WARN] /root/workspace/HubSpot/Singularity/218579395/SingularityBase/src/main/java/com/hubspot/singularity/RequestState.java:9:3: Redundant 'private' modifier. [RedundantModifier]
[WARN] /root/workspace/HubSpot/Singularity/218579395/SingularityBase/src/main/java/com/hubspot/singularity/DeployState.java:9:3: Redundant 'private' modifier. [RedundantModifier]
[WARN] /root/workspace/HubSpot/Singularity/218579395/SingularityBase/src/main/java/com/hubspot/singularity/RequestCleanupType.java:12:3: Redundant 'private' modifier. [RedundantModifier]
[WARN] /root/workspace/HubSpot/Singularity/218579395/SingularityBase/src/main/java/com/hubspot/singularity/TaskCleanupType.java:13:3: Redundant 'private' modifier. [RedundantModifier]
[WARN] /root/workspace/HubSpot/Singularity/218579395/SingularityBase/src/main/java/com/hubspot/singularity/HealthcheckProtocol.java:9:3: Redundant 'private' modifier. [RedundantModifier]
[WARN] /root/workspace/HubSpot/Singularity/218579395/SingularityBase/src/main/java/com/hubspot/mesos/JavaUtils.java:206:17: Redundant 'final' modifier. [RedundantModifier]
Audit done.
[INFO] 
[INFO] --- dependency-management-plugin:0.4:analyze (analyze) @ SingularityBase ---
[INFO] No dependency management issues found
[INFO] 
[INFO] --- git-commit-id-plugin:2.2.0:revision (default) @ SingularityBase ---
[INFO] 
[INFO] --- jacoco-maven-plugin:0.7.5.201505241946:prepare-agent (default) @ SingularityBase ---
[INFO] argLine set to -javaagent:/root/./workspace/HubSpot/Singularity/218579395/.m2/org/jacoco/org.jacoco.agent/0.7.5.201505241946/org.jacoco.agent-0.7.5.201505241946-runtime.jar=destfile=/root/workspace/HubSpot/Singularity/218579395/SingularityBase/target/jacoco.exec
[INFO] 
[INFO] --- maven-resources-plugin:2.7:resources (default-resources) @ SingularityBase ---
[INFO] Using 'UTF-8' encoding to copy filtered resources.
[INFO] skip non existing resourceDirectory /root/workspace/HubSpot/Singularity/218579395/SingularityBase/src/main/resources
[INFO] 
[INFO] --- maven-compiler-plugin:3.3:compile (default-compile) @ SingularityBase ---
[INFO] Nothing to compile - all classes are up to date
[INFO] 
[INFO] --- maven-resources-plugin:2.7:testResources (default-testResources) @ SingularityBase ---
[INFO] Using 'UTF-8' encoding to copy filtered resources.
[INFO] skip non existing resourceDirectory /root/workspace/HubSpot/Singularity/218579395/SingularityBase/src/test/resources
[INFO] 
[INFO] --- maven-compiler-plugin:3.3:testCompile (default-testCompile) @ SingularityBase ---
[INFO] No sources to compile
[INFO] 
[INFO] --- maven-surefire-plugin:2.19:test (default-test) @ SingularityBase ---
[INFO] No tests to run.
[INFO]                                                                         
[INFO] ------------------------------------------------------------------------
[INFO] Building SingularityUI 0.15.0-SNAPSHOT
[INFO] ------------------------------------------------------------------------
[INFO] 
[INFO] --- property-helper-maven-plugin:2.0:get (get-build-id) @ SingularityUI ---
[INFO] 
[INFO] --- maven-enforcer-plugin:1.4.1:enforce (default) @ SingularityUI ---
[INFO] 
[INFO] --- maven-dependency-versions-check-plugin:2.0.2:check (default) @ SingularityUI ---
[INFO] Checking dependency versions
[INFO] 
[INFO] --- maven-checkstyle-plugin:2.17:check (default) @ SingularityUI ---
[INFO] Starting audit...
Audit done.
[INFO] 
[INFO] --- dependency-management-plugin:0.4:analyze (analyze) @ SingularityUI ---
[INFO] No dependency management issues found
[INFO] 
[INFO] --- git-commit-id-plugin:2.2.0:revision (default) @ SingularityUI ---
[INFO] 
[INFO] --- jacoco-maven-plugin:0.7.5.201505241946:prepare-agent (default) @ SingularityUI ---
[INFO] argLine set to -javaagent:/root/./workspace/HubSpot/Singularity/218579395/.m2/org/jacoco/org.jacoco.agent/0.7.5.201505241946/org.jacoco.agent-0.7.5.201505241946-runtime.jar=destfile=/root/workspace/HubSpot/Singularity/218579395/SingularityUI/target/jacoco.exec
[INFO] 
[INFO] --- frontend-maven-plugin:0.0.23:install-node-and-npm (install node and npm) @ SingularityUI ---
[INFO] Node v6.2.1 is already installed.
[INFO] Found NPM version 3.9.3
[INFO] 
[INFO] --- frontend-maven-plugin:0.0.23:npm (npm install) @ SingularityUI ---
[INFO] Running 'npm install --color=false' in /root/workspace/HubSpot/Singularity/218579395/SingularityUI
[ERROR] npm WARN optional Skipping failed optional dependency /chokidar/fsevents:
[ERROR] npm WARN notsup Not compatible with your operating system or architecture: fsevents@1.1.2
[INFO] 
[INFO] --- frontend-maven-plugin:0.0.23:npm (npm test) @ SingularityUI ---
[INFO] Running 'npm test --color=false' in /root/workspace/HubSpot/Singularity/218579395/SingularityUI
[INFO] 
[INFO] > SingularityUI@0.3.0 test /root/workspace/HubSpot/Singularity/218579395/SingularityUI
[INFO] > mocha --compilers js:babel-core/register test/index.test
[INFO] 
[ERROR] Warning: Accessing PropTypes via the main React package is deprecated, and will be removed in  React v16.0. Use the latest available v15.* prop-types package from npm instead. For info on usage, compatibility, migration and more, see https://fb.me/prop-types-docs
[INFO] 
[INFO] 
[INFO]   Utils
[INFO]     getTaskDataFromTaskId()
[INFO]       âœ“ should grab all fields from a valid task id
[INFO] 
[INFO]   Reducers
[INFO]     tailerView
[INFO]       âœ“ should be properly initialized
[INFO]       âœ“ should populate the tailerId field
[INFO]       âœ“ should auto-populate the requestIds, taskIds, and paths fields
[INFO]       âœ“ should add tailer groups
[INFO]       âœ“ should remove tailer groups
[INFO]       âœ“ should pick an individual tailer group
[INFO] 
[INFO] 
[INFO]   7 passing (43ms)
[INFO] 
[INFO] 
[INFO] --- frontend-maven-plugin:0.0.23:gulp (gulp build) @ SingularityUI ---
[INFO] Running 'gulp build --no-color' in /root/workspace/HubSpot/Singularity/218579395/SingularityUI
[INFO] [15:15:15] Using gulpfile ~/workspace/HubSpot/Singularity/218579395/SingularityUI/gulpfile.js
[INFO] [15:15:15] Starting 'clean'...
[INFO] [15:15:15] Finished 'clean' after 42 ms
[INFO] [15:15:15] Starting 'static'...
[INFO] [15:15:15] Finished 'static' after 42 ms
[INFO] [15:15:15] Starting 'html'...
[INFO] [15:15:15] Finished 'html' after 24 ms
[INFO] [15:15:15] Starting 'build'...
[INFO] [15:17:30] Version: webpack [1m1.13.1[22m
[INFO] Time: [1m134187[22mms
[INFO]                                [1mAsset[22m     [1mSize[22m  [1mChunks[22m  [1m[22m           [1mChunk Names[22m
[INFO] [1m[32m89889688147bd7575d6327160d64e760.svg[39m[22m   109 kB        [1m[22m  [1m[32m[emitted][39m[22m  
[INFO]                  [1m[32mjs/vendor.bundle.js[39m[22m   614 kB       [1m0[22m  [1m[32m[emitted][39m[22m  js/vendor
[INFO]                     [1m[32mjs/app.bundle.js[39m[22m  2.09 MB       [1m1[22m  [1m[32m[emitted][39m[22m  js/app
[INFO]                          [1m[32mcss/app.css[39m[22m   336 kB       [1m1[22m  [1m[32m[emitted][39m[22m  js/app
[INFO]              [1m[32mjs/vendor.bundle.js.map[39m[22m  4.66 MB       [1m0[22m  [1m[32m[emitted][39m[22m  js/vendor
[INFO]                 [1m[32mjs/app.bundle.js.map[39m[22m   9.9 MB       [1m1[22m  [1m[32m[emitted][39m[22m  js/app
[INFO]                      [1m[32mcss/app.css.map[39m[22m   412 kB       [1m1[22m  [1m[32m[emitted][39m[22m  js/app
[INFO] Child [1mextract-text-webpack-plugin[22m:
[INFO]     
[INFO] Child [1mextract-text-webpack-plugin[22m:
[INFO]     
[INFO] Child [1mextract-text-webpack-plugin[22m:
[INFO]     
[INFO] Child [1mextract-text-webpack-plugin[22m:
[INFO]     
[INFO] Child [1mextract-text-webpack-plugin[22m:
[INFO]     
[INFO] Child [1mextract-text-webpack-plugin[22m:
[INFO]     
[INFO] [15:17:30] Finished 'build' after 2.23 min
[INFO]                                                                         
[INFO] ------------------------------------------------------------------------
[INFO] Building SingularityMesosClient 0.15.0-SNAPSHOT
[INFO] ------------------------------------------------------------------------
[INFO] 
[INFO] --- property-helper-maven-plugin:2.0:get (get-build-id) @ SingularityMesosClient ---
[INFO] 
[INFO] --- maven-enforcer-plugin:1.4.1:enforce (default) @ SingularityMesosClient ---
[INFO] 
[INFO] --- maven-dependency-versions-check-plugin:2.0.2:check (default) @ SingularityMesosClient ---
[INFO] Checking dependency versions
[INFO] 
[INFO] --- maven-checkstyle-plugin:2.17:check (default) @ SingularityMesosClient ---
[INFO] Starting audit...
[WARN] /root/workspace/HubSpot/Singularity/218579395/SingularityMesosClient/src/main/java/com/hubspot/mesos/client/MesosClient.java:12:3: Redundant 'public' modifier. [RedundantModifier]
[WARN] /root/workspace/HubSpot/Singularity/218579395/SingularityMesosClient/src/main/java/com/hubspot/mesos/client/MesosClient.java:14:3: Redundant 'public' modifier. [RedundantModifier]
[WARN] /root/workspace/HubSpot/Singularity/218579395/SingularityMesosClient/src/main/java/com/hubspot/mesos/client/MesosClient.java:16:3: Redundant 'public' modifier. [RedundantModifier]
[WARN] /root/workspace/HubSpot/Singularity/218579395/SingularityMesosClient/src/main/java/com/hubspot/mesos/client/MesosClient.java:29:3: Redundant 'public' modifier. [RedundantModifier]
[WARN] /root/workspace/HubSpot/Singularity/218579395/SingularityMesosClient/src/main/java/com/hubspot/mesos/client/MesosClient.java:31:3: Redundant 'public' modifier. [RedundantModifier]
[WARN] /root/workspace/HubSpot/Singularity/218579395/SingularityMesosClient/src/main/java/com/hubspot/mesos/client/MesosClient.java:33:3: Redundant 'public' modifier. [RedundantModifier]
[WARN] /root/workspace/HubSpot/Singularity/218579395/SingularityMesosClient/src/main/java/com/hubspot/mesos/client/MesosClient.java:35:3: Redundant 'public' modifier. [RedundantModifier]
[WARN] /root/workspace/HubSpot/Singularity/218579395/SingularityMesosClient/src/main/java/com/hubspot/mesos/client/MesosClient.java:37:3: Redundant 'public' modifier. [RedundantModifier]
Audit done.
[INFO] 
[INFO] --- dependency-management-plugin:0.4:analyze (analyze) @ SingularityMesosClient ---
[INFO] No dependency management issues found
[INFO] 
[INFO] --- git-commit-id-plugin:2.2.0:revision (default) @ SingularityMesosClient ---
[INFO] 
[INFO] --- jacoco-maven-plugin:0.7.5.201505241946:prepare-agent (default) @ SingularityMesosClient ---
[INFO] argLine set to -javaagent:/root/./workspace/HubSpot/Singularity/218579395/.m2/org/jacoco/org.jacoco.agent/0.7.5.201505241946/org.jacoco.agent-0.7.5.201505241946-runtime.jar=destfile=/root/workspace/HubSpot/Singularity/218579395/SingularityMesosClient/target/jacoco.exec
[INFO] 
[INFO] --- maven-resources-plugin:2.7:resources (default-resources) @ SingularityMesosClient ---
[INFO] Using 'UTF-8' encoding to copy filtered resources.
[INFO] skip non existing resourceDirectory /root/workspace/HubSpot/Singularity/218579395/SingularityMesosClient/src/main/resources
[INFO] 
[INFO] --- maven-compiler-plugin:3.3:compile (default-compile) @ SingularityMesosClient ---
[INFO] Nothing to compile - all classes are up to date
[INFO] 
[INFO] --- maven-resources-plugin:2.7:testResources (default-testResources) @ SingularityMesosClient ---
[INFO] Using 'UTF-8' encoding to copy filtered resources.
[INFO] skip non existing resourceDirectory /root/workspace/HubSpot/Singularity/218579395/SingularityMesosClient/src/test/resources
[INFO] 
[INFO] --- maven-compiler-plugin:3.3:testCompile (default-testCompile) @ SingularityMesosClient ---
[INFO] No sources to compile
[INFO] 
[INFO] --- maven-surefire-plugin:2.19:test (default-test) @ SingularityMesosClient ---
[INFO] No tests to run.
[INFO]                                                                         
[INFO] ------------------------------------------------------------------------
[INFO] Building SingularitySwagger 0.15.0-SNAPSHOT
[INFO] ------------------------------------------------------------------------
[INFO] 
[INFO] --- property-helper-maven-plugin:2.0:get (get-build-id) @ SingularitySwagger ---
[INFO] 
[INFO] --- maven-enforcer-plugin:1.4.1:enforce (default) @ SingularitySwagger ---
[INFO] 
[INFO] --- maven-dependency-versions-check-plugin:2.0.2:check (default) @ SingularitySwagger ---
[INFO] Checking dependency versions
[INFO] 
[INFO] --- maven-checkstyle-plugin:2.17:check (default) @ SingularitySwagger ---
[INFO] Starting audit...
Audit done.
[INFO] 
[INFO] --- dependency-management-plugin:0.4:analyze (analyze) @ SingularitySwagger ---
[INFO] No dependency management issues found
[INFO] 
[INFO] --- git-commit-id-plugin:2.2.0:revision (default) @ SingularitySwagger ---
[INFO] 
[INFO] --- jacoco-maven-plugin:0.7.5.201505241946:prepare-agent (default) @ SingularitySwagger ---
[INFO] argLine set to -javaagent:/root/./workspace/HubSpot/Singularity/218579395/.m2/org/jacoco/org.jacoco.agent/0.7.5.201505241946/org.jacoco.agent-0.7.5.201505241946-runtime.jar=destfile=/root/workspace/HubSpot/Singularity/218579395/SingularitySwagger/target/jacoco.exec
[INFO] 
[INFO] --- maven-resources-plugin:2.7:resources (default-resources) @ SingularitySwagger ---
[INFO] Using 'UTF-8' encoding to copy filtered resources.
[INFO] skip non existing resourceDirectory /root/workspace/HubSpot/Singularity/218579395/SingularitySwagger/src/main/resources
[INFO] 
[INFO] --- maven-compiler-plugin:3.3:compile (default-compile) @ SingularitySwagger ---
[INFO] Nothing to compile - all classes are up to date
[INFO] 
[INFO] --- maven-resources-plugin:2.7:testResources (default-testResources) @ SingularitySwagger ---
[INFO] Using 'UTF-8' encoding to copy filtered resources.
[INFO] skip non existing resourceDirectory /root/workspace/HubSpot/Singularity/218579395/SingularitySwagger/src/test/resources
[INFO] 
[INFO] --- maven-compiler-plugin:3.3:testCompile (default-testCompile) @ SingularitySwagger ---
[INFO] No sources to compile
[INFO] 
[INFO] --- maven-surefire-plugin:2.19:test (default-test) @ SingularitySwagger ---
[INFO] No tests to run.
[INFO]                                                                         
[INFO] ------------------------------------------------------------------------
[INFO] Building SingularityService 0.15.0-SNAPSHOT
[INFO] ------------------------------------------------------------------------
[INFO] 
[INFO] --- property-helper-maven-plugin:2.0:get (get-build-id) @ SingularityService ---
[INFO] 
[INFO] --- maven-enforcer-plugin:1.4.1:enforce (default) @ SingularityService ---
[INFO] 
[INFO] --- maven-dependency-versions-check-plugin:2.0.2:check (default) @ SingularityService ---
[INFO] Checking dependency versions
[INFO] 
[INFO] --- maven-checkstyle-plugin:2.17:check (default) @ SingularityService ---
[INFO] Starting audit...
[WARN] /root/workspace/HubSpot/Singularity/218579395/SingularityService/src/main/java/com/hubspot/singularity/data/zkmigrations/SingularityCmdLineArgsMigration.java:58:5: Redundant 'public' modifier. [RedundantModifier]
[WARN] /root/workspace/HubSpot/Singularity/218579395/SingularityService/src/main/java/com/hubspot/singularity/data/zkmigrations/SingularityRequestTypeMigration.java:84:9: Redundant 'public' modifier. [RedundantModifier]
[WARN] /root/workspace/HubSpot/Singularity/218579395/SingularityService/src/main/java/com/hubspot/singularity/data/zkmigrations/SingularityRequestTypeMigration.java:139:9: Redundant 'public' modifier. [RedundantModifier]
[WARN] /root/workspace/HubSpot/Singularity/218579395/SingularityService/src/main/java/com/hubspot/singularity/data/CuratorManager.java:64:5: Redundant 'public' modifier. [RedundantModifier]
[WARN] /root/workspace/HubSpot/Singularity/218579395/SingularityService/src/main/java/com/hubspot/singularity/data/history/SingularityHistoryModule.java:126:5: Redundant 'public' modifier. [RedundantModifier]
[WARN] /root/workspace/HubSpot/Singularity/218579395/SingularityService/src/main/java/com/hubspot/singularity/data/CuratorAsyncManager.java:46:5: Redundant 'private' modifier. [RedundantModifier]
[WARN] /root/workspace/HubSpot/Singularity/218579395/SingularityService/src/main/java/com/hubspot/singularity/config/UIConfiguration.java:21:10: Redundant 'static' modifier. [RedundantModifier]
[WARN] /root/workspace/HubSpot/Singularity/218579395/SingularityService/src/main/java/com/hubspot/singularity/hooks/LoadBalancerClientImpl.java:110:5: Redundant 'public' modifier. [RedundantModifier]
[WARN] /root/workspace/HubSpot/Singularity/218579395/SingularityService/src/main/java/com/hubspot/singularity/scheduler/SingularityNewTaskChecker.java:171:10: Redundant 'static' modifier. [RedundantModifier]
[WARN] /root/workspace/HubSpot/Singularity/218579395/SingularityService/src/main/java/com/hubspot/singularity/scheduler/SingularityExpiringUserActionPoller.java:175:5: Redundant 'public' modifier. [RedundantModifier]
[WARN] /root/workspace/HubSpot/Singularity/218579395/SingularityService/src/main/java/com/hubspot/singularity/scheduler/SingularityExpiringUserActionPoller.java:224:5: Redundant 'public' modifier. [RedundantModifier]
[WARN] /root/workspace/HubSpot/Singularity/218579395/SingularityService/src/main/java/com/hubspot/singularity/scheduler/SingularityExpiringUserActionPoller.java:249:5: Redundant 'public' modifier. [RedundantModifier]
[WARN] /root/workspace/HubSpot/Singularity/218579395/SingularityService/src/main/java/com/hubspot/singularity/scheduler/SingularityExpiringUserActionPoller.java:289:5: Redundant 'public' modifier. [RedundantModifier]
[WARN] /root/workspace/HubSpot/Singularity/218579395/SingularityService/src/main/java/com/hubspot/singularity/scheduler/SingularityExpiringUserActionPoller.java:315:5: Redundant 'public' modifier. [RedundantModifier]
[WARN] /root/workspace/HubSpot/Singularity/218579395/SingularityService/src/main/java/com/hubspot/singularity/mesos/OfferCache.java:13:3: Redundant 'public' modifier. [RedundantModifier]
[WARN] /root/workspace/HubSpot/Singularity/218579395/SingularityService/src/main/java/com/hubspot/singularity/mesos/OfferCache.java:15:3: Redundant 'public' modifier. [RedundantModifier]
[WARN] /root/workspace/HubSpot/Singularity/218579395/SingularityService/src/main/java/com/hubspot/singularity/mesos/OfferCache.java:17:3: Redundant 'public' modifier. [RedundantModifier]
[WARN] /root/workspace/HubSpot/Singularity/218579395/SingularityService/src/main/java/com/hubspot/singularity/mesos/OfferCache.java:19:3: Redundant 'public' modifier. [RedundantModifier]
[WARN] /root/workspace/HubSpot/Singularity/218579395/SingularityService/src/main/java/com/hubspot/singularity/mesos/OfferCache.java:21:3: Redundant 'public' modifier. [RedundantModifier]
[WARN] /root/workspace/HubSpot/Singularity/218579395/SingularityService/src/main/java/com/hubspot/singularity/mesos/OfferCache.java:23:3: Redundant 'public' modifier. [RedundantModifier]
[WARN] /root/workspace/HubSpot/Singularity/218579395/SingularityService/src/main/java/com/hubspot/singularity/mesos/OfferCache.java:25:3: Redundant 'public' modifier. [RedundantModifier]
[WARN] /root/workspace/HubSpot/Singularity/218579395/SingularityService/src/main/java/com/hubspot/singularity/mesos/OfferCache.java:27:3: Redundant 'public' modifier. [RedundantModifier]
[WARN] /root/workspace/HubSpot/Singularity/218579395/SingularityService/src/main/java/com/hubspot/singularity/smtp/SmtpMailer.java:366:5: Redundant 'private' modifier. [RedundantModifier]
Audit done.
[INFO] 
[INFO] --- dependency-management-plugin:0.4:analyze (analyze) @ SingularityService ---
[INFO] No dependency management issues found
[INFO] 
[INFO] --- git-commit-id-plugin:2.2.0:revision (default) @ SingularityService ---
[INFO] 
[INFO] --- jacoco-maven-plugin:0.7.5.201505241946:prepare-agent (default) @ SingularityService ---
[INFO] argLine set to -javaagent:/root/./workspace/HubSpot/Singularity/218579395/.m2/org/jacoco/org.jacoco.agent/0.7.5.201505241946/org.jacoco.agent-0.7.5.201505241946-runtime.jar=destfile=/root/workspace/HubSpot/Singularity/218579395/SingularityService/target/jacoco.exec
[INFO] 
[INFO] --- maven-resources-plugin:2.7:copy-resources (copy-index.html-template) @ SingularityService ---
[INFO] Using 'UTF-8' encoding to copy filtered resources.
[INFO] Copying 1 resource
[INFO] 
[INFO] --- maven-resources-plugin:2.7:copy-resources (copy-ui) @ SingularityService ---
[INFO] Using 'UTF-8' encoding to copy filtered resources.
[INFO] Copying 12 resources
[INFO] 
[INFO] --- build-helper-maven-plugin:1.10:add-resource (add-generated-resources) @ SingularityService ---
[INFO] 
[INFO] --- maven-resources-plugin:2.7:resources (default-resources) @ SingularityService ---
[INFO] Using 'UTF-8' encoding to copy filtered resources.
[INFO] Copying 9 resources
[INFO] Copying 13 resources
[INFO] 
[INFO] --- maven-compiler-plugin:3.3:compile (default-compile) @ SingularityService ---
[INFO] Nothing to compile - all classes are up to date
[INFO] 
[INFO] --- swagger-maven-plugin:2.3.2:generate (build-embedded-documentation) @ SingularityService ---
[INFO] Reflections took 71 ms to scan 1 urls, producing 12 keys and 72 values 
[INFO] Detect Resource:com.hubspot.singularity.resources.InactiveSlaveResource
[INFO] Detect Resource:com.hubspot.singularity.resources.UsageResource
[INFO] Detect Resource:com.hubspot.singularity.resources.S3LogResource
[INFO] Detect Resource:com.hubspot.singularity.resources.SlaveResource
[INFO] Detect Resource:com.hubspot.singularity.resources.SandboxResource
UNKNOWN TYPE: com.hubspot.singularity.SingularityPaginatedResponse
UNKNOWN TYPE: com.hubspot.singularity.SingularityPaginatedResponse
UNKNOWN TYPE: com.hubspot.singularity.SingularityPaginatedResponse
UNKNOWN TYPE: com.hubspot.singularity.SingularityPaginatedResponse
UNKNOWN TYPE: com.hubspot.singularity.SingularityPaginatedResponse
UNKNOWN TYPE: java.lang.Iterable
[INFO] Detect Resource:com.hubspot.singularity.resources.HistoryResource
UNKNOWN TYPE: java.lang.Iterable
[INFO] Detect Resource:com.hubspot.singularity.resources.RequestResource
[INFO] Detect Resource:com.hubspot.singularity.resources.TestResource
[INFO] Detect Resource:com.hubspot.singularity.resources.DeployResource
[INFO] Detect Resource:com.hubspot.singularity.resources.PriorityResource
[INFO] Detect Resource:com.hubspot.singularity.resources.StateResource
[INFO] Detect Resource:com.hubspot.singularity.resources.DisastersResource
[INFO] Detect Resource:com.hubspot.singularity.resources.RackResource
[INFO] Detect Resource:com.hubspot.singularity.resources.RequestGroupResource
[INFO] Detect Resource:com.hubspot.singularity.resources.WebhookResource
UNKNOWN TYPE: java.lang.Iterable
UNKNOWN TYPE: java.lang.Iterable
UNKNOWN TYPE: java.lang.Iterable
UNKNOWN TYPE: java.lang.Iterable
UNKNOWN TYPE: java.lang.Iterable
UNKNOWN TYPE: java.lang.Iterable
[INFO] Detect Resource:com.hubspot.singularity.resources.TaskResource
[INFO] Writing doc to /root/workspace/HubSpot/Singularity/218579395/SingularityService/target/classes/assets/api-docs/index.html...
[INFO] Done!
[INFO] Creating file /root/workspace/HubSpot/Singularity/218579395/SingularityService/target/classes/assets/api-docs/service.json
[INFO] Creating file /root/workspace/HubSpot/Singularity/218579395/SingularityService/target/classes/assets/api-docs/api_disasters.json
[INFO] Creating file /root/workspace/HubSpot/Singularity/218579395/SingularityService/target/classes/assets/api-docs/api_usage.json
[INFO] Creating file /root/workspace/HubSpot/Singularity/218579395/SingularityService/target/classes/assets/api-docs/api_logs.json
[INFO] Creating file /root/workspace/HubSpot/Singularity/218579395/SingularityService/target/classes/assets/api-docs/api_slaves.json
[INFO] Creating file /root/workspace/HubSpot/Singularity/218579395/SingularityService/target/classes/assets/api-docs/api_sandbox.json
[INFO] Creating file /root/workspace/HubSpot/Singularity/218579395/SingularityService/target/classes/assets/api-docs/api_history.json
[INFO] Creating file /root/workspace/HubSpot/Singularity/218579395/SingularityService/target/classes/assets/api-docs/api_requests.json
[INFO] Creating file /root/workspace/HubSpot/Singularity/218579395/SingularityService/target/classes/assets/api-docs/api_test.json
[INFO] Creating file /root/workspace/HubSpot/Singularity/218579395/SingularityService/target/classes/assets/api-docs/api_deploys.json
[INFO] Creating file /root/workspace/HubSpot/Singularity/218579395/SingularityService/target/classes/assets/api-docs/api_priority.json
[INFO] Creating file /root/workspace/HubSpot/Singularity/218579395/SingularityService/target/classes/assets/api-docs/api_state.json
[INFO] Creating file /root/workspace/HubSpot/Singularity/218579395/SingularityService/target/classes/assets/api-docs/api_disasters.json
[INFO] Creating file /root/workspace/HubSpot/Singularity/218579395/SingularityService/target/classes/assets/api-docs/api_racks.json
[INFO] Creating file /root/workspace/HubSpot/Singularity/218579395/SingularityService/target/classes/assets/api-docs/api_groups.json
[INFO] Creating file /root/workspace/HubSpot/Singularity/218579395/SingularityService/target/classes/assets/api-docs/api_webhooks.json
[INFO] Creating file /root/workspace/HubSpot/Singularity/218579395/SingularityService/target/classes/assets/api-docs/api_tasks.json
[INFO] 
[INFO] --- maven-resources-plugin:2.7:testResources (default-testResources) @ SingularityService ---
[INFO] Using 'UTF-8' encoding to copy filtered resources.
[INFO] Copying 3 resources
[INFO] 
[INFO] --- maven-compiler-plugin:3.3:testCompile (default-testCompile) @ SingularityService ---
[INFO] Nothing to compile - all classes are up to date
[INFO] 
[INFO] --- maven-surefire-plugin:2.19:test (default-test) @ SingularityService ---

-------------------------------------------------------
 T E S T S
-------------------------------------------------------
Running com.hubspot.singularity.SingularityS3Test
Running com.hubspot.singularity.scheduler.SingularityHealthchecksTest
Running com.hubspot.singularity.helpers.RFC5545ScheduleTest
Running com.hubspot.singularity.config.MergingSourceProviderTest
Tests run: 1, Failures: 0, Errors: 0, Skipped: 0, Time elapsed: 0.964 sec - in com.hubspot.singularity.SingularityS3Test
Running com.hubspot.singularity.scheduler.SingularityUsageTest
Tests run: 3, Failures: 0, Errors: 0, Skipped: 0, Time elapsed: 1.657 sec - in com.hubspot.singularity.helpers.RFC5545ScheduleTest
Running com.hubspot.singularity.SingularityAuthorizationHelperTest
15:18:02.295 [main] WARN com.squarespace.jersey2.guice.JerseyGuiceUtils - It appears jersey2-guice-spi is either not present or in conflict with some other Jar: ServiceLocatorGeneratorImpl(hk2-locator, 796774130)
15:18:02.373 [main] INFO com.squarespace.jersey2.guice.JerseyGuiceUtils - Attempting to install (using relfection) a Guice-aware ServiceLocatorFactory...
15:18:02.594 [main] WARN com.squarespace.jersey2.guice.JerseyGuiceUtils - It appears jersey2-guice-spi is either not present or in conflict with some other Jar: ServiceLocatorGeneratorImpl(hk2-locator, 874981105)
15:18:02.644 [main] INFO com.squarespace.jersey2.guice.JerseyGuiceUtils - Attempting to install (using relfection) a Guice-aware ServiceLocatorFactory...
15:18:02.912 [main] WARN com.squarespace.jersey2.guice.JerseyGuiceUtils - It appears jersey2-guice-spi is either not present or in conflict with some other Jar: ServiceLocatorGeneratorImpl(hk2-locator, 1457417579)
15:18:02.968 [main] INFO com.squarespace.jersey2.guice.JerseyGuiceUtils - Attempting to install (using relfection) a Guice-aware ServiceLocatorFactory...
15:18:05.975 [main] DEBUG org.eclipse.jetty.util.log - Logging to Logger[org.eclipse.jetty.util.log] via org.eclipse.jetty.util.log.Slf4jLog
15:18:06.003 [main] INFO org.eclipse.jetty.util.log - Logging initialized @7479ms
15:18:06.133 [main] DEBUG org.eclipse.jetty.util.DecoratedObjectFactory - Adding Decorator: org.eclipse.jetty.util.DeprecationWarning@68feca3a
15:18:06.191 [main] DEBUG org.eclipse.jetty.util.component.ContainerLifeCycle - i.d.j.MutableServletContextHandler@3b764e66{/,null,null} added {org.eclipse.jetty.servlet.ServletHandler@38834000,MANAGED}
15:18:06.196 [main] DEBUG org.eclipse.jetty.util.DecoratedObjectFactory - Adding Decorator: org.eclipse.jetty.util.DeprecationWarning@59845a40
15:18:06.212 [main] DEBUG org.eclipse.jetty.util.component.ContainerLifeCycle - i.d.j.MutableServletContextHandler@3c4e17ea{/,null,null} added {org.eclipse.jetty.servlet.ServletHandler@285ac40b,MANAGED}
15:18:06.309 [main] DEBUG org.eclipse.jetty.util.component.ContainerLifeCycle - org.eclipse.jetty.servlet.ServletHandler@285ac40b added {tasks@6907b8e==io.dropwizard.servlets.tasks.TaskServlet,1,true,AUTO}
15:18:06.336 [main] DEBUG org.eclipse.jetty.util.component.ContainerLifeCycle - org.eclipse.jetty.servlet.ServletHandler@285ac40b added {[/tasks/*]=>tasks,POJO}
15:18:06.356 [main] DEBUG org.eclipse.jetty.util.log - Logging to Logger[org.eclipse.jetty.util.log] via org.eclipse.jetty.util.log.Slf4jLog
15:18:06.388 [main] INFO org.eclipse.jetty.util.log - Logging initialized @7878ms
15:18:06.436 [main] DEBUG org.eclipse.jetty.util.log - Logging to Logger[org.eclipse.jetty.util.log] via org.eclipse.jetty.util.log.Slf4jLog
15:18:06.462 [main] INFO org.eclipse.jetty.util.log - Logging initialized @7956ms
15:18:06.480 [main] DEBUG org.eclipse.jetty.util.DecoratedObjectFactory - Adding Decorator: org.eclipse.jetty.util.DeprecationWarning@565efd7d
15:18:06.526 [main] DEBUG org.eclipse.jetty.util.component.ContainerLifeCycle - i.d.j.MutableServletContextHandler@2a30b0cb{/,null,null} added {org.eclipse.jetty.servlet.ServletHandler@73d7d676,MANAGED}
15:18:06.544 [main] DEBUG org.eclipse.jetty.util.DecoratedObjectFactory - Adding Decorator: org.eclipse.jetty.util.DeprecationWarning@b548f51
15:18:06.551 [main] DEBUG org.eclipse.jetty.util.component.ContainerLifeCycle - i.d.j.MutableServletContextHandler@71f4aeb6{/,null,null} added {org.eclipse.jetty.servlet.ServletHandler@56976b8b,MANAGED}
15:18:06.553 [main] DEBUG org.eclipse.jetty.util.DecoratedObjectFactory - Adding Decorator: org.eclipse.jetty.util.DeprecationWarning@18356951
15:18:06.597 [main] DEBUG org.eclipse.jetty.util.component.ContainerLifeCycle - i.d.j.MutableServletContextHandler@45302e66{/,null,null} added {org.eclipse.jetty.servlet.ServletHandler@47c422d3,MANAGED}
15:18:06.617 [main] DEBUG org.eclipse.jetty.util.DecoratedObjectFactory - Adding Decorator: org.eclipse.jetty.util.DeprecationWarning@294bb6ae
15:18:06.618 [main] DEBUG org.eclipse.jetty.util.component.ContainerLifeCycle - i.d.j.MutableServletContextHandler@4172c967{/,null,null} added {org.eclipse.jetty.servlet.ServletHandler@71ac5723,MANAGED}
15:18:06.653 [main] DEBUG org.eclipse.jetty.util.component.ContainerLifeCycle - org.eclipse.jetty.servlet.ServletHandler@56976b8b added {tasks@6907b8e==io.dropwizard.servlets.tasks.TaskServlet,1,true,AUTO}
15:18:06.659 [main] DEBUG org.eclipse.jetty.util.component.ContainerLifeCycle - org.eclipse.jetty.servlet.ServletHandler@56976b8b added {[/tasks/*]=>tasks,POJO}
15:18:06.731 [main] DEBUG org.eclipse.jetty.util.component.ContainerLifeCycle - org.eclipse.jetty.servlet.ServletHandler@71ac5723 added {tasks@6907b8e==io.dropwizard.servlets.tasks.TaskServlet,1,true,AUTO}
15:18:06.745 [main] DEBUG org.eclipse.jetty.util.component.ContainerLifeCycle - org.eclipse.jetty.servlet.ServletHandler@71ac5723 added {[/tasks/*]=>tasks,POJO}
Tests run: 14, Failures: 0, Errors: 0, Skipped: 0, Time elapsed: 8.553 sec - in com.hubspot.singularity.SingularityAuthorizationHelperTest
Running com.hubspot.singularity.data.zkmigrations.ZkMigrationTest
15:18:11.035 [main] WARN com.squarespace.jersey2.guice.JerseyGuiceUtils - It appears jersey2-guice-spi is either not present or in conflict with some other Jar: ServiceLocatorGeneratorImpl(hk2-locator, 1356246919)
15:18:11.065 [main] INFO com.squarespace.jersey2.guice.JerseyGuiceUtils - Attempting to install (using relfection) a Guice-aware ServiceLocatorFactory...
15:18:13.768 [main] DEBUG org.eclipse.jetty.util.log - Logging to Logger[org.eclipse.jetty.util.log] via org.eclipse.jetty.util.log.Slf4jLog
15:18:13.795 [main] INFO org.eclipse.jetty.util.log - Logging initialized @15292ms
15:18:13.860 [main] DEBUG org.eclipse.jetty.util.DecoratedObjectFactory - Adding Decorator: org.eclipse.jetty.util.DeprecationWarning@77480751
15:18:13.887 [main] DEBUG org.eclipse.jetty.util.component.ContainerLifeCycle - i.d.j.MutableServletContextHandler@492b12e5{/,null,null} added {org.eclipse.jetty.servlet.ServletHandler@20ff27a4,MANAGED}
15:18:13.892 [main] DEBUG org.eclipse.jetty.util.DecoratedObjectFactory - Adding Decorator: org.eclipse.jetty.util.DeprecationWarning@1c63aa5d
15:18:13.895 [main] DEBUG org.eclipse.jetty.util.component.ContainerLifeCycle - i.d.j.MutableServletContextHandler@67a2fb00{/,null,null} added {org.eclipse.jetty.servlet.ServletHandler@6145981c,MANAGED}
15:18:13.993 [main] DEBUG org.eclipse.jetty.util.component.ContainerLifeCycle - org.eclipse.jetty.servlet.ServletHandler@6145981c added {tasks@6907b8e==io.dropwizard.servlets.tasks.TaskServlet,1,true,AUTO}
15:18:14.011 [main] DEBUG org.eclipse.jetty.util.component.ContainerLifeCycle - org.eclipse.jetty.servlet.ServletHandler@6145981c added {[/tasks/*]=>tasks,POJO}
15:18:25.655 [healthcheck-pool-0] ERROR com.hubspot.singularity.scheduler.SingularityHealthchecker - Caught throwable while saving health check result for test-request-retry_test-1503501503191-1-host1-rack1, will re-enqueue
java.lang.IllegalStateException: instance must be started before calling this method
	at com.google.common.base.Preconditions.checkState(Preconditions.java:174)
	at org.apache.curator.framework.imps.CuratorFrameworkImpl.checkExists(CuratorFrameworkImpl.java:355)
	at com.hubspot.singularity.data.CuratorManager.checkExists(CuratorManager.java:109)
	at com.hubspot.singularity.data.CuratorManager.exists(CuratorManager.java:122)
	at com.hubspot.singularity.data.TaskManager.canSaveNewHealthcheck(TaskManager.java:314)
	at com.hubspot.singularity.data.TaskManager.saveHealthcheckResult(TaskManager.java:303)
	at com.hubspot.singularity.scheduler.SingularityHealthcheckAsyncHandler.saveResult(SingularityHealthcheckAsyncHandler.java:76)
	at com.hubspot.singularity.scheduler.SingularityHealthchecker.saveFailure(SingularityHealthchecker.java:236)
	at com.hubspot.singularity.scheduler.SingularityHealthchecker.asyncHealthcheck(SingularityHealthchecker.java:274)
	at com.hubspot.singularity.scheduler.SingularityHealthchecker.access$000(SingularityHealthchecker.java:44)
	at com.hubspot.singularity.scheduler.SingularityHealthchecker$1.run(SingularityHealthchecker.java:185)
	at java.util.concurrent.Executors$RunnableAdapter.call(Executors.java:511)
	at java.util.concurrent.FutureTask.run(FutureTask.java:266)
	at java.util.concurrent.ScheduledThreadPoolExecutor$ScheduledFutureTask.access$201(ScheduledThreadPoolExecutor.java:180)
	at java.util.concurrent.ScheduledThreadPoolExecutor$ScheduledFutureTask.run(ScheduledThreadPoolExecutor.java:293)
	at java.util.concurrent.ThreadPoolExecutor.runWorker(ThreadPoolExecutor.java:1142)
	at java.util.concurrent.ThreadPoolExecutor$Worker.run(ThreadPoolExecutor.java:617)
	at java.lang.Thread.run(Thread.java:745)
15:18:25.661 [healthcheck-pool-0] ERROR com.hubspot.singularity.scheduler.SingularityHealthchecker - Caught throwable while re-enqueuing health check for test-request-retry_test-1503501503191-1-host1-rack1, aborting
java.lang.IllegalStateException: instance must be started before calling this method
	at com.google.common.base.Preconditions.checkState(Preconditions.java:174)
	at org.apache.curator.framework.imps.CuratorFrameworkImpl.getChildren(CuratorFrameworkImpl.java:379)
	at com.hubspot.singularity.data.CuratorManager.getChildren(CuratorManager.java:130)
	at com.hubspot.singularity.data.CuratorAsyncManager.getAsyncChildrenThrows(CuratorAsyncManager.java:53)
	at com.hubspot.singularity.data.CuratorAsyncManager.getAsyncChildren(CuratorAsyncManager.java:253)
	at com.hubspot.singularity.data.TaskManager.getTaskHistoryUpdates(TaskManager.java:409)
	at com.hubspot.singularity.scheduler.SingularityHealthchecker.enqueueHealthcheck(SingularityHealthchecker.java:83)
	at com.hubspot.singularity.scheduler.SingularityHealthchecker.reEnqueueOrAbort(SingularityHealthchecker.java:199)
	at com.hubspot.singularity.scheduler.SingularityHealthcheckAsyncHandler.saveResult(SingularityHealthcheckAsyncHandler.java:101)
	at com.hubspot.singularity.scheduler.SingularityHealthchecker.saveFailure(SingularityHealthchecker.java:236)
	at com.hubspot.singularity.scheduler.SingularityHealthchecker.asyncHealthcheck(SingularityHealthchecker.java:274)
	at com.hubspot.singularity.scheduler.SingularityHealthchecker.access$000(SingularityHealthchecker.java:44)
	at com.hubspot.singularity.scheduler.SingularityHealthchecker$1.run(SingularityHealthchecker.java:185)
	at java.util.concurrent.Executors$RunnableAdapter.call(Executors.java:511)
	at java.util.concurrent.FutureTask.run(FutureTask.java:266)
	at java.util.concurrent.ScheduledThreadPoolExecutor$ScheduledFutureTask.access$201(ScheduledThreadPoolExecutor.java:180)
	at java.util.concurrent.ScheduledThreadPoolExecutor$ScheduledFutureTask.run(ScheduledThreadPoolExecutor.java:293)
	at java.util.concurrent.ThreadPoolExecutor.runWorker(ThreadPoolExecutor.java:1142)
	at java.util.concurrent.ThreadPoolExecutor$Worker.run(ThreadPoolExecutor.java:617)
	at java.lang.Thread.run(Thread.java:745)
15:18:26.035 [SingularityStatePoller] ERROR com.hubspot.singularity.SingularityLeaderController - Caught exception while saving state
java.lang.RuntimeException: java.lang.InterruptedException
	at com.google.common.base.Throwables.propagate(Throwables.java:160)
	at com.hubspot.singularity.data.StateManager.save(StateManager.java:101)
	at com.hubspot.singularity.SingularityLeaderController$StatePoller.run(SingularityLeaderController.java:209)
Caused by: java.lang.InterruptedException: null
	at java.lang.Object.wait(Native Method)
	at java.lang.Object.wait(Object.java:502)
	at org.apache.zookeeper.ClientCnxn.submitRequest(ClientCnxn.java:1342)
	at org.apache.zookeeper.ZooKeeper.create(ZooKeeper.java:781)
	at org.apache.curator.framework.imps.CreateBuilderImpl$11.call(CreateBuilderImpl.java:696)
	at org.apache.curator.framework.imps.CreateBuilderImpl$11.call(CreateBuilderImpl.java:679)
	at org.apache.curator.RetryLoop.callWithRetry(RetryLoop.java:107)
	at org.apache.curator.framework.imps.CreateBuilderImpl.pathInForeground(CreateBuilderImpl.java:676)
	at org.apache.curator.framework.imps.CreateBuilderImpl.protectedPathInForeground(CreateBuilderImpl.java:453)
	at org.apache.curator.framework.imps.CreateBuilderImpl.forPath(CreateBuilderImpl.java:443)
	at org.apache.curator.framework.imps.CreateBuilderImpl.forPath(CreateBuilderImpl.java:44)
	at com.hubspot.singularity.data.StateManager.save(StateManager.java:98)
	... 1 common frames omitted
Tests run: 3, Failures: 0, Errors: 0, Skipped: 0, Time elapsed: 25.172 sec - in com.hubspot.singularity.config.MergingSourceProviderTest
Running com.hubspot.singularity.mesos.SingularityStartupTest
Tests run: 3, Failures: 0, Errors: 0, Skipped: 0, Time elapsed: 16.422 sec - in com.hubspot.singularity.data.zkmigrations.ZkMigrationTest
Running com.hubspot.singularity.JavaUtilsTest
Tests run: 2, Failures: 0, Errors: 0, Skipped: 0, Time elapsed: 0.325 sec - in com.hubspot.singularity.JavaUtilsTest
Running com.hubspot.singularity.scheduler.SingularityMachineStatesTest
Tests run: 3, Failures: 0, Errors: 0, Skipped: 0, Time elapsed: 27.12 sec - in com.hubspot.singularity.scheduler.SingularityUsageTest
Running com.hubspot.singularity.scheduler.SingularityDeploysTest
15:18:29.833 [healthcheck-pool-0] ERROR com.hubspot.singularity.scheduler.SingularityHealthchecker - Caught throwable while saving health check result for test-request-firstDeployId-1503501507786-1-host1-rack1, will re-enqueue
java.lang.IllegalStateException: instance must be started before calling this method
	at com.google.common.base.Preconditions.checkState(Preconditions.java:174)
	at org.apache.curator.framework.imps.CuratorFrameworkImpl.checkExists(CuratorFrameworkImpl.java:355)
	at com.hubspot.singularity.data.CuratorManager.checkExists(CuratorManager.java:109)
	at com.hubspot.singularity.data.CuratorManager.exists(CuratorManager.java:122)
	at com.hubspot.singularity.data.TaskManager.canSaveNewHealthcheck(TaskManager.java:314)
	at com.hubspot.singularity.data.TaskManager.saveHealthcheckResult(TaskManager.java:303)
	at com.hubspot.singularity.scheduler.SingularityHealthcheckAsyncHandler.saveResult(SingularityHealthcheckAsyncHandler.java:76)
	at com.hubspot.singularity.scheduler.SingularityHealthchecker.saveFailure(SingularityHealthchecker.java:236)
	at com.hubspot.singularity.scheduler.SingularityHealthchecker.asyncHealthcheck(SingularityHealthchecker.java:274)
	at com.hubspot.singularity.scheduler.SingularityHealthchecker.access$000(SingularityHealthchecker.java:44)
	at com.hubspot.singularity.scheduler.SingularityHealthchecker$1.run(SingularityHealthchecker.java:185)
	at java.util.concurrent.Executors$RunnableAdapter.call(Executors.java:511)
	at java.util.concurrent.FutureTask.run(FutureTask.java:266)
	at java.util.concurrent.ScheduledThreadPoolExecutor$ScheduledFutureTask.access$201(ScheduledThreadPoolExecutor.java:180)
	at java.util.concurrent.ScheduledThreadPoolExecutor$ScheduledFutureTask.run(ScheduledThreadPoolExecutor.java:293)
	at java.util.concurrent.ThreadPoolExecutor.runWorker(ThreadPoolExecutor.java:1142)
	at java.util.concurrent.ThreadPoolExecutor$Worker.run(ThreadPoolExecutor.java:617)
	at java.lang.Thread.run(Thread.java:745)
15:18:29.837 [healthcheck-pool-0] ERROR com.hubspot.singularity.scheduler.SingularityHealthchecker - Caught throwable while re-enqueuing health check for test-request-firstDeployId-1503501507786-1-host1-rack1, aborting
java.lang.IllegalStateException: instance must be started before calling this method
	at com.google.common.base.Preconditions.checkState(Preconditions.java:174)
	at org.apache.curator.framework.imps.CuratorFrameworkImpl.getChildren(CuratorFrameworkImpl.java:379)
	at com.hubspot.singularity.data.CuratorManager.getChildren(CuratorManager.java:130)
	at com.hubspot.singularity.data.CuratorAsyncManager.getAsyncChildrenThrows(CuratorAsyncManager.java:53)
	at com.hubspot.singularity.data.CuratorAsyncManager.getAsyncChildren(CuratorAsyncManager.java:253)
	at com.hubspot.singularity.data.TaskManager.getTaskHistoryUpdates(TaskManager.java:409)
	at com.hubspot.singularity.scheduler.SingularityHealthchecker.enqueueHealthcheck(SingularityHealthchecker.java:83)
	at com.hubspot.singularity.scheduler.SingularityHealthchecker.reEnqueueOrAbort(SingularityHealthchecker.java:199)
	at com.hubspot.singularity.scheduler.SingularityHealthcheckAsyncHandler.saveResult(SingularityHealthcheckAsyncHandler.java:101)
	at com.hubspot.singularity.scheduler.SingularityHealthchecker.saveFailure(SingularityHealthchecker.java:236)
	at com.hubspot.singularity.scheduler.SingularityHealthchecker.asyncHealthcheck(SingularityHealthchecker.java:274)
	at com.hubspot.singularity.scheduler.SingularityHealthchecker.access$000(SingularityHealthchecker.java:44)
	at com.hubspot.singularity.scheduler.SingularityHealthchecker$1.run(SingularityHealthchecker.java:185)
	at java.util.concurrent.Executors$RunnableAdapter.call(Executors.java:511)
	at java.util.concurrent.FutureTask.run(FutureTask.java:266)
	at java.util.concurrent.ScheduledThreadPoolExecutor$ScheduledFutureTask.access$201(ScheduledThreadPoolExecutor.java:180)
	at java.util.concurrent.ScheduledThreadPoolExecutor$ScheduledFutureTask.run(ScheduledThreadPoolExecutor.java:293)
	at java.util.concurrent.ThreadPoolExecutor.runWorker(ThreadPoolExecutor.java:1142)
	at java.util.concurrent.ThreadPoolExecutor$Worker.run(ThreadPoolExecutor.java:617)
	at java.lang.Thread.run(Thread.java:745)
Tests run: 5, Failures: 0, Errors: 0, Skipped: 0, Time elapsed: 11.883 sec - in com.hubspot.singularity.mesos.SingularityStartupTest
Running com.hubspot.singularity.scheduler.MesosUtilsTest
Tests run: 5, Failures: 0, Errors: 0, Skipped: 0, Time elapsed: 0.047 sec - in com.hubspot.singularity.scheduler.MesosUtilsTest
Running com.hubspot.singularity.scheduler.HistoryPersisterTest
15:18:50.909 [check-new-task-pool-1] ERROR com.hubspot.singularity.scheduler.SingularityNewTaskChecker - Uncaught throwable in task check for task SingularityTask{taskRequest=SingularityTaskRequest{request=SingularityRequest{id='test-request', requestType=WORKER, owners=Optional.absent(), numRetriesOnFailure=Optional.absent(), schedule=Optional.absent(), quartzSchedule=Optional.absent(), scheduleType=Optional.absent(), scheduleTimeZone=Optional.absent(), killOldNonLongRunningTasksAfterMillis=Optional.absent(), taskExecutionTimeLimitMillis=Optional.absent(), scheduledExpectedRuntimeMillis=Optional.absent(), waitAtLeastMillisAfterTaskFinishesForReschedule=Optional.absent(), instances=Optional.absent(), skipHealthchecks=Optional.absent(), rackSensitive=Optional.absent(), rackAffinity=Optional.absent(), slavePlacement=Optional.absent(), requiredSlaveAttributes=Optional.absent(), allowedSlaveAttributes=Optional.absent(), loadBalanced=Optional.of(true), group=Optional.absent(), requiredRole=Optional.absent(), readWriteGroups=Optional.absent(), readOnlyGroups=Optional.absent(), bounceAfterScale=Optional.absent(), emailConfigurationOverrides=Optional.absent(), hideEvenNumberAcrossRacksHint=Optional.absent(), taskLogErrorRegex=Optional.absent(), taskLogErrorRegexCaseSensitive=Optional.absent(), taskPriorityLevel=Optional.absent(), maxTasksPerOffer=Optional.absent(), allowBounceToSameHost=Optional.absent()}, deploy=SingularityDeploy{requestId='test-request', id='firstDeployId', version=Optional.absent(), timestamp=Optional.absent(), metadata=Optional.absent(), containerInfo=Optional.absent(), customExecutorCmd=Optional.absent(), customExecutorId=Optional.absent(), customExecutorSource=Optional.absent(), customExecutorResources=Optional.absent(), resources=Optional.absent(), command=Optional.of(sleep 100), arguments=Optional.absent(), env=Optional.absent(), uris=Optional.absent(), executorData=Optional.absent(), labels=Optional.absent(), mesosLabels=Optional.absent(), taskLabels=Optional.absent(), mesosTaskLabels=Optional.absent(), taskEnv=Optional.absent(), healthcheckUri=Optional.absent(), healthcheckIntervalSeconds=Optional.absent(), healthcheckTimeoutSeconds=Optional.absent(), healthcheckPortIndex=Optional.absent(), healthcheckProtocol=Optional.absent(), healthcheckMaxRetries=Optional.absent(), healthcheckMaxTotalTimeoutSeconds=Optional.absent(), healthcheck=Optional.absent(), skipHealthchecksOnDeploy=Optional.absent(), deployHealthTimeoutSeconds=Optional.absent(), considerHealthyAfterRunningForSeconds=Optional.absent(), serviceBasePath=Optional.absent(), loadBalancerGroups=Optional.absent(), loadBalancerPortIndex=Optional.absent(), loadBalancerOptions=Optional.absent(), loadBalancerDomains=Optional.absent(), loadBalancerAdditionalRoutes=Optional.absent(), loadBalancerTemplate=Optional.absent(), loadBalancerServiceIdOverride=Optional.absent(), loadBalancerUpstreamGroup=Optional.absent(), deployInstanceCountPerStep=Optional.absent(), deployStepWaitTimeMs=Optional.absent(), autoAdvanceDeploySteps=Optional.absent(), maxTaskRetries=Optional.absent(), shell=Optional.absent(), user=Optional.absent()}, pendingTask=SingularityPendingTask{pendingTaskId=test-request-firstDeployId-1503490729885-2-IMMEDIATE-1503490729885, cmdLineArgsList=Optional.absent(), user=Optional.absent(), runId=Optional.absent(), skipHealthchecks=Optional.absent(), message=Optional.absent(), resources=Optional.absent(), actionId=Optional.absent()}}, offer=id { value: "offer79"}framework_id { value: "framework1"}slave_id { value: "slave1"}hostname: "host1"resources { name: "cpus" type: SCALAR scalar { value: 125.0 }}resources { name: "mem" type: SCALAR scalar { value: 1024.0 }}resources { name: "ports" type: RANGES ranges { }}attributes { name: "rackid" type: TEXT text { value: "DEFAULT" }}, mesosTask=name: "name"task_id { value: "test-request-firstDeployId-1503490729885-2-host1-rack1"}slave_id { value: "slave1"}, rackId=Optional.of(rack1)}, re-enqueing
java.lang.IllegalStateException: instance must be started before calling this method
	at com.google.common.base.Preconditions.checkState(Preconditions.java:174)
	at org.apache.curator.framework.imps.CuratorFrameworkImpl.getData(CuratorFrameworkImpl.java:363)
	at com.hubspot.singularity.data.CuratorManager.getData(CuratorManager.java:256)
	at com.hubspot.singularity.data.CuratorManager.getData(CuratorManager.java:289)
	at com.hubspot.singularity.data.RequestManager.getRequest(RequestManager.java:331)
	at com.hubspot.singularity.scheduler.SingularityNewTaskChecker$1.run(SingularityNewTaskChecker.java:199)
	at java.util.concurrent.Executors$RunnableAdapter.call(Executors.java:511)
	at java.util.concurrent.FutureTask.run(FutureTask.java:266)
	at java.util.concurrent.ScheduledThreadPoolExecutor$ScheduledFutureTask.access$201(ScheduledThreadPoolExecutor.java:180)
	at java.util.concurrent.ScheduledThreadPoolExecutor$ScheduledFutureTask.run(ScheduledThreadPoolExecutor.java:293)
	at java.util.concurrent.ThreadPoolExecutor.runWorker(ThreadPoolExecutor.java:1142)
	at java.util.concurrent.ThreadPoolExecutor$Worker.run(ThreadPoolExecutor.java:617)
	at java.lang.Thread.run(Thread.java:745)
15:18:50.923 [check-new-task-pool-1] ERROR com.hubspot.singularity.scheduler.SingularityNewTaskChecker - Uncaught throwable re-enqueuing task check for task SingularityTask{taskRequest=SingularityTaskRequest{request=SingularityRequest{id='test-request', requestType=WORKER, owners=Optional.absent(), numRetriesOnFailure=Optional.absent(), schedule=Optional.absent(), quartzSchedule=Optional.absent(), scheduleType=Optional.absent(), scheduleTimeZone=Optional.absent(), killOldNonLongRunningTasksAfterMillis=Optional.absent(), taskExecutionTimeLimitMillis=Optional.absent(), scheduledExpectedRuntimeMillis=Optional.absent(), waitAtLeastMillisAfterTaskFinishesForReschedule=Optional.absent(), instances=Optional.absent(), skipHealthchecks=Optional.absent(), rackSensitive=Optional.absent(), rackAffinity=Optional.absent(), slavePlacement=Optional.absent(), requiredSlaveAttributes=Optional.absent(), allowedSlaveAttributes=Optional.absent(), loadBalanced=Optional.of(true), group=Optional.absent(), requiredRole=Optional.absent(), readWriteGroups=Optional.absent(), readOnlyGroups=Optional.absent(), bounceAfterScale=Optional.absent(), emailConfigurationOverrides=Optional.absent(), hideEvenNumberAcrossRacksHint=Optional.absent(), taskLogErrorRegex=Optional.absent(), taskLogErrorRegexCaseSensitive=Optional.absent(), taskPriorityLevel=Optional.absent(), maxTasksPerOffer=Optional.absent(), allowBounceToSameHost=Optional.absent()}, deploy=SingularityDeploy{requestId='test-request', id='firstDeployId', version=Optional.absent(), timestamp=Optional.absent(), metadata=Optional.absent(), containerInfo=Optional.absent(), customExecutorCmd=Optional.absent(), customExecutorId=Optional.absent(), customExecutorSource=Optional.absent(), customExecutorResources=Optional.absent(), resources=Optional.absent(), command=Optional.of(sleep 100), arguments=Optional.absent(), env=Optional.absent(), uris=Optional.absent(), executorData=Optional.absent(), labels=Optional.absent(), mesosLabels=Optional.absent(), taskLabels=Optional.absent(), mesosTaskLabels=Optional.absent(), taskEnv=Optional.absent(), healthcheckUri=Optional.absent(), healthcheckIntervalSeconds=Optional.absent(), healthcheckTimeoutSeconds=Optional.absent(), healthcheckPortIndex=Optional.absent(), healthcheckProtocol=Optional.absent(), healthcheckMaxRetries=Optional.absent(), healthcheckMaxTotalTimeoutSeconds=Optional.absent(), healthcheck=Optional.absent(), skipHealthchecksOnDeploy=Optional.absent(), deployHealthTimeoutSeconds=Optional.absent(), considerHealthyAfterRunningForSeconds=Optional.absent(), serviceBasePath=Optional.absent(), loadBalancerGroups=Optional.absent(), loadBalancerPortIndex=Optional.absent(), loadBalancerOptions=Optional.absent(), loadBalancerDomains=Optional.absent(), loadBalancerAdditionalRoutes=Optional.absent(), loadBalancerTemplate=Optional.absent(), loadBalancerServiceIdOverride=Optional.absent(), loadBalancerUpstreamGroup=Optional.absent(), deployInstanceCountPerStep=Optional.absent(), deployStepWaitTimeMs=Optional.absent(), autoAdvanceDeploySteps=Optional.absent(), maxTaskRetries=Optional.absent(), shell=Optional.absent(), user=Optional.absent()}, pendingTask=SingularityPendingTask{pendingTaskId=test-request-firstDeployId-1503490729885-2-IMMEDIATE-1503490729885, cmdLineArgsList=Optional.absent(), user=Optional.absent(), runId=Optional.absent(), skipHealthchecks=Optional.absent(), message=Optional.absent(), resources=Optional.absent(), actionId=Optional.absent()}}, offer=id { value: "offer79"}framework_id { value: "framework1"}slave_id { value: "slave1"}hostname: "host1"resources { name: "cpus" type: SCALAR scalar { value: 125.0 }}resources { name: "mem" type: SCALAR scalar { value: 1024.0 }}resources { name: "ports" type: RANGES ranges { }}attributes { name: "rackid" type: TEXT text { value: "DEFAULT" }}, mesosTask=name: "name"task_id { value: "test-request-firstDeployId-1503490729885-2-host1-rack1"}slave_id { value: "slave1"}, rackId=Optional.of(rack1)}, aborting
java.util.concurrent.RejectedExecutionException: Task java.util.concurrent.ScheduledThreadPoolExecutor$ScheduledFutureTask@4de9f33c rejected from java.util.concurrent.ScheduledThreadPoolExecutor@432e04f1[Shutting down, pool size = 2, active threads = 1, queued tasks = 0, completed tasks = 0]
	at java.util.concurrent.ThreadPoolExecutor$AbortPolicy.rejectedExecution(ThreadPoolExecutor.java:2047)
	at java.util.concurrent.ThreadPoolExecutor.reject(ThreadPoolExecutor.java:823)
	at java.util.concurrent.ScheduledThreadPoolExecutor.delayedExecute(ScheduledThreadPoolExecutor.java:326)
	at java.util.concurrent.ScheduledThreadPoolExecutor.schedule(ScheduledThreadPoolExecutor.java:533)
	at com.hubspot.singularity.scheduler.SingularityNewTaskChecker.enqueueCheckWithDelay(SingularityNewTaskChecker.java:240)
	at com.hubspot.singularity.scheduler.SingularityNewTaskChecker.reEnqueueCheck(SingularityNewTaskChecker.java:234)
	at com.hubspot.singularity.scheduler.SingularityNewTaskChecker.reEnqueueCheckOrAbort(SingularityNewTaskChecker.java:225)
	at com.hubspot.singularity.scheduler.SingularityNewTaskChecker.access$600(SingularityNewTaskChecker.java:56)
	at com.hubspot.singularity.scheduler.SingularityNewTaskChecker$1.run(SingularityNewTaskChecker.java:217)
	at java.util.concurrent.Executors$RunnableAdapter.call(Executors.java:511)
	at java.util.concurrent.FutureTask.run(FutureTask.java:266)
	at java.util.concurrent.ScheduledThreadPoolExecutor$ScheduledFutureTask.access$201(ScheduledThreadPoolExecutor.java:180)
	at java.util.concurrent.ScheduledThreadPoolExecutor$ScheduledFutureTask.run(ScheduledThreadPoolExecutor.java:293)
	at java.util.concurrent.ThreadPoolExecutor.runWorker(ThreadPoolExecutor.java:1142)
	at java.util.concurrent.ThreadPoolExecutor$Worker.run(ThreadPoolExecutor.java:617)
	at java.lang.Thread.run(Thread.java:745)
Tests run: 6, Failures: 0, Errors: 0, Skipped: 0, Time elapsed: 14.886 sec - in com.hubspot.singularity.scheduler.HistoryPersisterTest
Running com.hubspot.singularity.data.SandboxManagerTest
15:18:57.272 [SingularityStatePoller] ERROR com.hubspot.singularity.SingularityLeaderController - Caught exception while saving state
java.lang.RuntimeException: java.lang.InterruptedException
	at com.google.common.base.Throwables.propagate(Throwables.java:160)
	at com.hubspot.singularity.data.StateManager.save(StateManager.java:101)
	at com.hubspot.singularity.SingularityLeaderController$StatePoller.run(SingularityLeaderController.java:209)
Caused by: java.lang.InterruptedException: null
	at java.lang.Object.wait(Native Method)
	at java.lang.Object.wait(Object.java:502)
	at org.apache.zookeeper.ClientCnxn.submitRequest(ClientCnxn.java:1342)
	at org.apache.zookeeper.ZooKeeper.setData(ZooKeeper.java:1268)
	at org.apache.curator.framework.imps.SetDataBuilderImpl$4.call(SetDataBuilderImpl.java:274)
	at org.apache.curator.framework.imps.SetDataBuilderImpl$4.call(SetDataBuilderImpl.java:270)
	at org.apache.curator.RetryLoop.callWithRetry(RetryLoop.java:107)
	at org.apache.curator.framework.imps.SetDataBuilderImpl.pathInForeground(SetDataBuilderImpl.java:267)
	at org.apache.curator.framework.imps.SetDataBuilderImpl.forPath(SetDataBuilderImpl.java:253)
	at org.apache.curator.framework.imps.SetDataBuilderImpl.forPath(SetDataBuilderImpl.java:41)
	at com.hubspot.singularity.data.StateManager.save(StateManager.java:96)
	... 1 common frames omitted
15:18:59.832 [SingularityStatePoller] ERROR com.hubspot.singularity.SingularityLeaderController - Caught exception while saving state
java.lang.RuntimeException: java.lang.InterruptedException
	at com.google.common.base.Throwables.propagate(Throwables.java:160)
	at com.hubspot.singularity.data.StateManager.save(StateManager.java:101)
	at com.hubspot.singularity.SingularityLeaderController$StatePoller.run(SingularityLeaderController.java:209)
Caused by: java.lang.InterruptedException: null
	at java.lang.Object.wait(Native Method)
	at java.lang.Object.wait(Object.java:502)
	at org.apache.zookeeper.ClientCnxn.submitRequest(ClientCnxn.java:1342)
	at org.apache.zookeeper.ZooKeeper.create(ZooKeeper.java:781)
	at org.apache.curator.framework.imps.CreateBuilderImpl$11.call(CreateBuilderImpl.java:696)
	at org.apache.curator.framework.imps.CreateBuilderImpl$11.call(CreateBuilderImpl.java:679)
	at org.apache.curator.RetryLoop.callWithRetry(RetryLoop.java:107)
	at org.apache.curator.framework.imps.CreateBuilderImpl.pathInForeground(CreateBuilderImpl.java:676)
	at org.apache.curator.framework.imps.CreateBuilderImpl.protectedPathInForeground(CreateBuilderImpl.java:453)
	at org.apache.curator.framework.imps.CreateBuilderImpl.forPath(CreateBuilderImpl.java:443)
	at org.apache.curator.framework.imps.CreateBuilderImpl.forPath(CreateBuilderImpl.java:44)
	at com.hubspot.singularity.data.StateManager.save(StateManager.java:98)
	... 1 common frames omitted
15:19:01.170 [SingularityStatePoller] ERROR com.hubspot.singularity.SingularityLeaderController - Caught exception while saving state
java.lang.RuntimeException: java.lang.InterruptedException
	at com.google.common.base.Throwables.propagate(Throwables.java:160)
	at com.hubspot.singularity.data.StateManager.save(StateManager.java:101)
	at com.hubspot.singularity.SingularityLeaderController$StatePoller.run(SingularityLeaderController.java:209)
Caused by: java.lang.InterruptedException: null
	at java.lang.Object.wait(Native Method)
	at java.lang.Object.wait(Object.java:502)
	at org.apache.zookeeper.ClientCnxn.submitRequest(ClientCnxn.java:1342)
	at org.apache.zookeeper.ZooKeeper.create(ZooKeeper.java:781)
	at org.apache.curator.framework.imps.CreateBuilderImpl$11.call(CreateBuilderImpl.java:696)
	at org.apache.curator.framework.imps.CreateBuilderImpl$11.call(CreateBuilderImpl.java:679)
	at org.apache.curator.RetryLoop.callWithRetry(RetryLoop.java:107)
	at org.apache.curator.framework.imps.CreateBuilderImpl.pathInForeground(CreateBuilderImpl.java:676)
	at org.apache.curator.framework.imps.CreateBuilderImpl.protectedPathInForeground(CreateBuilderImpl.java:453)
	at org.apache.curator.framework.imps.CreateBuilderImpl.forPath(CreateBuilderImpl.java:443)
	at org.apache.curator.framework.imps.CreateBuilderImpl.forPath(CreateBuilderImpl.java:44)
	at com.hubspot.singularity.data.StateManager.save(StateManager.java:98)
	... 1 common frames omitted
15:19:01.173 [Curator-Framework-0] ERROR org.apache.curator.framework.imps.CuratorFrameworkImpl - Background exception was not retry-able or retry gave up
java.lang.InterruptedException: null
	at java.lang.Object.wait(Native Method)
	at java.lang.Object.wait(Object.java:502)
	at org.apache.zookeeper.ClientCnxn.submitRequest(ClientCnxn.java:1342)
	at org.apache.zookeeper.ZooKeeper.getChildren(ZooKeeper.java:1470)
	at org.apache.zookeeper.ZooKeeper.getChildren(ZooKeeper.java:1500)
	at org.apache.curator.framework.imps.CreateBuilderImpl$12.call(CreateBuilderImpl.java:742)
	at org.apache.curator.framework.imps.CreateBuilderImpl$12.call(CreateBuilderImpl.java:734)
	at org.apache.curator.RetryLoop.callWithRetry(RetryLoop.java:107)
	at org.apache.curator.framework.imps.CreateBuilderImpl.findProtectedNodeInForeground(CreateBuilderImpl.java:731)
	at org.apache.curator.framework.imps.CreateBuilderImpl.access$1100(CreateBuilderImpl.java:44)
	at org.apache.curator.framework.imps.CreateBuilderImpl$10.callPerformBackgroundOperation(CreateBuilderImpl.java:633)
	at org.apache.curator.framework.imps.CuratorFrameworkImpl.performBackgroundOperation(CuratorFrameworkImpl.java:802)
	at org.apache.curator.framework.imps.CuratorFrameworkImpl.backgroundOperationsLoop(CuratorFrameworkImpl.java:792)
	at org.apache.curator.framework.imps.CuratorFrameworkImpl.access$300(CuratorFrameworkImpl.java:62)
	at org.apache.curator.framework.imps.CuratorFrameworkImpl$4.call(CuratorFrameworkImpl.java:257)
	at java.util.concurrent.FutureTask.run(FutureTask.java:266)
	at java.util.concurrent.ThreadPoolExecutor.runWorker(ThreadPoolExecutor.java:1142)
	at java.util.concurrent.ThreadPoolExecutor$Worker.run(ThreadPoolExecutor.java:617)
	at java.lang.Thread.run(Thread.java:745)
15:19:03.422 [SingularityStatePoller] ERROR com.hubspot.singularity.SingularityLeaderController - Caught exception while saving state
java.lang.RuntimeException: java.lang.InterruptedException
	at com.google.common.base.Throwables.propagate(Throwables.java:160)
	at com.hubspot.singularity.data.StateManager.save(StateManager.java:101)
	at com.hubspot.singularity.SingularityLeaderController$StatePoller.run(SingularityLeaderController.java:209)
Caused by: java.lang.InterruptedException: null
	at java.lang.Object.wait(Native Method)
	at java.lang.Object.wait(Object.java:502)
	at org.apache.zookeeper.ClientCnxn.submitRequest(ClientCnxn.java:1342)
	at org.apache.zookeeper.ZooKeeper.create(ZooKeeper.java:781)
	at org.apache.curator.framework.imps.CreateBuilderImpl$11.call(CreateBuilderImpl.java:696)
	at org.apache.curator.framework.imps.CreateBuilderImpl$11.call(CreateBuilderImpl.java:679)
	at org.apache.curator.RetryLoop.callWithRetry(RetryLoop.java:107)
	at org.apache.curator.framework.imps.CreateBuilderImpl.pathInForeground(CreateBuilderImpl.java:676)
	at org.apache.curator.framework.imps.CreateBuilderImpl.protectedPathInForeground(CreateBuilderImpl.java:453)
	at org.apache.curator.framework.imps.CreateBuilderImpl.forPath(CreateBuilderImpl.java:443)
	at org.apache.curator.framework.imps.CreateBuilderImpl.forPath(CreateBuilderImpl.java:44)
	at com.hubspot.singularity.data.StateManager.save(StateManager.java:98)
	... 1 common frames omitted
Tests run: 7, Failures: 0, Errors: 0, Skipped: 0, Time elapsed: 10.595 sec - in com.hubspot.singularity.data.SandboxManagerTest
Running com.hubspot.singularity.mesos.SingularityTaskShellCommandTest
15:19:03.818 [check-new-task-pool-0] ERROR com.hubspot.singularity.scheduler.SingularityNewTaskChecker - Uncaught throwable in task check for task SingularityTask{taskRequest=SingularityTaskRequest{request=SingularityRequest{id='test-request', requestType=WORKER, owners=Optional.absent(), numRetriesOnFailure=Optional.absent(), schedule=Optional.absent(), quartzSchedule=Optional.absent(), scheduleType=Optional.absent(), scheduleTimeZone=Optional.absent(), killOldNonLongRunningTasksAfterMillis=Optional.absent(), taskExecutionTimeLimitMillis=Optional.absent(), scheduledExpectedRuntimeMillis=Optional.absent(), waitAtLeastMillisAfterTaskFinishesForReschedule=Optional.absent(), instances=Optional.absent(), skipHealthchecks=Optional.absent(), rackSensitive=Optional.absent(), rackAffinity=Optional.absent(), slavePlacement=Optional.absent(), requiredSlaveAttributes=Optional.absent(), allowedSlaveAttributes=Optional.absent(), loadBalanced=Optional.of(true), group=Optional.absent(), requiredRole=Optional.absent(), readWriteGroups=Optional.absent(), readOnlyGroups=Optional.absent(), bounceAfterScale=Optional.absent(), emailConfigurationOverrides=Optional.absent(), hideEvenNumberAcrossRacksHint=Optional.absent(), taskLogErrorRegex=Optional.absent(), taskLogErrorRegexCaseSensitive=Optional.absent(), taskPriorityLevel=Optional.absent(), maxTasksPerOffer=Optional.absent(), allowBounceToSameHost=Optional.absent()}, deploy=SingularityDeploy{requestId='test-request', id='firstDeployId', version=Optional.absent(), timestamp=Optional.absent(), metadata=Optional.absent(), containerInfo=Optional.absent(), customExecutorCmd=Optional.absent(), customExecutorId=Optional.absent(), customExecutorSource=Optional.absent(), customExecutorResources=Optional.absent(), resources=Optional.absent(), command=Optional.of(sleep 100), arguments=Optional.absent(), env=Optional.absent(), uris=Optional.absent(), executorData=Optional.absent(), labels=Optional.absent(), mesosLabels=Optional.absent(), taskLabels=Optional.absent(), mesosTaskLabels=Optional.absent(), taskEnv=Optional.absent(), healthcheckUri=Optional.absent(), healthcheckIntervalSeconds=Optional.absent(), healthcheckTimeoutSeconds=Optional.absent(), healthcheckPortIndex=Optional.absent(), healthcheckProtocol=Optional.absent(), healthcheckMaxRetries=Optional.absent(), healthcheckMaxTotalTimeoutSeconds=Optional.absent(), healthcheck=Optional.absent(), skipHealthchecksOnDeploy=Optional.absent(), deployHealthTimeoutSeconds=Optional.absent(), considerHealthyAfterRunningForSeconds=Optional.absent(), serviceBasePath=Optional.absent(), loadBalancerGroups=Optional.absent(), loadBalancerPortIndex=Optional.absent(), loadBalancerOptions=Optional.absent(), loadBalancerDomains=Optional.absent(), loadBalancerAdditionalRoutes=Optional.absent(), loadBalancerTemplate=Optional.absent(), loadBalancerServiceIdOverride=Optional.absent(), loadBalancerUpstreamGroup=Optional.absent(), deployInstanceCountPerStep=Optional.absent(), deployStepWaitTimeMs=Optional.absent(), autoAdvanceDeploySteps=Optional.absent(), maxTaskRetries=Optional.absent(), shell=Optional.absent(), user=Optional.absent()}, pendingTask=SingularityPendingTask{pendingTaskId=test-request-firstDeployId-1503501542776-2-IMMEDIATE-1503501542776, cmdLineArgsList=Optional.absent(), user=Optional.absent(), runId=Optional.absent(), skipHealthchecks=Optional.absent(), message=Optional.absent(), resources=Optional.absent(), actionId=Optional.absent()}}, offer=id { value: "offer717"}framework_id { value: "framework1"}slave_id { value: "slave1"}hostname: "host1"resources { name: "cpus" type: SCALAR scalar { value: 125.0 }}resources { name: "mem" type: SCALAR scalar { value: 1024.0 }}resources { name: "ports" type: RANGES ranges { }}attributes { name: "rackid" type: TEXT text { value: "DEFAULT" }}, mesosTask=name: "name"task_id { value: "test-request-firstDeployId-1503501542776-2-host1-rack1"}slave_id { value: "slave1"}, rackId=Optional.of(rack1)}, re-enqueing
java.lang.IllegalStateException: instance must be started before calling this method
	at com.google.common.base.Preconditions.checkState(Preconditions.java:174)
	at org.apache.curator.framework.imps.CuratorFrameworkImpl.getData(CuratorFrameworkImpl.java:363)
	at com.hubspot.singularity.data.CuratorManager.getData(CuratorManager.java:256)
	at com.hubspot.singularity.data.CuratorManager.getData(CuratorManager.java:289)
	at com.hubspot.singularity.data.RequestManager.getRequest(RequestManager.java:331)
	at com.hubspot.singularity.scheduler.SingularityNewTaskChecker$1.run(SingularityNewTaskChecker.java:199)
	at java.util.concurrent.Executors$RunnableAdapter.call(Executors.java:511)
	at java.util.concurrent.FutureTask.run(FutureTask.java:266)
	at java.util.concurrent.ScheduledThreadPoolExecutor$ScheduledFutureTask.access$201(ScheduledThreadPoolExecutor.java:180)
	at java.util.concurrent.ScheduledThreadPoolExecutor$ScheduledFutureTask.run(ScheduledThreadPoolExecutor.java:293)
	at java.util.concurrent.ThreadPoolExecutor.runWorker(ThreadPoolExecutor.java:1142)
	at java.util.concurrent.ThreadPoolExecutor$Worker.run(ThreadPoolExecutor.java:617)
	at java.lang.Thread.run(Thread.java:745)
15:19:03.824 [check-new-task-pool-0] ERROR com.hubspot.singularity.scheduler.SingularityNewTaskChecker - Uncaught throwable re-enqueuing task check for task SingularityTask{taskRequest=SingularityTaskRequest{request=SingularityRequest{id='test-request', requestType=WORKER, owners=Optional.absent(), numRetriesOnFailure=Optional.absent(), schedule=Optional.absent(), quartzSchedule=Optional.absent(), scheduleType=Optional.absent(), scheduleTimeZone=Optional.absent(), killOldNonLongRunningTasksAfterMillis=Optional.absent(), taskExecutionTimeLimitMillis=Optional.absent(), scheduledExpectedRuntimeMillis=Optional.absent(), waitAtLeastMillisAfterTaskFinishesForReschedule=Optional.absent(), instances=Optional.absent(), skipHealthchecks=Optional.absent(), rackSensitive=Optional.absent(), rackAffinity=Optional.absent(), slavePlacement=Optional.absent(), requiredSlaveAttributes=Optional.absent(), allowedSlaveAttributes=Optional.absent(), loadBalanced=Optional.of(true), group=Optional.absent(), requiredRole=Optional.absent(), readWriteGroups=Optional.absent(), readOnlyGroups=Optional.absent(), bounceAfterScale=Optional.absent(), emailConfigurationOverrides=Optional.absent(), hideEvenNumberAcrossRacksHint=Optional.absent(), taskLogErrorRegex=Optional.absent(), taskLogErrorRegexCaseSensitive=Optional.absent(), taskPriorityLevel=Optional.absent(), maxTasksPerOffer=Optional.absent(), allowBounceToSameHost=Optional.absent()}, deploy=SingularityDeploy{requestId='test-request', id='firstDeployId', version=Optional.absent(), timestamp=Optional.absent(), metadata=Optional.absent(), containerInfo=Optional.absent(), customExecutorCmd=Optional.absent(), customExecutorId=Optional.absent(), customExecutorSource=Optional.absent(), customExecutorResources=Optional.absent(), resources=Optional.absent(), command=Optional.of(sleep 100), arguments=Optional.absent(), env=Optional.absent(), uris=Optional.absent(), executorData=Optional.absent(), labels=Optional.absent(), mesosLabels=Optional.absent(), taskLabels=Optional.absent(), mesosTaskLabels=Optional.absent(), taskEnv=Optional.absent(), healthcheckUri=Optional.absent(), healthcheckIntervalSeconds=Optional.absent(), healthcheckTimeoutSeconds=Optional.absent(), healthcheckPortIndex=Optional.absent(), healthcheckProtocol=Optional.absent(), healthcheckMaxRetries=Optional.absent(), healthcheckMaxTotalTimeoutSeconds=Optional.absent(), healthcheck=Optional.absent(), skipHealthchecksOnDeploy=Optional.absent(), deployHealthTimeoutSeconds=Optional.absent(), considerHealthyAfterRunningForSeconds=Optional.absent(), serviceBasePath=Optional.absent(), loadBalancerGroups=Optional.absent(), loadBalancerPortIndex=Optional.absent(), loadBalancerOptions=Optional.absent(), loadBalancerDomains=Optional.absent(), loadBalancerAdditionalRoutes=Optional.absent(), loadBalancerTemplate=Optional.absent(), loadBalancerServiceIdOverride=Optional.absent(), loadBalancerUpstreamGroup=Optional.absent(), deployInstanceCountPerStep=Optional.absent(), deployStepWaitTimeMs=Optional.absent(), autoAdvanceDeploySteps=Optional.absent(), maxTaskRetries=Optional.absent(), shell=Optional.absent(), user=Optional.absent()}, pendingTask=SingularityPendingTask{pendingTaskId=test-request-firstDeployId-1503501542776-2-IMMEDIATE-1503501542776, cmdLineArgsList=Optional.absent(), user=Optional.absent(), runId=Optional.absent(), skipHealthchecks=Optional.absent(), message=Optional.absent(), resources=Optional.absent(), actionId=Optional.absent()}}, offer=id { value: "offer717"}framework_id { value: "framework1"}slave_id { value: "slave1"}hostname: "host1"resources { name: "cpus" type: SCALAR scalar { value: 125.0 }}resources { name: "mem" type: SCALAR scalar { value: 1024.0 }}resources { name: "ports" type: RANGES ranges { }}attributes { name: "rackid" type: TEXT text { value: "DEFAULT" }}, mesosTask=name: "name"task_id { value: "test-request-firstDeployId-1503501542776-2-host1-rack1"}slave_id { value: "slave1"}, rackId=Optional.of(rack1)}, aborting
java.util.concurrent.RejectedExecutionException: Task java.util.concurrent.ScheduledThreadPoolExecutor$ScheduledFutureTask@66bbb4c rejected from java.util.concurrent.ScheduledThreadPoolExecutor@6560058a[Shutting down, pool size = 2, active threads = 1, queued tasks = 0, completed tasks = 0]
	at java.util.concurrent.ThreadPoolExecutor$AbortPolicy.rejectedExecution(ThreadPoolExecutor.java:2047)
	at java.util.concurrent.ThreadPoolExecutor.reject(ThreadPoolExecutor.java:823)
	at java.util.concurrent.ScheduledThreadPoolExecutor.delayedExecute(ScheduledThreadPoolExecutor.java:326)
	at java.util.concurrent.ScheduledThreadPoolExecutor.schedule(ScheduledThreadPoolExecutor.java:533)
	at com.hubspot.singularity.scheduler.SingularityNewTaskChecker.enqueueCheckWithDelay(SingularityNewTaskChecker.java:240)
	at com.hubspot.singularity.scheduler.SingularityNewTaskChecker.reEnqueueCheck(SingularityNewTaskChecker.java:234)
	at com.hubspot.singularity.scheduler.SingularityNewTaskChecker.reEnqueueCheckOrAbort(SingularityNewTaskChecker.java:225)
	at com.hubspot.singularity.scheduler.SingularityNewTaskChecker.access$600(SingularityNewTaskChecker.java:56)
	at com.hubspot.singularity.scheduler.SingularityNewTaskChecker$1.run(SingularityNewTaskChecker.java:217)
	at java.util.concurrent.Executors$RunnableAdapter.call(Executors.java:511)
	at java.util.concurrent.FutureTask.run(FutureTask.java:266)
	at java.util.concurrent.ScheduledThreadPoolExecutor$ScheduledFutureTask.access$201(ScheduledThreadPoolExecutor.java:180)
	at java.util.concurrent.ScheduledThreadPoolExecutor$ScheduledFutureTask.run(ScheduledThreadPoolExecutor.java:293)
	at java.util.concurrent.ThreadPoolExecutor.runWorker(ThreadPoolExecutor.java:1142)
	at java.util.concurrent.ThreadPoolExecutor$Worker.run(ThreadPoolExecutor.java:617)
	at java.lang.Thread.run(Thread.java:745)
15:19:04.531 [healthcheck-pool-0] ERROR com.hubspot.singularity.scheduler.SingularityHealthchecker - Caught throwable while saving health check result for test-request-new_task_healthcheck-1503501542373-1-host1-rack1, will re-enqueue
java.lang.IllegalStateException: instance must be started before calling this method
	at com.google.common.base.Preconditions.checkState(Preconditions.java:174)
	at org.apache.curator.framework.imps.CuratorFrameworkImpl.checkExists(CuratorFrameworkImpl.java:355)
	at com.hubspot.singularity.data.CuratorManager.checkExists(CuratorManager.java:109)
	at com.hubspot.singularity.data.CuratorManager.exists(CuratorManager.java:122)
	at com.hubspot.singularity.data.TaskManager.canSaveNewHealthcheck(TaskManager.java:314)
	at com.hubspot.singularity.data.TaskManager.saveHealthcheckResult(TaskManager.java:303)
	at com.hubspot.singularity.scheduler.SingularityHealthcheckAsyncHandler.saveResult(SingularityHealthcheckAsyncHandler.java:76)
	at com.hubspot.singularity.scheduler.SingularityHealthchecker.saveFailure(SingularityHealthchecker.java:236)
	at com.hubspot.singularity.scheduler.SingularityHealthchecker.asyncHealthcheck(SingularityHealthchecker.java:274)
	at com.hubspot.singularity.scheduler.SingularityHealthchecker.access$000(SingularityHealthchecker.java:44)
	at com.hubspot.singularity.scheduler.SingularityHealthchecker$1.run(SingularityHealthchecker.java:185)
	at java.util.concurrent.Executors$RunnableAdapter.call(Executors.java:511)
	at java.util.concurrent.FutureTask.run(FutureTask.java:266)
	at java.util.concurrent.ScheduledThreadPoolExecutor$ScheduledFutureTask.access$201(ScheduledThreadPoolExecutor.java:180)
	at java.util.concurrent.ScheduledThreadPoolExecutor$ScheduledFutureTask.run(ScheduledThreadPoolExecutor.java:293)
	at java.util.concurrent.ThreadPoolExecutor.runWorker(ThreadPoolExecutor.java:1142)
	at java.util.concurrent.ThreadPoolExecutor$Worker.run(ThreadPoolExecutor.java:617)
	at java.lang.Thread.run(Thread.java:745)
15:19:04.533 [healthcheck-pool-0] ERROR com.hubspot.singularity.scheduler.SingularityHealthchecker - Caught throwable while re-enqueuing health check for test-request-new_task_healthcheck-1503501542373-1-host1-rack1, aborting
java.lang.IllegalStateException: instance must be started before calling this method
	at com.google.common.base.Preconditions.checkState(Preconditions.java:174)
	at org.apache.curator.framework.imps.CuratorFrameworkImpl.getChildren(CuratorFrameworkImpl.java:379)
	at com.hubspot.singularity.data.CuratorManager.getChildren(CuratorManager.java:130)
	at com.hubspot.singularity.data.CuratorAsyncManager.getAsyncChildrenThrows(CuratorAsyncManager.java:53)
	at com.hubspot.singularity.data.CuratorAsyncManager.getAsyncChildren(CuratorAsyncManager.java:253)
	at com.hubspot.singularity.data.TaskManager.getTaskHistoryUpdates(TaskManager.java:409)
	at com.hubspot.singularity.scheduler.SingularityHealthchecker.enqueueHealthcheck(SingularityHealthchecker.java:83)
	at com.hubspot.singularity.scheduler.SingularityHealthchecker.reEnqueueOrAbort(SingularityHealthchecker.java:199)
	at com.hubspot.singularity.scheduler.SingularityHealthcheckAsyncHandler.saveResult(SingularityHealthcheckAsyncHandler.java:101)
	at com.hubspot.singularity.scheduler.SingularityHealthchecker.saveFailure(SingularityHealthchecker.java:236)
	at com.hubspot.singularity.scheduler.SingularityHealthchecker.asyncHealthcheck(SingularityHealthchecker.java:274)
	at com.hubspot.singularity.scheduler.SingularityHealthchecker.access$000(SingularityHealthchecker.java:44)
	at com.hubspot.singularity.scheduler.SingularityHealthchecker$1.run(SingularityHealthchecker.java:185)
	at java.util.concurrent.Executors$RunnableAdapter.call(Executors.java:511)
	at java.util.concurrent.FutureTask.run(FutureTask.java:266)
	at java.util.concurrent.ScheduledThreadPoolExecutor$ScheduledFutureTask.access$201(ScheduledThreadPoolExecutor.java:180)
	at java.util.concurrent.ScheduledThreadPoolExecutor$ScheduledFutureTask.run(ScheduledThreadPoolExecutor.java:293)
	at java.util.concurrent.ThreadPoolExecutor.runWorker(ThreadPoolExecutor.java:1142)
	at java.util.concurrent.ThreadPoolExecutor$Worker.run(ThreadPoolExecutor.java:617)
	at java.lang.Thread.run(Thread.java:745)
15:19:08.382 [healthcheck-pool-0] ERROR com.hubspot.singularity.scheduler.SingularityHealthchecker - Caught throwable while saving health check result for test-request-hc_test-1503501546251-1-host1-rack1, will re-enqueue
java.lang.IllegalStateException: instance must be started before calling this method
	at com.google.common.base.Preconditions.checkState(Preconditions.java:174)
	at org.apache.curator.framework.imps.CuratorFrameworkImpl.checkExists(CuratorFrameworkImpl.java:355)
	at com.hubspot.singularity.data.CuratorManager.checkExists(CuratorManager.java:109)
	at com.hubspot.singularity.data.CuratorManager.exists(CuratorManager.java:122)
	at com.hubspot.singularity.data.TaskManager.canSaveNewHealthcheck(TaskManager.java:314)
	at com.hubspot.singularity.data.TaskManager.saveHealthcheckResult(TaskManager.java:303)
	at com.hubspot.singularity.scheduler.SingularityHealthcheckAsyncHandler.saveResult(SingularityHealthcheckAsyncHandler.java:76)
	at com.hubspot.singularity.scheduler.SingularityHealthchecker.saveFailure(SingularityHealthchecker.java:236)
	at com.hubspot.singularity.scheduler.SingularityHealthchecker.asyncHealthcheck(SingularityHealthchecker.java:274)
	at com.hubspot.singularity.scheduler.SingularityHealthchecker.access$000(SingularityHealthchecker.java:44)
	at com.hubspot.singularity.scheduler.SingularityHealthchecker$1.run(SingularityHealthchecker.java:185)
	at java.util.concurrent.Executors$RunnableAdapter.call(Executors.java:511)
	at java.util.concurrent.FutureTask.run(FutureTask.java:266)
	at java.util.concurrent.ScheduledThreadPoolExecutor$ScheduledFutureTask.access$201(ScheduledThreadPoolExecutor.java:180)
	at java.util.concurrent.ScheduledThreadPoolExecutor$ScheduledFutureTask.run(ScheduledThreadPoolExecutor.java:293)
	at java.util.concurrent.ThreadPoolExecutor.runWorker(ThreadPoolExecutor.java:1142)
	at java.util.concurrent.ThreadPoolExecutor$Worker.run(ThreadPoolExecutor.java:617)
	at java.lang.Thread.run(Thread.java:745)
15:19:08.385 [healthcheck-pool-0] ERROR com.hubspot.singularity.scheduler.SingularityHealthchecker - Caught throwable while re-enqueuing health check for test-request-hc_test-1503501546251-1-host1-rack1, aborting
java.lang.IllegalStateException: instance must be started before calling this method
	at com.google.common.base.Preconditions.checkState(Preconditions.java:174)
	at org.apache.curator.framework.imps.CuratorFrameworkImpl.getChildren(CuratorFrameworkImpl.java:379)
	at com.hubspot.singularity.data.CuratorManager.getChildren(CuratorManager.java:130)
	at com.hubspot.singularity.data.CuratorAsyncManager.getAsyncChildrenThrows(CuratorAsyncManager.java:53)
	at com.hubspot.singularity.data.CuratorAsyncManager.getAsyncChildren(CuratorAsyncManager.java:253)
	at com.hubspot.singularity.data.TaskManager.getTaskHistoryUpdates(TaskManager.java:409)
	at com.hubspot.singularity.scheduler.SingularityHealthchecker.enqueueHealthcheck(SingularityHealthchecker.java:83)
	at com.hubspot.singularity.scheduler.SingularityHealthchecker.reEnqueueOrAbort(SingularityHealthchecker.java:199)
	at com.hubspot.singularity.scheduler.SingularityHealthcheckAsyncHandler.saveResult(SingularityHealthcheckAsyncHandler.java:101)
	at com.hubspot.singularity.scheduler.SingularityHealthchecker.saveFailure(SingularityHealthchecker.java:236)
	at com.hubspot.singularity.scheduler.SingularityHealthchecker.asyncHealthcheck(SingularityHealthchecker.java:274)
	at com.hubspot.singularity.scheduler.SingularityHealthchecker.access$000(SingularityHealthchecker.java:44)
	at com.hubspot.singularity.scheduler.SingularityHealthchecker$1.run(SingularityHealthchecker.java:185)
	at java.util.concurrent.Executors$RunnableAdapter.call(Executors.java:511)
	at java.util.concurrent.FutureTask.run(FutureTask.java:266)
	at java.util.concurrent.ScheduledThreadPoolExecutor$ScheduledFutureTask.access$201(ScheduledThreadPoolExecutor.java:180)
	at java.util.concurrent.ScheduledThreadPoolExecutor$ScheduledFutureTask.run(ScheduledThreadPoolExecutor.java:293)
	at java.util.concurrent.ThreadPoolExecutor.runWorker(ThreadPoolExecutor.java:1142)
	at java.util.concurrent.ThreadPoolExecutor$Worker.run(ThreadPoolExecutor.java:617)
	at java.lang.Thread.run(Thread.java:745)
Tests run: 16, Failures: 0, Errors: 0, Skipped: 0, Time elapsed: 41.514 sec - in com.hubspot.singularity.scheduler.SingularityMachineStatesTest
Running com.hubspot.singularity.SingularityHistoryTest
Tests run: 2, Failures: 0, Errors: 0, Skipped: 0, Time elapsed: 6.592 sec - in com.hubspot.singularity.mesos.SingularityTaskShellCommandTest
Running com.hubspot.singularity.mesos.SingularityMesosTaskBuilderTest
Tests run: 6, Failures: 0, Errors: 0, Skipped: 0, Time elapsed: 0.22 sec - in com.hubspot.singularity.mesos.SingularityMesosTaskBuilderTest
Running com.hubspot.singularity.data.BlendedHistoryTest
15:19:11.517 [healthcheck-pool-0] ERROR com.hubspot.singularity.scheduler.SingularityHealthchecker - Caught throwable while saving health check result for test-request-timeout_test-1503497949269-1-host1-rack1, will re-enqueue
java.lang.IllegalStateException: instance must be started before calling this method
	at com.google.common.base.Preconditions.checkState(Preconditions.java:174)
	at org.apache.curator.framework.imps.CuratorFrameworkImpl.checkExists(CuratorFrameworkImpl.java:355)
	at com.hubspot.singularity.data.CuratorManager.checkExists(CuratorManager.java:109)
	at com.hubspot.singularity.data.CuratorManager.exists(CuratorManager.java:122)
	at com.hubspot.singularity.data.TaskManager.canSaveNewHealthcheck(TaskManager.java:314)
	at com.hubspot.singularity.data.TaskManager.saveHealthcheckResult(TaskManager.java:303)
	at com.hubspot.singularity.scheduler.SingularityHealthcheckAsyncHandler.saveResult(SingularityHealthcheckAsyncHandler.java:76)
	at com.hubspot.singularity.scheduler.SingularityHealthchecker.saveFailure(SingularityHealthchecker.java:236)
	at com.hubspot.singularity.scheduler.SingularityHealthchecker.asyncHealthcheck(SingularityHealthchecker.java:274)
	at com.hubspot.singularity.scheduler.SingularityHealthchecker.access$000(SingularityHealthchecker.java:44)
	at com.hubspot.singularity.scheduler.SingularityHealthchecker$1.run(SingularityHealthchecker.java:185)
	at java.util.concurrent.Executors$RunnableAdapter.call(Executors.java:511)
	at java.util.concurrent.FutureTask.run(FutureTask.java:266)
	at java.util.concurrent.ScheduledThreadPoolExecutor$ScheduledFutureTask.access$201(ScheduledThreadPoolExecutor.java:180)
	at java.util.concurrent.ScheduledThreadPoolExecutor$ScheduledFutureTask.run(ScheduledThreadPoolExecutor.java:293)
	at java.util.concurrent.ThreadPoolExecutor.runWorker(ThreadPoolExecutor.java:1142)
	at java.util.concurrent.ThreadPoolExecutor$Worker.run(ThreadPoolExecutor.java:617)
	at java.lang.Thread.run(Thread.java:745)
15:19:11.519 [healthcheck-pool-0] ERROR com.hubspot.singularity.scheduler.SingularityHealthchecker - Caught throwable while re-enqueuing health check for test-request-timeout_test-1503497949269-1-host1-rack1, aborting
java.lang.IllegalStateException: instance must be started before calling this method
	at com.google.common.base.Preconditions.checkState(Preconditions.java:174)
	at org.apache.curator.framework.imps.CuratorFrameworkImpl.getChildren(CuratorFrameworkImpl.java:379)
	at com.hubspot.singularity.data.CuratorManager.getChildren(CuratorManager.java:130)
	at com.hubspot.singularity.data.CuratorAsyncManager.getAsyncChildrenThrows(CuratorAsyncManager.java:53)
	at com.hubspot.singularity.data.CuratorAsyncManager.getAsyncChildren(CuratorAsyncManager.java:253)
	at com.hubspot.singularity.data.TaskManager.getTaskHistoryUpdates(TaskManager.java:409)
	at com.hubspot.singularity.scheduler.SingularityHealthchecker.enqueueHealthcheck(SingularityHealthchecker.java:83)
	at com.hubspot.singularity.scheduler.SingularityHealthchecker.reEnqueueOrAbort(SingularityHealthchecker.java:199)
	at com.hubspot.singularity.scheduler.SingularityHealthcheckAsyncHandler.saveResult(SingularityHealthcheckAsyncHandler.java:101)
	at com.hubspot.singularity.scheduler.SingularityHealthchecker.saveFailure(SingularityHealthchecker.java:236)
	at com.hubspot.singularity.scheduler.SingularityHealthchecker.asyncHealthcheck(SingularityHealthchecker.java:274)
	at com.hubspot.singularity.scheduler.SingularityHealthchecker.access$000(SingularityHealthchecker.java:44)
	at com.hubspot.singularity.scheduler.SingularityHealthchecker$1.run(SingularityHealthchecker.java:185)
	at java.util.concurrent.Executors$RunnableAdapter.call(Executors.java:511)
	at java.util.concurrent.FutureTask.run(FutureTask.java:266)
	at java.util.concurrent.ScheduledThreadPoolExecutor$ScheduledFutureTask.access$201(ScheduledThreadPoolExecutor.java:180)
	at java.util.concurrent.ScheduledThreadPoolExecutor$ScheduledFutureTask.run(ScheduledThreadPoolExecutor.java:293)
	at java.util.concurrent.ThreadPoolExecutor.runWorker(ThreadPoolExecutor.java:1142)
	at java.util.concurrent.ThreadPoolExecutor$Worker.run(ThreadPoolExecutor.java:617)
	at java.lang.Thread.run(Thread.java:745)
Tests run: 1, Failures: 0, Errors: 0, Skipped: 0, Time elapsed: 2.435 sec - in com.hubspot.singularity.data.BlendedHistoryTest
Running com.hubspot.singularity.data.InactiveSlaveManagerTest
15:19:14.157 [healthcheck-pool-0] ERROR com.hubspot.singularity.scheduler.SingularityHealthchecker - Caught throwable while saving health check result for test-request-retry_test-1503501552115-1-host1-rack1, will re-enqueue
java.lang.IllegalStateException: instance must be started before calling this method
	at com.google.common.base.Preconditions.checkState(Preconditions.java:174)
	at org.apache.curator.framework.imps.CuratorFrameworkImpl.checkExists(CuratorFrameworkImpl.java:355)
	at com.hubspot.singularity.data.CuratorManager.checkExists(CuratorManager.java:109)
	at com.hubspot.singularity.data.CuratorManager.exists(CuratorManager.java:122)
	at com.hubspot.singularity.data.TaskManager.canSaveNewHealthcheck(TaskManager.java:314)
	at com.hubspot.singularity.data.TaskManager.saveHealthcheckResult(TaskManager.java:303)
	at com.hubspot.singularity.scheduler.SingularityHealthcheckAsyncHandler.saveResult(SingularityHealthcheckAsyncHandler.java:76)
	at com.hubspot.singularity.scheduler.SingularityHealthchecker.saveFailure(SingularityHealthchecker.java:236)
	at com.hubspot.singularity.scheduler.SingularityHealthchecker.asyncHealthcheck(SingularityHealthchecker.java:274)
	at com.hubspot.singularity.scheduler.SingularityHealthchecker.access$000(SingularityHealthchecker.java:44)
	at com.hubspot.singularity.scheduler.SingularityHealthchecker$1.run(SingularityHealthchecker.java:185)
	at java.util.concurrent.Executors$RunnableAdapter.call(Executors.java:511)
	at java.util.concurrent.FutureTask.run(FutureTask.java:266)
	at java.util.concurrent.ScheduledThreadPoolExecutor$ScheduledFutureTask.access$201(ScheduledThreadPoolExecutor.java:180)
	at java.util.concurrent.ScheduledThreadPoolExecutor$ScheduledFutureTask.run(ScheduledThreadPoolExecutor.java:293)
	at java.util.concurrent.ThreadPoolExecutor.runWorker(ThreadPoolExecutor.java:1142)
	at java.util.concurrent.ThreadPoolExecutor$Worker.run(ThreadPoolExecutor.java:617)
	at java.lang.Thread.run(Thread.java:745)
15:19:14.158 [healthcheck-pool-0] ERROR com.hubspot.singularity.scheduler.SingularityHealthchecker - Caught throwable while re-enqueuing health check for test-request-retry_test-1503501552115-1-host1-rack1, aborting
java.lang.IllegalStateException: instance must be started before calling this method
	at com.google.common.base.Preconditions.checkState(Preconditions.java:174)
	at org.apache.curator.framework.imps.CuratorFrameworkImpl.getChildren(CuratorFrameworkImpl.java:379)
	at com.hubspot.singularity.data.CuratorManager.getChildren(CuratorManager.java:130)
	at com.hubspot.singularity.data.CuratorAsyncManager.getAsyncChildrenThrows(CuratorAsyncManager.java:53)
	at com.hubspot.singularity.data.CuratorAsyncManager.getAsyncChildren(CuratorAsyncManager.java:253)
	at com.hubspot.singularity.data.TaskManager.getTaskHistoryUpdates(TaskManager.java:409)
	at com.hubspot.singularity.scheduler.SingularityHealthchecker.enqueueHealthcheck(SingularityHealthchecker.java:83)
	at com.hubspot.singularity.scheduler.SingularityHealthchecker.reEnqueueOrAbort(SingularityHealthchecker.java:199)
	at com.hubspot.singularity.scheduler.SingularityHealthcheckAsyncHandler.saveResult(SingularityHealthcheckAsyncHandler.java:101)
	at com.hubspot.singularity.scheduler.SingularityHealthchecker.saveFailure(SingularityHealthchecker.java:236)
	at com.hubspot.singularity.scheduler.SingularityHealthchecker.asyncHealthcheck(SingularityHealthchecker.java:274)
	at com.hubspot.singularity.scheduler.SingularityHealthchecker.access$000(SingularityHealthchecker.java:44)
	at com.hubspot.singularity.scheduler.SingularityHealthchecker$1.run(SingularityHealthchecker.java:185)
	at java.util.concurrent.Executors$RunnableAdapter.call(Executors.java:511)
	at java.util.concurrent.FutureTask.run(FutureTask.java:266)
	at java.util.concurrent.ScheduledThreadPoolExecutor$ScheduledFutureTask.access$201(ScheduledThreadPoolExecutor.java:180)
	at java.util.concurrent.ScheduledThreadPoolExecutor$ScheduledFutureTask.run(ScheduledThreadPoolExecutor.java:293)
	at java.util.concurrent.ThreadPoolExecutor.runWorker(ThreadPoolExecutor.java:1142)
	at java.util.concurrent.ThreadPoolExecutor$Worker.run(ThreadPoolExecutor.java:617)
	at java.lang.Thread.run(Thread.java:745)
15:19:16.703 [healthcheck-pool-0] ERROR com.hubspot.singularity.scheduler.SingularityHealthchecker - Caught throwable while saving health check result for test-request-retry_test-1503501554631-1-host1-rack1, will re-enqueue
java.lang.IllegalStateException: instance must be started before calling this method
	at com.google.common.base.Preconditions.checkState(Preconditions.java:174)
	at org.apache.curator.framework.imps.CuratorFrameworkImpl.checkExists(CuratorFrameworkImpl.java:355)
	at com.hubspot.singularity.data.CuratorManager.checkExists(CuratorManager.java:109)
	at com.hubspot.singularity.data.CuratorManager.exists(CuratorManager.java:122)
	at com.hubspot.singularity.data.TaskManager.canSaveNewHealthcheck(TaskManager.java:314)
	at com.hubspot.singularity.data.TaskManager.saveHealthcheckResult(TaskManager.java:303)
	at com.hubspot.singularity.scheduler.SingularityHealthcheckAsyncHandler.saveResult(SingularityHealthcheckAsyncHandler.java:76)
	at com.hubspot.singularity.scheduler.SingularityHealthchecker.saveFailure(SingularityHealthchecker.java:236)
	at com.hubspot.singularity.scheduler.SingularityHealthchecker.asyncHealthcheck(SingularityHealthchecker.java:274)
	at com.hubspot.singularity.scheduler.SingularityHealthchecker.access$000(SingularityHealthchecker.java:44)
	at com.hubspot.singularity.scheduler.SingularityHealthchecker$1.run(SingularityHealthchecker.java:185)
	at java.util.concurrent.Executors$RunnableAdapter.call(Executors.java:511)
	at java.util.concurrent.FutureTask.run(FutureTask.java:266)
	at java.util.concurrent.ScheduledThreadPoolExecutor$ScheduledFutureTask.access$201(ScheduledThreadPoolExecutor.java:180)
	at java.util.concurrent.ScheduledThreadPoolExecutor$ScheduledFutureTask.run(ScheduledThreadPoolExecutor.java:293)
	at java.util.concurrent.ThreadPoolExecutor.runWorker(ThreadPoolExecutor.java:1142)
	at java.util.concurrent.ThreadPoolExecutor$Worker.run(ThreadPoolExecutor.java:617)
	at java.lang.Thread.run(Thread.java:745)
15:19:16.712 [healthcheck-pool-0] ERROR com.hubspot.singularity.scheduler.SingularityHealthchecker - Caught throwable while re-enqueuing health check for test-request-retry_test-1503501554631-1-host1-rack1, aborting
java.lang.IllegalStateException: instance must be started before calling this method
	at com.google.common.base.Preconditions.checkState(Preconditions.java:174)
	at org.apache.curator.framework.imps.CuratorFrameworkImpl.getChildren(CuratorFrameworkImpl.java:379)
	at com.hubspot.singularity.data.CuratorManager.getChildren(CuratorManager.java:130)
	at com.hubspot.singularity.data.CuratorAsyncManager.getAsyncChildrenThrows(CuratorAsyncManager.java:53)
	at com.hubspot.singularity.data.CuratorAsyncManager.getAsyncChildren(CuratorAsyncManager.java:253)
	at com.hubspot.singularity.data.TaskManager.getTaskHistoryUpdates(TaskManager.java:409)
	at com.hubspot.singularity.scheduler.SingularityHealthchecker.enqueueHealthcheck(SingularityHealthchecker.java:83)
	at com.hubspot.singularity.scheduler.SingularityHealthchecker.reEnqueueOrAbort(SingularityHealthchecker.java:199)
	at com.hubspot.singularity.scheduler.SingularityHealthcheckAsyncHandler.saveResult(SingularityHealthcheckAsyncHandler.java:101)
	at com.hubspot.singularity.scheduler.SingularityHealthchecker.saveFailure(SingularityHealthchecker.java:236)
	at com.hubspot.singularity.scheduler.SingularityHealthchecker.asyncHealthcheck(SingularityHealthchecker.java:274)
	at com.hubspot.singularity.scheduler.SingularityHealthchecker.access$000(SingularityHealthchecker.java:44)
	at com.hubspot.singularity.scheduler.SingularityHealthchecker$1.run(SingularityHealthchecker.java:185)
	at java.util.concurrent.Executors$RunnableAdapter.call(Executors.java:511)
	at java.util.concurrent.FutureTask.run(FutureTask.java:266)
	at java.util.concurrent.ScheduledThreadPoolExecutor$ScheduledFutureTask.access$201(ScheduledThreadPoolExecutor.java:180)
	at java.util.concurrent.ScheduledThreadPoolExecutor$ScheduledFutureTask.run(ScheduledThreadPoolExecutor.java:293)
	at java.util.concurrent.ThreadPoolExecutor.runWorker(ThreadPoolExecutor.java:1142)
	at java.util.concurrent.ThreadPoolExecutor$Worker.run(ThreadPoolExecutor.java:617)
	at java.lang.Thread.run(Thread.java:745)
Tests run: 3, Failures: 0, Errors: 0, Skipped: 0, Time elapsed: 4.056 sec - in com.hubspot.singularity.data.InactiveSlaveManagerTest
Running com.hubspot.singularity.scheduler.SingularityExpiringActionsTest
Tests run: 12, Failures: 0, Errors: 0, Skipped: 0, Time elapsed: 77.625 sec - in com.hubspot.singularity.scheduler.SingularityHealthchecksTest
Running com.hubspot.singularity.data.ValidatorTest
15:19:19.222 [healthcheck-pool-0] ERROR com.hubspot.singularity.scheduler.SingularityHealthchecker - Caught throwable while saving health check result for test-request-startup_timeout_test-1503497957094-1-host1-rack1, will re-enqueue
java.lang.IllegalStateException: instance must be started before calling this method
	at com.google.common.base.Preconditions.checkState(Preconditions.java:174)
	at org.apache.curator.framework.imps.CuratorFrameworkImpl.checkExists(CuratorFrameworkImpl.java:355)
	at com.hubspot.singularity.data.CuratorManager.checkExists(CuratorManager.java:109)
	at com.hubspot.singularity.data.CuratorManager.exists(CuratorManager.java:122)
	at com.hubspot.singularity.data.TaskManager.canSaveNewHealthcheck(TaskManager.java:314)
	at com.hubspot.singularity.data.TaskManager.saveHealthcheckResult(TaskManager.java:303)
	at com.hubspot.singularity.scheduler.SingularityHealthcheckAsyncHandler.saveResult(SingularityHealthcheckAsyncHandler.java:76)
	at com.hubspot.singularity.scheduler.SingularityHealthchecker.saveFailure(SingularityHealthchecker.java:236)
	at com.hubspot.singularity.scheduler.SingularityHealthchecker.asyncHealthcheck(SingularityHealthchecker.java:274)
	at com.hubspot.singularity.scheduler.SingularityHealthchecker.access$000(SingularityHealthchecker.java:44)
	at com.hubspot.singularity.scheduler.SingularityHealthchecker$1.run(SingularityHealthchecker.java:185)
	at java.util.concurrent.Executors$RunnableAdapter.call(Executors.java:511)
	at java.util.concurrent.FutureTask.run(FutureTask.java:266)
	at java.util.concurrent.ScheduledThreadPoolExecutor$ScheduledFutureTask.access$201(ScheduledThreadPoolExecutor.java:180)
	at java.util.concurrent.ScheduledThreadPoolExecutor$ScheduledFutureTask.run(ScheduledThreadPoolExecutor.java:293)
	at java.util.concurrent.ThreadPoolExecutor.runWorker(ThreadPoolExecutor.java:1142)
	at java.util.concurrent.ThreadPoolExecutor$Worker.run(ThreadPoolExecutor.java:617)
	at java.lang.Thread.run(Thread.java:745)
15:19:19.225 [healthcheck-pool-0] ERROR com.hubspot.singularity.scheduler.SingularityHealthchecker - Caught throwable while re-enqueuing health check for test-request-startup_timeout_test-1503497957094-1-host1-rack1, aborting
java.lang.IllegalStateException: instance must be started before calling this method
	at com.google.common.base.Preconditions.checkState(Preconditions.java:174)
	at org.apache.curator.framework.imps.CuratorFrameworkImpl.getChildren(CuratorFrameworkImpl.java:379)
	at com.hubspot.singularity.data.CuratorManager.getChildren(CuratorManager.java:130)
	at com.hubspot.singularity.data.CuratorAsyncManager.getAsyncChildrenThrows(CuratorAsyncManager.java:53)
	at com.hubspot.singularity.data.CuratorAsyncManager.getAsyncChildren(CuratorAsyncManager.java:253)
	at com.hubspot.singularity.data.TaskManager.getTaskHistoryUpdates(TaskManager.java:409)
	at com.hubspot.singularity.scheduler.SingularityHealthchecker.enqueueHealthcheck(SingularityHealthchecker.java:83)
	at com.hubspot.singularity.scheduler.SingularityHealthchecker.reEnqueueOrAbort(SingularityHealthchecker.java:199)
	at com.hubspot.singularity.scheduler.SingularityHealthcheckAsyncHandler.saveResult(SingularityHealthcheckAsyncHandler.java:101)
	at com.hubspot.singularity.scheduler.SingularityHealthchecker.saveFailure(SingularityHealthchecker.java:236)
	at com.hubspot.singularity.scheduler.SingularityHealthchecker.asyncHealthcheck(SingularityHealthchecker.java:274)
	at com.hubspot.singularity.scheduler.SingularityHealthchecker.access$000(SingularityHealthchecker.java:44)
	at com.hubspot.singularity.scheduler.SingularityHealthchecker$1.run(SingularityHealthchecker.java:185)
	at java.util.concurrent.Executors$RunnableAdapter.call(Executors.java:511)
	at java.util.concurrent.FutureTask.run(FutureTask.java:266)
	at java.util.concurrent.ScheduledThreadPoolExecutor$ScheduledFutureTask.access$201(ScheduledThreadPoolExecutor.java:180)
	at java.util.concurrent.ScheduledThreadPoolExecutor$ScheduledFutureTask.run(ScheduledThreadPoolExecutor.java:293)
	at java.util.concurrent.ThreadPoolExecutor.runWorker(ThreadPoolExecutor.java:1142)
	at java.util.concurrent.ThreadPoolExecutor$Worker.run(ThreadPoolExecutor.java:617)
	at java.lang.Thread.run(Thread.java:745)
15:19:23.789 [SingularityStatePoller] ERROR com.hubspot.singularity.SingularityLeaderController - Caught exception while saving state
java.lang.RuntimeException: java.lang.InterruptedException
	at com.google.common.base.Throwables.propagate(Throwables.java:160)
	at com.hubspot.singularity.data.StateManager.save(StateManager.java:101)
	at com.hubspot.singularity.SingularityLeaderController$StatePoller.run(SingularityLeaderController.java:209)
Caused by: java.lang.InterruptedException: null
	at java.lang.Object.wait(Native Method)
	at java.lang.Object.wait(Object.java:502)
	at org.apache.zookeeper.ClientCnxn.submitRequest(ClientCnxn.java:1342)
	at org.apache.zookeeper.ZooKeeper.create(ZooKeeper.java:781)
	at org.apache.curator.framework.imps.CreateBuilderImpl$11.call(CreateBuilderImpl.java:696)
	at org.apache.curator.framework.imps.CreateBuilderImpl$11.call(CreateBuilderImpl.java:679)
	at org.apache.curator.RetryLoop.callWithRetry(RetryLoop.java:107)
	at org.apache.curator.framework.imps.CreateBuilderImpl.pathInForeground(CreateBuilderImpl.java:676)
	at org.apache.curator.framework.imps.CreateBuilderImpl.protectedPathInForeground(CreateBuilderImpl.java:453)
	at org.apache.curator.framework.imps.CreateBuilderImpl.forPath(CreateBuilderImpl.java:443)
	at org.apache.curator.framework.imps.CreateBuilderImpl.forPath(CreateBuilderImpl.java:44)
	at com.hubspot.singularity.data.StateManager.save(StateManager.java:98)
	... 1 common frames omitted
Tests run: 3, Failures: 0, Errors: 0, Skipped: 0, Time elapsed: 5.489 sec - in com.hubspot.singularity.data.ValidatorTest
Running com.hubspot.singularity.scheduler.SingularitySchedulerTest
Tests run: 23, Failures: 0, Errors: 0, Skipped: 0, Time elapsed: 60.054 sec - in com.hubspot.singularity.scheduler.SingularityDeploysTest
Running com.hubspot.singularity.scheduler.SingularitySlavePlacementTest
Tests run: 7, Failures: 0, Errors: 0, Skipped: 0, Time elapsed: 20.301 sec - in com.hubspot.singularity.scheduler.SingularityExpiringActionsTest
Tests run: 10, Failures: 0, Errors: 0, Skipped: 0, Time elapsed: 32.103 sec - in com.hubspot.singularity.SingularityHistoryTest
15:19:51.928 [healthcheck-pool-0] ERROR com.hubspot.singularity.scheduler.SingularityHealthchecker - Caught throwable while saving health check result for test-request-firstDeployId-1503501590768-1-host1-rack1, will re-enqueue
java.lang.IllegalStateException: instance must be started before calling this method
	at com.google.common.base.Preconditions.checkState(Preconditions.java:174)
	at org.apache.curator.framework.imps.CuratorFrameworkImpl.checkExists(CuratorFrameworkImpl.java:355)
	at com.hubspot.singularity.data.CuratorManager.checkExists(CuratorManager.java:109)
	at com.hubspot.singularity.data.CuratorManager.exists(CuratorManager.java:122)
	at com.hubspot.singularity.data.TaskManager.canSaveNewHealthcheck(TaskManager.java:314)
	at com.hubspot.singularity.data.TaskManager.saveHealthcheckResult(TaskManager.java:303)
	at com.hubspot.singularity.scheduler.SingularityHealthcheckAsyncHandler.saveResult(SingularityHealthcheckAsyncHandler.java:76)
	at com.hubspot.singularity.scheduler.SingularityHealthchecker.saveFailure(SingularityHealthchecker.java:236)
	at com.hubspot.singularity.scheduler.SingularityHealthchecker.asyncHealthcheck(SingularityHealthchecker.java:274)
	at com.hubspot.singularity.scheduler.SingularityHealthchecker.access$000(SingularityHealthchecker.java:44)
	at com.hubspot.singularity.scheduler.SingularityHealthchecker$1.run(SingularityHealthchecker.java:185)
	at java.util.concurrent.Executors$RunnableAdapter.call(Executors.java:511)
	at java.util.concurrent.FutureTask.run(FutureTask.java:266)
	at java.util.concurrent.ScheduledThreadPoolExecutor$ScheduledFutureTask.access$201(ScheduledThreadPoolExecutor.java:180)
	at java.util.concurrent.ScheduledThreadPoolExecutor$ScheduledFutureTask.run(ScheduledThreadPoolExecutor.java:293)
	at java.util.concurrent.ThreadPoolExecutor.runWorker(ThreadPoolExecutor.java:1142)
	at java.util.concurrent.ThreadPoolExecutor$Worker.run(ThreadPoolExecutor.java:617)
	at java.lang.Thread.run(Thread.java:745)
15:19:51.931 [healthcheck-pool-0] ERROR com.hubspot.singularity.scheduler.SingularityHealthchecker - Caught throwable while re-enqueuing health check for test-request-firstDeployId-1503501590768-1-host1-rack1, aborting
java.lang.IllegalStateException: instance must be started before calling this method
	at com.google.common.base.Preconditions.checkState(Preconditions.java:174)
	at org.apache.curator.framework.imps.CuratorFrameworkImpl.getChildren(CuratorFrameworkImpl.java:379)
	at com.hubspot.singularity.data.CuratorManager.getChildren(CuratorManager.java:130)
	at com.hubspot.singularity.data.CuratorAsyncManager.getAsyncChildrenThrows(CuratorAsyncManager.java:53)
	at com.hubspot.singularity.data.CuratorAsyncManager.getAsyncChildren(CuratorAsyncManager.java:253)
	at com.hubspot.singularity.data.TaskManager.getTaskHistoryUpdates(TaskManager.java:409)
	at com.hubspot.singularity.scheduler.SingularityHealthchecker.enqueueHealthcheck(SingularityHealthchecker.java:83)
	at com.hubspot.singularity.scheduler.SingularityHealthchecker.reEnqueueOrAbort(SingularityHealthchecker.java:199)
	at com.hubspot.singularity.scheduler.SingularityHealthcheckAsyncHandler.saveResult(SingularityHealthcheckAsyncHandler.java:101)
	at com.hubspot.singularity.scheduler.SingularityHealthchecker.saveFailure(SingularityHealthchecker.java:236)
	at com.hubspot.singularity.scheduler.SingularityHealthchecker.asyncHealthcheck(SingularityHealthchecker.java:274)
	at com.hubspot.singularity.scheduler.SingularityHealthchecker.access$000(SingularityHealthchecker.java:44)
	at com.hubspot.singularity.scheduler.SingularityHealthchecker$1.run(SingularityHealthchecker.java:185)
	at java.util.concurrent.Executors$RunnableAdapter.call(Executors.java:511)
	at java.util.concurrent.FutureTask.run(FutureTask.java:266)
	at java.util.concurrent.ScheduledThreadPoolExecutor$ScheduledFutureTask.access$201(ScheduledThreadPoolExecutor.java:180)
	at java.util.concurrent.ScheduledThreadPoolExecutor$ScheduledFutureTask.run(ScheduledThreadPoolExecutor.java:293)
	at java.util.concurrent.ThreadPoolExecutor.runWorker(ThreadPoolExecutor.java:1142)
	at java.util.concurrent.ThreadPoolExecutor$Worker.run(ThreadPoolExecutor.java:617)
	at java.lang.Thread.run(Thread.java:745)
15:19:51.992 [healthcheck-pool-2] ERROR com.hubspot.singularity.scheduler.SingularityHealthchecker - Caught throwable while saving health check result for test-request-firstDeployId-1503501593768-2-host1-rack1, will re-enqueue
java.lang.IllegalStateException: instance must be started before calling this method
	at com.google.common.base.Preconditions.checkState(Preconditions.java:174)
	at org.apache.curator.framework.imps.CuratorFrameworkImpl.checkExists(CuratorFrameworkImpl.java:355)
	at com.hubspot.singularity.data.CuratorManager.checkExists(CuratorManager.java:109)
	at com.hubspot.singularity.data.CuratorManager.exists(CuratorManager.java:122)
	at com.hubspot.singularity.data.TaskManager.canSaveNewHealthcheck(TaskManager.java:314)
	at com.hubspot.singularity.data.TaskManager.saveHealthcheckResult(TaskManager.java:303)
	at com.hubspot.singularity.scheduler.SingularityHealthcheckAsyncHandler.saveResult(SingularityHealthcheckAsyncHandler.java:76)
	at com.hubspot.singularity.scheduler.SingularityHealthchecker.saveFailure(SingularityHealthchecker.java:236)
	at com.hubspot.singularity.scheduler.SingularityHealthchecker.asyncHealthcheck(SingularityHealthchecker.java:274)
	at com.hubspot.singularity.scheduler.SingularityHealthchecker.access$000(SingularityHealthchecker.java:44)
	at com.hubspot.singularity.scheduler.SingularityHealthchecker$1.run(SingularityHealthchecker.java:185)
	at java.util.concurrent.Executors$RunnableAdapter.call(Executors.java:511)
	at java.util.concurrent.FutureTask.run(FutureTask.java:266)
	at java.util.concurrent.ScheduledThreadPoolExecutor$ScheduledFutureTask.access$201(ScheduledThreadPoolExecutor.java:180)
	at java.util.concurrent.ScheduledThreadPoolExecutor$ScheduledFutureTask.run(ScheduledThreadPoolExecutor.java:293)
	at java.util.concurrent.ThreadPoolExecutor.runWorker(ThreadPoolExecutor.java:1142)
	at java.util.concurrent.ThreadPoolExecutor$Worker.run(ThreadPoolExecutor.java:617)
	at java.lang.Thread.run(Thread.java:745)
15:19:51.994 [healthcheck-pool-2] ERROR com.hubspot.singularity.scheduler.SingularityHealthchecker - Caught throwable while re-enqueuing health check for test-request-firstDeployId-1503501593768-2-host1-rack1, aborting
java.lang.IllegalStateException: instance must be started before calling this method
	at com.google.common.base.Preconditions.checkState(Preconditions.java:174)
	at org.apache.curator.framework.imps.CuratorFrameworkImpl.getChildren(CuratorFrameworkImpl.java:379)
	at com.hubspot.singularity.data.CuratorManager.getChildren(CuratorManager.java:130)
	at com.hubspot.singularity.data.CuratorAsyncManager.getAsyncChildrenThrows(CuratorAsyncManager.java:53)
	at com.hubspot.singularity.data.CuratorAsyncManager.getAsyncChildren(CuratorAsyncManager.java:253)
	at com.hubspot.singularity.data.TaskManager.getTaskHistoryUpdates(TaskManager.java:409)
	at com.hubspot.singularity.scheduler.SingularityHealthchecker.enqueueHealthcheck(SingularityHealthchecker.java:83)
	at com.hubspot.singularity.scheduler.SingularityHealthchecker.reEnqueueOrAbort(SingularityHealthchecker.java:199)
	at com.hubspot.singularity.scheduler.SingularityHealthcheckAsyncHandler.saveResult(SingularityHealthcheckAsyncHandler.java:101)
	at com.hubspot.singularity.scheduler.SingularityHealthchecker.saveFailure(SingularityHealthchecker.java:236)
	at com.hubspot.singularity.scheduler.SingularityHealthchecker.asyncHealthcheck(SingularityHealthchecker.java:274)
	at com.hubspot.singularity.scheduler.SingularityHealthchecker.access$000(SingularityHealthchecker.java:44)
	at com.hubspot.singularity.scheduler.SingularityHealthchecker$1.run(SingularityHealthchecker.java:185)
	at java.util.concurrent.Executors$RunnableAdapter.call(Executors.java:511)
	at java.util.concurrent.FutureTask.run(FutureTask.java:266)
	at java.util.concurrent.ScheduledThreadPoolExecutor$ScheduledFutureTask.access$201(ScheduledThreadPoolExecutor.java:180)
	at java.util.concurrent.ScheduledThreadPoolExecutor$ScheduledFutureTask.run(ScheduledThreadPoolExecutor.java:293)
	at java.util.concurrent.ThreadPoolExecutor.runWorker(ThreadPoolExecutor.java:1142)
	at java.util.concurrent.ThreadPoolExecutor$Worker.run(ThreadPoolExecutor.java:617)
	at java.lang.Thread.run(Thread.java:745)
15:19:52.050 [healthcheck-pool-1] ERROR com.hubspot.singularity.scheduler.SingularityHealthchecker - Caught throwable while saving health check result for test-request-firstDeployId-1503501593768-3-host1-rack1, will re-enqueue
java.lang.IllegalStateException: instance must be started before calling this method
	at com.google.common.base.Preconditions.checkState(Preconditions.java:174)
	at org.apache.curator.framework.imps.CuratorFrameworkImpl.checkExists(CuratorFrameworkImpl.java:355)
	at com.hubspot.singularity.data.CuratorManager.checkExists(CuratorManager.java:109)
	at com.hubspot.singularity.data.CuratorManager.exists(CuratorManager.java:122)
	at com.hubspot.singularity.data.TaskManager.canSaveNewHealthcheck(TaskManager.java:314)
	at com.hubspot.singularity.data.TaskManager.saveHealthcheckResult(TaskManager.java:303)
	at com.hubspot.singularity.scheduler.SingularityHealthcheckAsyncHandler.saveResult(SingularityHealthcheckAsyncHandler.java:76)
	at com.hubspot.singularity.scheduler.SingularityHealthchecker.saveFailure(SingularityHealthchecker.java:236)
	at com.hubspot.singularity.scheduler.SingularityHealthchecker.asyncHealthcheck(SingularityHealthchecker.java:274)
	at com.hubspot.singularity.scheduler.SingularityHealthchecker.access$000(SingularityHealthchecker.java:44)
	at com.hubspot.singularity.scheduler.SingularityHealthchecker$1.run(SingularityHealthchecker.java:185)
	at java.util.concurrent.Executors$RunnableAdapter.call(Executors.java:511)
	at java.util.concurrent.FutureTask.run(FutureTask.java:266)
	at java.util.concurrent.ScheduledThreadPoolExecutor$ScheduledFutureTask.access$201(ScheduledThreadPoolExecutor.java:180)
	at java.util.concurrent.ScheduledThreadPoolExecutor$ScheduledFutureTask.run(ScheduledThreadPoolExecutor.java:293)
	at java.util.concurrent.ThreadPoolExecutor.runWorker(ThreadPoolExecutor.java:1142)
	at java.util.concurrent.ThreadPoolExecutor$Worker.run(ThreadPoolExecutor.java:617)
	at java.lang.Thread.run(Thread.java:745)
15:19:52.052 [healthcheck-pool-1] ERROR com.hubspot.singularity.scheduler.SingularityHealthchecker - Caught throwable while re-enqueuing health check for test-request-firstDeployId-1503501593768-3-host1-rack1, aborting
java.lang.IllegalStateException: instance must be started before calling this method
	at com.google.common.base.Preconditions.checkState(Preconditions.java:174)
	at org.apache.curator.framework.imps.CuratorFrameworkImpl.getChildren(CuratorFrameworkImpl.java:379)
	at com.hubspot.singularity.data.CuratorManager.getChildren(CuratorManager.java:130)
	at com.hubspot.singularity.data.CuratorAsyncManager.getAsyncChildrenThrows(CuratorAsyncManager.java:53)
	at com.hubspot.singularity.data.CuratorAsyncManager.getAsyncChildren(CuratorAsyncManager.java:253)
	at com.hubspot.singularity.data.TaskManager.getTaskHistoryUpdates(TaskManager.java:409)
	at com.hubspot.singularity.scheduler.SingularityHealthchecker.enqueueHealthcheck(SingularityHealthchecker.java:83)
	at com.hubspot.singularity.scheduler.SingularityHealthchecker.reEnqueueOrAbort(SingularityHealthchecker.java:199)
	at com.hubspot.singularity.scheduler.SingularityHealthcheckAsyncHandler.saveResult(SingularityHealthcheckAsyncHandler.java:101)
	at com.hubspot.singularity.scheduler.SingularityHealthchecker.saveFailure(SingularityHealthchecker.java:236)
	at com.hubspot.singularity.scheduler.SingularityHealthchecker.asyncHealthcheck(SingularityHealthchecker.java:274)
	at com.hubspot.singularity.scheduler.SingularityHealthchecker.access$000(SingularityHealthchecker.java:44)
	at com.hubspot.singularity.scheduler.SingularityHealthchecker$1.run(SingularityHealthchecker.java:185)
	at java.util.concurrent.Executors$RunnableAdapter.call(Executors.java:511)
	at java.util.concurrent.FutureTask.run(FutureTask.java:266)
	at java.util.concurrent.ScheduledThreadPoolExecutor$ScheduledFutureTask.access$201(ScheduledThreadPoolExecutor.java:180)
	at java.util.concurrent.ScheduledThreadPoolExecutor$ScheduledFutureTask.run(ScheduledThreadPoolExecutor.java:293)
	at java.util.concurrent.ThreadPoolExecutor.runWorker(ThreadPoolExecutor.java:1142)
	at java.util.concurrent.ThreadPoolExecutor$Worker.run(ThreadPoolExecutor.java:617)
	at java.lang.Thread.run(Thread.java:745)
Tests run: 12, Failures: 0, Errors: 0, Skipped: 0, Time elapsed: 24.465 sec - in com.hubspot.singularity.scheduler.SingularitySlavePlacementTest
15:20:28.837 [check-new-task-pool-0] ERROR com.hubspot.singularity.scheduler.SingularityNewTaskChecker - Uncaught throwable in task check for task SingularityTask{taskRequest=SingularityTaskRequest{request=SingularityRequest{id='test-request', requestType=WORKER, owners=Optional.absent(), numRetriesOnFailure=Optional.absent(), schedule=Optional.absent(), quartzSchedule=Optional.absent(), scheduleType=Optional.absent(), scheduleTimeZone=Optional.absent(), killOldNonLongRunningTasksAfterMillis=Optional.absent(), taskExecutionTimeLimitMillis=Optional.absent(), scheduledExpectedRuntimeMillis=Optional.absent(), waitAtLeastMillisAfterTaskFinishesForReschedule=Optional.absent(), instances=Optional.absent(), skipHealthchecks=Optional.absent(), rackSensitive=Optional.absent(), rackAffinity=Optional.absent(), slavePlacement=Optional.absent(), requiredSlaveAttributes=Optional.absent(), allowedSlaveAttributes=Optional.absent(), loadBalanced=Optional.of(false), group=Optional.absent(), requiredRole=Optional.absent(), readWriteGroups=Optional.absent(), readOnlyGroups=Optional.absent(), bounceAfterScale=Optional.absent(), emailConfigurationOverrides=Optional.absent(), hideEvenNumberAcrossRacksHint=Optional.absent(), taskLogErrorRegex=Optional.absent(), taskLogErrorRegexCaseSensitive=Optional.absent(), taskPriorityLevel=Optional.absent(), maxTasksPerOffer=Optional.absent(), allowBounceToSameHost=Optional.absent()}, deploy=SingularityDeploy{requestId='test-request', id='firstDeployId', version=Optional.absent(), timestamp=Optional.absent(), metadata=Optional.absent(), containerInfo=Optional.absent(), customExecutorCmd=Optional.absent(), customExecutorId=Optional.absent(), customExecutorSource=Optional.absent(), customExecutorResources=Optional.absent(), resources=Optional.absent(), command=Optional.of(sleep 100), arguments=Optional.absent(), env=Optional.absent(), uris=Optional.absent(), executorData=Optional.absent(), labels=Optional.absent(), mesosLabels=Optional.absent(), taskLabels=Optional.absent(), mesosTaskLabels=Optional.absent(), taskEnv=Optional.absent(), healthcheckUri=Optional.absent(), healthcheckIntervalSeconds=Optional.absent(), healthcheckTimeoutSeconds=Optional.absent(), healthcheckPortIndex=Optional.absent(), healthcheckProtocol=Optional.absent(), healthcheckMaxRetries=Optional.absent(), healthcheckMaxTotalTimeoutSeconds=Optional.absent(), healthcheck=Optional.of(HealthcheckOptions{uri='http://uri', portIndex=Optional.absent(), portNumber=Optional.absent(), protocol=Optional.absent(), startupTimeoutSeconds=Optional.absent(), startupDelaySeconds=Optional.absent(), startupIntervalSeconds=Optional.absent(), intervalSeconds=Optional.absent(), responseTimeoutSeconds=Optional.absent(), maxRetries=Optional.absent(), failureStatusCodes=Optional.absent()}), skipHealthchecksOnDeploy=Optional.absent(), deployHealthTimeoutSeconds=Optional.absent(), considerHealthyAfterRunningForSeconds=Optional.absent(), serviceBasePath=Optional.absent(), loadBalancerGroups=Optional.absent(), loadBalancerPortIndex=Optional.absent(), loadBalancerOptions=Optional.absent(), loadBalancerDomains=Optional.absent(), loadBalancerAdditionalRoutes=Optional.absent(), loadBalancerTemplate=Optional.absent(), loadBalancerServiceIdOverride=Optional.absent(), loadBalancerUpstreamGroup=Optional.absent(), deployInstanceCountPerStep=Optional.absent(), deployStepWaitTimeMs=Optional.absent(), autoAdvanceDeploySteps=Optional.absent(), maxTaskRetries=Optional.absent(), shell=Optional.absent(), user=Optional.absent()}, pendingTask=SingularityPendingTask{pendingTaskId=test-request-firstDeployId-1503501507786-1-IMMEDIATE-1503501507786, cmdLineArgsList=Optional.absent(), user=Optional.absent(), runId=Optional.absent(), skipHealthchecks=Optional.absent(), message=Optional.absent(), resources=Optional.absent(), actionId=Optional.absent()}}, offer=id { value: "offer329"}framework_id { value: "framework1"}slave_id { value: "slave1"}hostname: "host1"resources { name: "cpus" type: SCALAR scalar { value: 125.0 }}resources { name: "mem" type: SCALAR scalar { value: 1024.0 }}resources { name: "ports" type: RANGES ranges { }}attributes { name: "rackid" type: TEXT text { value: "DEFAULT" }}, mesosTask=name: "name"task_id { value: "test-request-firstDeployId-1503501507786-1-host1-rack1"}slave_id { value: "slave1"}, rackId=Optional.of(rack1)}, re-enqueing
java.lang.IllegalStateException: instance must be started before calling this method
	at com.google.common.base.Preconditions.checkState(Preconditions.java:174)
	at org.apache.curator.framework.imps.CuratorFrameworkImpl.getData(CuratorFrameworkImpl.java:363)
	at com.hubspot.singularity.data.CuratorManager.getData(CuratorManager.java:256)
	at com.hubspot.singularity.data.CuratorManager.getData(CuratorManager.java:289)
	at com.hubspot.singularity.data.RequestManager.getRequest(RequestManager.java:331)
	at com.hubspot.singularity.scheduler.SingularityNewTaskChecker$1.run(SingularityNewTaskChecker.java:199)
	at java.util.concurrent.Executors$RunnableAdapter.call(Executors.java:511)
	at java.util.concurrent.FutureTask.run(FutureTask.java:266)
	at java.util.concurrent.ScheduledThreadPoolExecutor$ScheduledFutureTask.access$201(ScheduledThreadPoolExecutor.java:180)
	at java.util.concurrent.ScheduledThreadPoolExecutor$ScheduledFutureTask.run(ScheduledThreadPoolExecutor.java:293)
	at java.util.concurrent.ThreadPoolExecutor.runWorker(ThreadPoolExecutor.java:1142)
	at java.util.concurrent.ThreadPoolExecutor$Worker.run(ThreadPoolExecutor.java:617)
	at java.lang.Thread.run(Thread.java:745)
15:20:28.844 [check-new-task-pool-0] ERROR com.hubspot.singularity.scheduler.SingularityNewTaskChecker - Uncaught throwable re-enqueuing task check for task SingularityTask{taskRequest=SingularityTaskRequest{request=SingularityRequest{id='test-request', requestType=WORKER, owners=Optional.absent(), numRetriesOnFailure=Optional.absent(), schedule=Optional.absent(), quartzSchedule=Optional.absent(), scheduleType=Optional.absent(), scheduleTimeZone=Optional.absent(), killOldNonLongRunningTasksAfterMillis=Optional.absent(), taskExecutionTimeLimitMillis=Optional.absent(), scheduledExpectedRuntimeMillis=Optional.absent(), waitAtLeastMillisAfterTaskFinishesForReschedule=Optional.absent(), instances=Optional.absent(), skipHealthchecks=Optional.absent(), rackSensitive=Optional.absent(), rackAffinity=Optional.absent(), slavePlacement=Optional.absent(), requiredSlaveAttributes=Optional.absent(), allowedSlaveAttributes=Optional.absent(), loadBalanced=Optional.of(false), group=Optional.absent(), requiredRole=Optional.absent(), readWriteGroups=Optional.absent(), readOnlyGroups=Optional.absent(), bounceAfterScale=Optional.absent(), emailConfigurationOverrides=Optional.absent(), hideEvenNumberAcrossRacksHint=Optional.absent(), taskLogErrorRegex=Optional.absent(), taskLogErrorRegexCaseSensitive=Optional.absent(), taskPriorityLevel=Optional.absent(), maxTasksPerOffer=Optional.absent(), allowBounceToSameHost=Optional.absent()}, deploy=SingularityDeploy{requestId='test-request', id='firstDeployId', version=Optional.absent(), timestamp=Optional.absent(), metadata=Optional.absent(), containerInfo=Optional.absent(), customExecutorCmd=Optional.absent(), customExecutorId=Optional.absent(), customExecutorSource=Optional.absent(), customExecutorResources=Optional.absent(), resources=Optional.absent(), command=Optional.of(sleep 100), arguments=Optional.absent(), env=Optional.absent(), uris=Optional.absent(), executorData=Optional.absent(), labels=Optional.absent(), mesosLabels=Optional.absent(), taskLabels=Optional.absent(), mesosTaskLabels=Optional.absent(), taskEnv=Optional.absent(), healthcheckUri=Optional.absent(), healthcheckIntervalSeconds=Optional.absent(), healthcheckTimeoutSeconds=Optional.absent(), healthcheckPortIndex=Optional.absent(), healthcheckProtocol=Optional.absent(), healthcheckMaxRetries=Optional.absent(), healthcheckMaxTotalTimeoutSeconds=Optional.absent(), healthcheck=Optional.of(HealthcheckOptions{uri='http://uri', portIndex=Optional.absent(), portNumber=Optional.absent(), protocol=Optional.absent(), startupTimeoutSeconds=Optional.absent(), startupDelaySeconds=Optional.absent(), startupIntervalSeconds=Optional.absent(), intervalSeconds=Optional.absent(), responseTimeoutSeconds=Optional.absent(), maxRetries=Optional.absent(), failureStatusCodes=Optional.absent()}), skipHealthchecksOnDeploy=Optional.absent(), deployHealthTimeoutSeconds=Optional.absent(), considerHealthyAfterRunningForSeconds=Optional.absent(), serviceBasePath=Optional.absent(), loadBalancerGroups=Optional.absent(), loadBalancerPortIndex=Optional.absent(), loadBalancerOptions=Optional.absent(), loadBalancerDomains=Optional.absent(), loadBalancerAdditionalRoutes=Optional.absent(), loadBalancerTemplate=Optional.absent(), loadBalancerServiceIdOverride=Optional.absent(), loadBalancerUpstreamGroup=Optional.absent(), deployInstanceCountPerStep=Optional.absent(), deployStepWaitTimeMs=Optional.absent(), autoAdvanceDeploySteps=Optional.absent(), maxTaskRetries=Optional.absent(), shell=Optional.absent(), user=Optional.absent()}, pendingTask=SingularityPendingTask{pendingTaskId=test-request-firstDeployId-1503501507786-1-IMMEDIATE-1503501507786, cmdLineArgsList=Optional.absent(), user=Optional.absent(), runId=Optional.absent(), skipHealthchecks=Optional.absent(), message=Optional.absent(), resources=Optional.absent(), actionId=Optional.absent()}}, offer=id { value: "offer329"}framework_id { value: "framework1"}slave_id { value: "slave1"}hostname: "host1"resources { name: "cpus" type: SCALAR scalar { value: 125.0 }}resources { name: "mem" type: SCALAR scalar { value: 1024.0 }}resources { name: "ports" type: RANGES ranges { }}attributes { name: "rackid" type: TEXT text { value: "DEFAULT" }}, mesosTask=name: "name"task_id { value: "test-request-firstDeployId-1503501507786-1-host1-rack1"}slave_id { value: "slave1"}, rackId=Optional.of(rack1)}, aborting
java.util.concurrent.RejectedExecutionException: Task java.util.concurrent.ScheduledThreadPoolExecutor$ScheduledFutureTask@5f012e42 rejected from java.util.concurrent.ScheduledThreadPoolExecutor@51c6dbd2[Shutting down, pool size = 2, active threads = 1, queued tasks = 0, completed tasks = 0]
	at java.util.concurrent.ThreadPoolExecutor$AbortPolicy.rejectedExecution(ThreadPoolExecutor.java:2047)
	at java.util.concurrent.ThreadPoolExecutor.reject(ThreadPoolExecutor.java:823)
	at java.util.concurrent.ScheduledThreadPoolExecutor.delayedExecute(ScheduledThreadPoolExecutor.java:326)
	at java.util.concurrent.ScheduledThreadPoolExecutor.schedule(ScheduledThreadPoolExecutor.java:533)
	at com.hubspot.singularity.scheduler.SingularityNewTaskChecker.enqueueCheckWithDelay(SingularityNewTaskChecker.java:240)
	at com.hubspot.singularity.scheduler.SingularityNewTaskChecker.reEnqueueCheck(SingularityNewTaskChecker.java:234)
	at com.hubspot.singularity.scheduler.SingularityNewTaskChecker.reEnqueueCheckOrAbort(SingularityNewTaskChecker.java:225)
	at com.hubspot.singularity.scheduler.SingularityNewTaskChecker.access$600(SingularityNewTaskChecker.java:56)
	at com.hubspot.singularity.scheduler.SingularityNewTaskChecker$1.run(SingularityNewTaskChecker.java:217)
	at java.util.concurrent.Executors$RunnableAdapter.call(Executors.java:511)
	at java.util.concurrent.FutureTask.run(FutureTask.java:266)
	at java.util.concurrent.ScheduledThreadPoolExecutor$ScheduledFutureTask.access$201(ScheduledThreadPoolExecutor.java:180)
	at java.util.concurrent.ScheduledThreadPoolExecutor$ScheduledFutureTask.run(ScheduledThreadPoolExecutor.java:293)
	at java.util.concurrent.ThreadPoolExecutor.runWorker(ThreadPoolExecutor.java:1142)
	at java.util.concurrent.ThreadPoolExecutor$Worker.run(ThreadPoolExecutor.java:617)
	at java.lang.Thread.run(Thread.java:745)
15:20:32.962 [main] ERROR com.hubspot.singularity.scheduler.SingularityCleaner - LB delete request SingularityLoadBalancerUpdate{loadBalancerState=FAILED, message=Optional.absent(), timestamp=1503501632958, uri=Optional.absent(), method=CHECK_STATE, loadBalancerRequestId=test-request-1503501632937-DELETE-1} (test-request-1503501632937-DELETE-1) got unexpected response FAILED
15:20:42.723 [main] ERROR com.hubspot.singularity.scheduler.SingularityCleaner - LB removal request SingularityLoadBalancerUpdate{loadBalancerState=FAILED, message=Optional.absent(), timestamp=1503501642721, uri=Optional.absent(), method=CHECK_STATE, loadBalancerRequestId=test-request-firstDeployId-1503501642585-1-host1-rack1-REMOVE-1} (test-request-firstDeployId-1503501642585-1-host1-rack1-REMOVE-1) got unexpected response FAILED
15:20:55.755 [healthcheck-pool-0] ERROR com.hubspot.singularity.scheduler.SingularityHealthchecker - Caught throwable while saving health check result for test-request-firstDeployId-1503501653718-2-host2-rack1, will re-enqueue
java.lang.IllegalStateException: instance must be started before calling this method
	at com.google.common.base.Preconditions.checkState(Preconditions.java:174)
	at org.apache.curator.framework.imps.CuratorFrameworkImpl.checkExists(CuratorFrameworkImpl.java:355)
	at com.hubspot.singularity.data.CuratorManager.checkExists(CuratorManager.java:109)
	at com.hubspot.singularity.data.CuratorManager.exists(CuratorManager.java:122)
	at com.hubspot.singularity.data.TaskManager.canSaveNewHealthcheck(TaskManager.java:314)
	at com.hubspot.singularity.data.TaskManager.saveHealthcheckResult(TaskManager.java:303)
	at com.hubspot.singularity.scheduler.SingularityHealthcheckAsyncHandler.saveResult(SingularityHealthcheckAsyncHandler.java:76)
	at com.hubspot.singularity.scheduler.SingularityHealthchecker.saveFailure(SingularityHealthchecker.java:236)
	at com.hubspot.singularity.scheduler.SingularityHealthchecker.asyncHealthcheck(SingularityHealthchecker.java:274)
	at com.hubspot.singularity.scheduler.SingularityHealthchecker.access$000(SingularityHealthchecker.java:44)
	at com.hubspot.singularity.scheduler.SingularityHealthchecker$1.run(SingularityHealthchecker.java:185)
	at java.util.concurrent.Executors$RunnableAdapter.call(Executors.java:511)
	at java.util.concurrent.FutureTask.run(FutureTask.java:266)
	at java.util.concurrent.ScheduledThreadPoolExecutor$ScheduledFutureTask.access$201(ScheduledThreadPoolExecutor.java:180)
	at java.util.concurrent.ScheduledThreadPoolExecutor$ScheduledFutureTask.run(ScheduledThreadPoolExecutor.java:293)
	at java.util.concurrent.ThreadPoolExecutor.runWorker(ThreadPoolExecutor.java:1142)
	at java.util.concurrent.ThreadPoolExecutor$Worker.run(ThreadPoolExecutor.java:617)
	at java.lang.Thread.run(Thread.java:745)
15:20:55.757 [healthcheck-pool-0] ERROR com.hubspot.singularity.scheduler.SingularityHealthchecker - Caught throwable while re-enqueuing health check for test-request-firstDeployId-1503501653718-2-host2-rack1, aborting
java.lang.IllegalStateException: instance must be started before calling this method
	at com.google.common.base.Preconditions.checkState(Preconditions.java:174)
	at org.apache.curator.framework.imps.CuratorFrameworkImpl.getChildren(CuratorFrameworkImpl.java:379)
	at com.hubspot.singularity.data.CuratorManager.getChildren(CuratorManager.java:130)
	at com.hubspot.singularity.data.CuratorAsyncManager.getAsyncChildrenThrows(CuratorAsyncManager.java:53)
	at com.hubspot.singularity.data.CuratorAsyncManager.getAsyncChildren(CuratorAsyncManager.java:253)
	at com.hubspot.singularity.data.TaskManager.getTaskHistoryUpdates(TaskManager.java:409)
	at com.hubspot.singularity.scheduler.SingularityHealthchecker.enqueueHealthcheck(SingularityHealthchecker.java:83)
	at com.hubspot.singularity.scheduler.SingularityHealthchecker.reEnqueueOrAbort(SingularityHealthchecker.java:199)
	at com.hubspot.singularity.scheduler.SingularityHealthcheckAsyncHandler.saveResult(SingularityHealthcheckAsyncHandler.java:101)
	at com.hubspot.singularity.scheduler.SingularityHealthchecker.saveFailure(SingularityHealthchecker.java:236)
	at com.hubspot.singularity.scheduler.SingularityHealthchecker.asyncHealthcheck(SingularityHealthchecker.java:274)
	at com.hubspot.singularity.scheduler.SingularityHealthchecker.access$000(SingularityHealthchecker.java:44)
	at com.hubspot.singularity.scheduler.SingularityHealthchecker$1.run(SingularityHealthchecker.java:185)
	at java.util.concurrent.Executors$RunnableAdapter.call(Executors.java:511)
	at java.util.concurrent.FutureTask.run(FutureTask.java:266)
	at java.util.concurrent.ScheduledThreadPoolExecutor$ScheduledFutureTask.access$201(ScheduledThreadPoolExecutor.java:180)
	at java.util.concurrent.ScheduledThreadPoolExecutor$ScheduledFutureTask.run(ScheduledThreadPoolExecutor.java:293)
	at java.util.concurrent.ThreadPoolExecutor.runWorker(ThreadPoolExecutor.java:1142)
	at java.util.concurrent.ThreadPoolExecutor$Worker.run(ThreadPoolExecutor.java:617)
	at java.lang.Thread.run(Thread.java:745)
15:20:55.891 [healthcheck-pool-1] ERROR com.hubspot.singularity.scheduler.SingularityHealthchecker - Caught throwable while saving health check result for test-request-firstDeployId-1503501653867-1-host3-DEFAULT, will re-enqueue
java.lang.IllegalStateException: instance must be started before calling this method
	at com.google.common.base.Preconditions.checkState(Preconditions.java:174)
	at org.apache.curator.framework.imps.CuratorFrameworkImpl.checkExists(CuratorFrameworkImpl.java:355)
	at com.hubspot.singularity.data.CuratorManager.checkExists(CuratorManager.java:109)
	at com.hubspot.singularity.data.CuratorManager.exists(CuratorManager.java:122)
	at com.hubspot.singularity.data.TaskManager.canSaveNewHealthcheck(TaskManager.java:314)
	at com.hubspot.singularity.data.TaskManager.saveHealthcheckResult(TaskManager.java:303)
	at com.hubspot.singularity.scheduler.SingularityHealthcheckAsyncHandler.saveResult(SingularityHealthcheckAsyncHandler.java:76)
	at com.hubspot.singularity.scheduler.SingularityHealthchecker.saveFailure(SingularityHealthchecker.java:236)
	at com.hubspot.singularity.scheduler.SingularityHealthchecker.asyncHealthcheck(SingularityHealthchecker.java:274)
	at com.hubspot.singularity.scheduler.SingularityHealthchecker.access$000(SingularityHealthchecker.java:44)
	at com.hubspot.singularity.scheduler.SingularityHealthchecker$1.run(SingularityHealthchecker.java:185)
	at java.util.concurrent.Executors$RunnableAdapter.call(Executors.java:511)
	at java.util.concurrent.FutureTask.run(FutureTask.java:266)
	at java.util.concurrent.ScheduledThreadPoolExecutor$ScheduledFutureTask.access$201(ScheduledThreadPoolExecutor.java:180)
	at java.util.concurrent.ScheduledThreadPoolExecutor$ScheduledFutureTask.run(ScheduledThreadPoolExecutor.java:293)
	at java.util.concurrent.ThreadPoolExecutor.runWorker(ThreadPoolExecutor.java:1142)
	at java.util.concurrent.ThreadPoolExecutor$Worker.run(ThreadPoolExecutor.java:617)
	at java.lang.Thread.run(Thread.java:745)
15:20:55.893 [healthcheck-pool-1] ERROR com.hubspot.singularity.scheduler.SingularityHealthchecker - Caught throwable while re-enqueuing health check for test-request-firstDeployId-1503501653867-1-host3-DEFAULT, aborting
java.lang.IllegalStateException: instance must be started before calling this method
	at com.google.common.base.Preconditions.checkState(Preconditions.java:174)
	at org.apache.curator.framework.imps.CuratorFrameworkImpl.getChildren(CuratorFrameworkImpl.java:379)
	at com.hubspot.singularity.data.CuratorManager.getChildren(CuratorManager.java:130)
	at com.hubspot.singularity.data.CuratorAsyncManager.getAsyncChildrenThrows(CuratorAsyncManager.java:53)
	at com.hubspot.singularity.data.CuratorAsyncManager.getAsyncChildren(CuratorAsyncManager.java:253)
	at com.hubspot.singularity.data.TaskManager.getTaskHistoryUpdates(TaskManager.java:409)
	at com.hubspot.singularity.scheduler.SingularityHealthchecker.enqueueHealthcheck(SingularityHealthchecker.java:83)
	at com.hubspot.singularity.scheduler.SingularityHealthchecker.reEnqueueOrAbort(SingularityHealthchecker.java:199)
	at com.hubspot.singularity.scheduler.SingularityHealthcheckAsyncHandler.saveResult(SingularityHealthcheckAsyncHandler.java:101)
	at com.hubspot.singularity.scheduler.SingularityHealthchecker.saveFailure(SingularityHealthchecker.java:236)
	at com.hubspot.singularity.scheduler.SingularityHealthchecker.asyncHealthcheck(SingularityHealthchecker.java:274)
	at com.hubspot.singularity.scheduler.SingularityHealthchecker.access$000(SingularityHealthchecker.java:44)
	at com.hubspot.singularity.scheduler.SingularityHealthchecker$1.run(SingularityHealthchecker.java:185)
	at java.util.concurrent.Executors$RunnableAdapter.call(Executors.java:511)
	at java.util.concurrent.FutureTask.run(FutureTask.java:266)
	at java.util.concurrent.ScheduledThreadPoolExecutor$ScheduledFutureTask.access$201(ScheduledThreadPoolExecutor.java:180)
	at java.util.concurrent.ScheduledThreadPoolExecutor$ScheduledFutureTask.run(ScheduledThreadPoolExecutor.java:293)
	at java.util.concurrent.ThreadPoolExecutor.runWorker(ThreadPoolExecutor.java:1142)
	at java.util.concurrent.ThreadPoolExecutor$Worker.run(ThreadPoolExecutor.java:617)
	at java.lang.Thread.run(Thread.java:745)
15:20:56.057 [healthcheck-pool-1] ERROR com.hubspot.singularity.scheduler.SingularityHealthchecker - Caught throwable while saving health check result for test-request-firstDeployId-1503501654018-2-host1-DEFAULT, will re-enqueue
java.lang.IllegalStateException: instance must be started before calling this method
	at com.google.common.base.Preconditions.checkState(Preconditions.java:174)
	at org.apache.curator.framework.imps.CuratorFrameworkImpl.checkExists(CuratorFrameworkImpl.java:355)
	at com.hubspot.singularity.data.CuratorManager.checkExists(CuratorManager.java:109)
	at com.hubspot.singularity.data.CuratorManager.exists(CuratorManager.java:122)
	at com.hubspot.singularity.data.TaskManager.canSaveNewHealthcheck(TaskManager.java:314)
	at com.hubspot.singularity.data.TaskManager.saveHealthcheckResult(TaskManager.java:303)
	at com.hubspot.singularity.scheduler.SingularityHealthcheckAsyncHandler.saveResult(SingularityHealthcheckAsyncHandler.java:76)
	at com.hubspot.singularity.scheduler.SingularityHealthchecker.saveFailure(SingularityHealthchecker.java:236)
	at com.hubspot.singularity.scheduler.SingularityHealthchecker.asyncHealthcheck(SingularityHealthchecker.java:274)
	at com.hubspot.singularity.scheduler.SingularityHealthchecker.access$000(SingularityHealthchecker.java:44)
	at com.hubspot.singularity.scheduler.SingularityHealthchecker$1.run(SingularityHealthchecker.java:185)
	at java.util.concurrent.Executors$RunnableAdapter.call(Executors.java:511)
	at java.util.concurrent.FutureTask.run(FutureTask.java:266)
	at java.util.concurrent.ScheduledThreadPoolExecutor$ScheduledFutureTask.access$201(ScheduledThreadPoolExecutor.java:180)
	at java.util.concurrent.ScheduledThreadPoolExecutor$ScheduledFutureTask.run(ScheduledThreadPoolExecutor.java:293)
	at java.util.concurrent.ThreadPoolExecutor.runWorker(ThreadPoolExecutor.java:1142)
	at java.util.concurrent.ThreadPoolExecutor$Worker.run(ThreadPoolExecutor.java:617)
	at java.lang.Thread.run(Thread.java:745)
15:20:56.057 [healthcheck-pool-1] ERROR com.hubspot.singularity.scheduler.SingularityHealthchecker - Caught throwable while re-enqueuing health check for test-request-firstDeployId-1503501654018-2-host1-DEFAULT, aborting
java.lang.IllegalStateException: instance must be started before calling this method
	at com.google.common.base.Preconditions.checkState(Preconditions.java:174)
	at org.apache.curator.framework.imps.CuratorFrameworkImpl.getChildren(CuratorFrameworkImpl.java:379)
	at com.hubspot.singularity.data.CuratorManager.getChildren(CuratorManager.java:130)
	at com.hubspot.singularity.data.CuratorAsyncManager.getAsyncChildrenThrows(CuratorAsyncManager.java:53)
	at com.hubspot.singularity.data.CuratorAsyncManager.getAsyncChildren(CuratorAsyncManager.java:253)
	at com.hubspot.singularity.data.TaskManager.getTaskHistoryUpdates(TaskManager.java:409)
	at com.hubspot.singularity.scheduler.SingularityHealthchecker.enqueueHealthcheck(SingularityHealthchecker.java:83)
	at com.hubspot.singularity.scheduler.SingularityHealthchecker.reEnqueueOrAbort(SingularityHealthchecker.java:199)
	at com.hubspot.singularity.scheduler.SingularityHealthcheckAsyncHandler.saveResult(SingularityHealthcheckAsyncHandler.java:101)
	at com.hubspot.singularity.scheduler.SingularityHealthchecker.saveFailure(SingularityHealthchecker.java:236)
	at com.hubspot.singularity.scheduler.SingularityHealthchecker.asyncHealthcheck(SingularityHealthchecker.java:274)
	at com.hubspot.singularity.scheduler.SingularityHealthchecker.access$000(SingularityHealthchecker.java:44)
	at com.hubspot.singularity.scheduler.SingularityHealthchecker$1.run(SingularityHealthchecker.java:185)
	at java.util.concurrent.Executors$RunnableAdapter.call(Executors.java:511)
	at java.util.concurrent.FutureTask.run(FutureTask.java:266)
	at java.util.concurrent.ScheduledThreadPoolExecutor$ScheduledFutureTask.access$201(ScheduledThreadPoolExecutor.java:180)
	at java.util.concurrent.ScheduledThreadPoolExecutor$ScheduledFutureTask.run(ScheduledThreadPoolExecutor.java:293)
	at java.util.concurrent.ThreadPoolExecutor.runWorker(ThreadPoolExecutor.java:1142)
	at java.util.concurrent.ThreadPoolExecutor$Worker.run(ThreadPoolExecutor.java:617)
	at java.lang.Thread.run(Thread.java:745)
15:21:00.204 [main] ERROR com.hubspot.singularity.mesos.SingularityMesosStatusUpdateHandler - Unexpected taskId task 
com.hubspot.singularity.data.transcoders.SingularityTranscoderException: java.lang.reflect.InvocationTargetException
	at com.hubspot.singularity.data.transcoders.IdTranscoder.fromString(IdTranscoder.java:44)
	at com.hubspot.singularity.mesos.SingularityMesosStatusUpdateHandler.getTaskId(SingularityMesosStatusUpdateHandler.java:127)
	at com.hubspot.singularity.mesos.SingularityMesosStatusUpdateHandler.unsafeProcessStatusUpdate(SingularityMesosStatusUpdateHandler.java:179)
	at com.hubspot.singularity.mesos.SingularityMesosStatusUpdateHandler.processStatusUpdate(SingularityMesosStatusUpdateHandler.java:262)
	at com.hubspot.singularity.mesos.SingularityMesosScheduler.statusUpdate(SingularityMesosScheduler.java:131)
	at com.hubspot.singularity.scheduler.SingularitySchedulerTest.testTaskOddities(SingularitySchedulerTest.java:1271)
	at sun.reflect.NativeMethodAccessorImpl.invoke0(Native Method)
	at sun.reflect.NativeMethodAccessorImpl.invoke(NativeMethodAccessorImpl.java:62)
	at sun.reflect.DelegatingMethodAccessorImpl.invoke(DelegatingMethodAccessorImpl.java:43)
	at java.lang.reflect.Method.invoke(Method.java:498)
	at org.junit.runners.model.FrameworkMethod$1.runReflectiveCall(FrameworkMethod.java:50)
	at org.junit.internal.runners.model.ReflectiveCallable.run(ReflectiveCallable.java:12)
	at org.junit.runners.model.FrameworkMethod.invokeExplosively(FrameworkMethod.java:47)
	at org.junit.internal.runners.statements.InvokeMethod.evaluate(InvokeMethod.java:17)
	at org.junit.internal.runners.statements.RunBefores.evaluate(RunBefores.java:26)
	at org.junit.internal.runners.statements.RunAfters.evaluate(RunAfters.java:27)
	at org.junit.runners.ParentRunner.runLeaf(ParentRunner.java:325)
	at org.junit.runners.BlockJUnit4ClassRunner.runChild(BlockJUnit4ClassRunner.java:78)
	at org.junit.runners.BlockJUnit4ClassRunner.runChild(BlockJUnit4ClassRunner.java:57)
	at org.junit.runners.ParentRunner$3.run(ParentRunner.java:290)
	at org.junit.runners.ParentRunner$1.schedule(ParentRunner.java:71)
	at org.junit.runners.ParentRunner.runChildren(ParentRunner.java:288)
	at org.junit.runners.ParentRunner.access$000(ParentRunner.java:58)
	at org.junit.runners.ParentRunner$2.evaluate(ParentRunner.java:268)
	at org.junit.runners.ParentRunner.run(ParentRunner.java:363)
	at org.apache.maven.surefire.junit4.JUnit4Provider.execute(JUnit4Provider.java:344)
	at org.apache.maven.surefire.junit4.JUnit4Provider.executeWithRerun(JUnit4Provider.java:269)
	at org.apache.maven.surefire.junit4.JUnit4Provider.executeTestSet(JUnit4Provider.java:240)
	at org.apache.maven.surefire.junit4.JUnit4Provider.invoke(JUnit4Provider.java:184)
	at org.apache.maven.surefire.booter.ForkedBooter.invokeProviderInSameClassLoader(ForkedBooter.java:286)
	at org.apache.maven.surefire.booter.ForkedBooter.runSuitesInProcess(ForkedBooter.java:240)
	at org.apache.maven.surefire.booter.ForkedBooter.main(ForkedBooter.java:121)
Caused by: java.lang.reflect.InvocationTargetException: null
	at sun.reflect.GeneratedMethodAccessor31.invoke(Unknown Source)
	at sun.reflect.DelegatingMethodAccessorImpl.invoke(DelegatingMethodAccessorImpl.java:43)
	at java.lang.reflect.Method.invoke(Method.java:498)
	at com.hubspot.singularity.data.transcoders.IdTranscoder.fromString(IdTranscoder.java:42)
	... 31 common frames omitted
Caused by: com.hubspot.singularity.InvalidSingularityTaskIdException: TaskId task was invalid (There must be at least 5 instances of - (there were 0))
	at com.hubspot.singularity.SingularityTaskId.valueOf(SingularityTaskId.java:166)
	... 35 common frames omitted
15:21:00.365 [main] ERROR com.hubspot.singularity.mesos.SingularityMesosStatusUpdateHandler - Task test-request-firstDeployId-1503501660270-1-host1-rack1 is active but is missing task data
15:21:03.533 [check-new-task-pool-0] ERROR com.hubspot.singularity.scheduler.SingularityNewTaskChecker - Uncaught throwable in task check for task SingularityTask{taskRequest=SingularityTaskRequest{request=SingularityRequest{id='test-request', requestType=WORKER, owners=Optional.absent(), numRetriesOnFailure=Optional.absent(), schedule=Optional.absent(), quartzSchedule=Optional.absent(), scheduleType=Optional.absent(), scheduleTimeZone=Optional.absent(), killOldNonLongRunningTasksAfterMillis=Optional.absent(), taskExecutionTimeLimitMillis=Optional.absent(), scheduledExpectedRuntimeMillis=Optional.absent(), waitAtLeastMillisAfterTaskFinishesForReschedule=Optional.absent(), instances=Optional.absent(), skipHealthchecks=Optional.absent(), rackSensitive=Optional.absent(), rackAffinity=Optional.absent(), slavePlacement=Optional.absent(), requiredSlaveAttributes=Optional.absent(), allowedSlaveAttributes=Optional.absent(), loadBalanced=Optional.of(false), group=Optional.absent(), requiredRole=Optional.absent(), readWriteGroups=Optional.absent(), readOnlyGroups=Optional.absent(), bounceAfterScale=Optional.absent(), emailConfigurationOverrides=Optional.absent(), hideEvenNumberAcrossRacksHint=Optional.absent(), taskLogErrorRegex=Optional.absent(), taskLogErrorRegexCaseSensitive=Optional.absent(), taskPriorityLevel=Optional.absent(), maxTasksPerOffer=Optional.absent(), allowBounceToSameHost=Optional.absent()}, deploy=SingularityDeploy{requestId='test-request', id='new_task_healthcheck', version=Optional.absent(), timestamp=Optional.absent(), metadata=Optional.absent(), containerInfo=Optional.absent(), customExecutorCmd=Optional.absent(), customExecutorId=Optional.absent(), customExecutorSource=Optional.absent(), customExecutorResources=Optional.absent(), resources=Optional.absent(), command=Optional.absent(), arguments=Optional.absent(), env=Optional.absent(), uris=Optional.absent(), executorData=Optional.absent(), labels=Optional.absent(), mesosLabels=Optional.absent(), taskLabels=Optional.absent(), mesosTaskLabels=Optional.absent(), taskEnv=Optional.absent(), healthcheckUri=Optional.absent(), healthcheckIntervalSeconds=Optional.absent(), healthcheckTimeoutSeconds=Optional.absent(), healthcheckPortIndex=Optional.absent(), healthcheckProtocol=Optional.absent(), healthcheckMaxRetries=Optional.absent(), healthcheckMaxTotalTimeoutSeconds=Optional.absent(), healthcheck=Optional.of(HealthcheckOptions{uri='http://uri', portIndex=Optional.absent(), portNumber=Optional.absent(), protocol=Optional.absent(), startupTimeoutSeconds=Optional.absent(), startupDelaySeconds=Optional.absent(), startupIntervalSeconds=Optional.absent(), intervalSeconds=Optional.absent(), responseTimeoutSeconds=Optional.absent(), maxRetries=Optional.of(1), failureStatusCodes=Optional.absent()}), skipHealthchecksOnDeploy=Optional.absent(), deployHealthTimeoutSeconds=Optional.absent(), considerHealthyAfterRunningForSeconds=Optional.absent(), serviceBasePath=Optional.absent(), loadBalancerGroups=Optional.absent(), loadBalancerPortIndex=Optional.absent(), loadBalancerOptions=Optional.absent(), loadBalancerDomains=Optional.absent(), loadBalancerAdditionalRoutes=Optional.absent(), loadBalancerTemplate=Optional.absent(), loadBalancerServiceIdOverride=Optional.absent(), loadBalancerUpstreamGroup=Optional.absent(), deployInstanceCountPerStep=Optional.absent(), deployStepWaitTimeMs=Optional.absent(), autoAdvanceDeploySteps=Optional.absent(), maxTaskRetries=Optional.absent(), shell=Optional.absent(), user=Optional.absent()}, pendingTask=SingularityPendingTask{pendingTaskId=test-request-new_task_healthcheck-1503501542373-1-IMMEDIATE-1503501542373, cmdLineArgsList=Optional.absent(), user=Optional.absent(), runId=Optional.absent(), skipHealthchecks=Optional.absent(), message=Optional.absent(), resources=Optional.absent(), actionId=Optional.absent()}}, offer=id { value: "offer338"}framework_id { value: "framework1"}slave_id { value: "slave1"}hostname: "host1"resources { name: "cpus" type: SCALAR scalar { value: 125.0 }}resources { name: "mem" type: SCALAR scalar { value: 1024.0 }}resources { name: "ports" type: RANGES ranges { }}attributes { name: "rackid" type: TEXT text { value: "DEFAULT" }}, mesosTask=name: "name"task_id { value: "test-request-new_task_healthcheck-1503501542373-1-host1-rack1"}slave_id { value: "slave1"}, rackId=Optional.of(rack1)}, re-enqueing
java.lang.IllegalStateException: instance must be started before calling this method
	at com.google.common.base.Preconditions.checkState(Preconditions.java:174)
	at org.apache.curator.framework.imps.CuratorFrameworkImpl.getData(CuratorFrameworkImpl.java:363)
	at com.hubspot.singularity.data.CuratorManager.getData(CuratorManager.java:256)
	at com.hubspot.singularity.data.CuratorManager.getData(CuratorManager.java:289)
	at com.hubspot.singularity.data.RequestManager.getRequest(RequestManager.java:331)
	at com.hubspot.singularity.scheduler.SingularityNewTaskChecker$1.run(SingularityNewTaskChecker.java:199)
	at java.util.concurrent.Executors$RunnableAdapter.call(Executors.java:511)
	at java.util.concurrent.FutureTask.run(FutureTask.java:266)
	at java.util.concurrent.ScheduledThreadPoolExecutor$ScheduledFutureTask.access$201(ScheduledThreadPoolExecutor.java:180)
	at java.util.concurrent.ScheduledThreadPoolExecutor$ScheduledFutureTask.run(ScheduledThreadPoolExecutor.java:293)
	at java.util.concurrent.ThreadPoolExecutor.runWorker(ThreadPoolExecutor.java:1142)
	at java.util.concurrent.ThreadPoolExecutor$Worker.run(ThreadPoolExecutor.java:617)
	at java.lang.Thread.run(Thread.java:745)
15:21:03.536 [check-new-task-pool-0] ERROR com.hubspot.singularity.scheduler.SingularityNewTaskChecker - Uncaught throwable re-enqueuing task check for task SingularityTask{taskRequest=SingularityTaskRequest{request=SingularityRequest{id='test-request', requestType=WORKER, owners=Optional.absent(), numRetriesOnFailure=Optional.absent(), schedule=Optional.absent(), quartzSchedule=Optional.absent(), scheduleType=Optional.absent(), scheduleTimeZone=Optional.absent(), killOldNonLongRunningTasksAfterMillis=Optional.absent(), taskExecutionTimeLimitMillis=Optional.absent(), scheduledExpectedRuntimeMillis=Optional.absent(), waitAtLeastMillisAfterTaskFinishesForReschedule=Optional.absent(), instances=Optional.absent(), skipHealthchecks=Optional.absent(), rackSensitive=Optional.absent(), rackAffinity=Optional.absent(), slavePlacement=Optional.absent(), requiredSlaveAttributes=Optional.absent(), allowedSlaveAttributes=Optional.absent(), loadBalanced=Optional.of(false), group=Optional.absent(), requiredRole=Optional.absent(), readWriteGroups=Optional.absent(), readOnlyGroups=Optional.absent(), bounceAfterScale=Optional.absent(), emailConfigurationOverrides=Optional.absent(), hideEvenNumberAcrossRacksHint=Optional.absent(), taskLogErrorRegex=Optional.absent(), taskLogErrorRegexCaseSensitive=Optional.absent(), taskPriorityLevel=Optional.absent(), maxTasksPerOffer=Optional.absent(), allowBounceToSameHost=Optional.absent()}, deploy=SingularityDeploy{requestId='test-request', id='new_task_healthcheck', version=Optional.absent(), timestamp=Optional.absent(), metadata=Optional.absent(), containerInfo=Optional.absent(), customExecutorCmd=Optional.absent(), customExecutorId=Optional.absent(), customExecutorSource=Optional.absent(), customExecutorResources=Optional.absent(), resources=Optional.absent(), command=Optional.absent(), arguments=Optional.absent(), env=Optional.absent(), uris=Optional.absent(), executorData=Optional.absent(), labels=Optional.absent(), mesosLabels=Optional.absent(), taskLabels=Optional.absent(), mesosTaskLabels=Optional.absent(), taskEnv=Optional.absent(), healthcheckUri=Optional.absent(), healthcheckIntervalSeconds=Optional.absent(), healthcheckTimeoutSeconds=Optional.absent(), healthcheckPortIndex=Optional.absent(), healthcheckProtocol=Optional.absent(), healthcheckMaxRetries=Optional.absent(), healthcheckMaxTotalTimeoutSeconds=Optional.absent(), healthcheck=Optional.of(HealthcheckOptions{uri='http://uri', portIndex=Optional.absent(), portNumber=Optional.absent(), protocol=Optional.absent(), startupTimeoutSeconds=Optional.absent(), startupDelaySeconds=Optional.absent(), startupIntervalSeconds=Optional.absent(), intervalSeconds=Optional.absent(), responseTimeoutSeconds=Optional.absent(), maxRetries=Optional.of(1), failureStatusCodes=Optional.absent()}), skipHealthchecksOnDeploy=Optional.absent(), deployHealthTimeoutSeconds=Optional.absent(), considerHealthyAfterRunningForSeconds=Optional.absent(), serviceBasePath=Optional.absent(), loadBalancerGroups=Optional.absent(), loadBalancerPortIndex=Optional.absent(), loadBalancerOptions=Optional.absent(), loadBalancerDomains=Optional.absent(), loadBalancerAdditionalRoutes=Optional.absent(), loadBalancerTemplate=Optional.absent(), loadBalancerServiceIdOverride=Optional.absent(), loadBalancerUpstreamGroup=Optional.absent(), deployInstanceCountPerStep=Optional.absent(), deployStepWaitTimeMs=Optional.absent(), autoAdvanceDeploySteps=Optional.absent(), maxTaskRetries=Optional.absent(), shell=Optional.absent(), user=Optional.absent()}, pendingTask=SingularityPendingTask{pendingTaskId=test-request-new_task_healthcheck-1503501542373-1-IMMEDIATE-1503501542373, cmdLineArgsList=Optional.absent(), user=Optional.absent(), runId=Optional.absent(), skipHealthchecks=Optional.absent(), message=Optional.absent(), resources=Optional.absent(), actionId=Optional.absent()}}, offer=id { value: "offer338"}framework_id { value: "framework1"}slave_id { value: "slave1"}hostname: "host1"resources { name: "cpus" type: SCALAR scalar { value: 125.0 }}resources { name: "mem" type: SCALAR scalar { value: 1024.0 }}resources { name: "ports" type: RANGES ranges { }}attributes { name: "rackid" type: TEXT text { value: "DEFAULT" }}, mesosTask=name: "name"task_id { value: "test-request-new_task_healthcheck-1503501542373-1-host1-rack1"}slave_id { value: "slave1"}, rackId=Optional.of(rack1)}, aborting
java.util.concurrent.RejectedExecutionException: Task java.util.concurrent.ScheduledThreadPoolExecutor$ScheduledFutureTask@3a8a709b rejected from java.util.concurrent.ScheduledThreadPoolExecutor@344d89ba[Shutting down, pool size = 1, active threads = 1, queued tasks = 0, completed tasks = 0]
	at java.util.concurrent.ThreadPoolExecutor$AbortPolicy.rejectedExecution(ThreadPoolExecutor.java:2047)
	at java.util.concurrent.ThreadPoolExecutor.reject(ThreadPoolExecutor.java:823)
	at java.util.concurrent.ScheduledThreadPoolExecutor.delayedExecute(ScheduledThreadPoolExecutor.java:326)
	at java.util.concurrent.ScheduledThreadPoolExecutor.schedule(ScheduledThreadPoolExecutor.java:533)
	at com.hubspot.singularity.scheduler.SingularityNewTaskChecker.enqueueCheckWithDelay(SingularityNewTaskChecker.java:240)
	at com.hubspot.singularity.scheduler.SingularityNewTaskChecker.reEnqueueCheck(SingularityNewTaskChecker.java:234)
	at com.hubspot.singularity.scheduler.SingularityNewTaskChecker.reEnqueueCheckOrAbort(SingularityNewTaskChecker.java:225)
	at com.hubspot.singularity.scheduler.SingularityNewTaskChecker.access$600(SingularityNewTaskChecker.java:56)
	at com.hubspot.singularity.scheduler.SingularityNewTaskChecker$1.run(SingularityNewTaskChecker.java:217)
	at java.util.concurrent.Executors$RunnableAdapter.call(Executors.java:511)
	at java.util.concurrent.FutureTask.run(FutureTask.java:266)
	at java.util.concurrent.ScheduledThreadPoolExecutor$ScheduledFutureTask.access$201(ScheduledThreadPoolExecutor.java:180)
	at java.util.concurrent.ScheduledThreadPoolExecutor$ScheduledFutureTask.run(ScheduledThreadPoolExecutor.java:293)
	at java.util.concurrent.ThreadPoolExecutor.runWorker(ThreadPoolExecutor.java:1142)
	at java.util.concurrent.ThreadPoolExecutor$Worker.run(ThreadPoolExecutor.java:617)
	at java.lang.Thread.run(Thread.java:745)
15:21:26.889 [check-new-task-pool-0] ERROR com.hubspot.singularity.scheduler.SingularityNewTaskChecker - Uncaught throwable in task check for task SingularityTask{taskRequest=SingularityTaskRequest{request=SingularityRequest{id='test-request', requestType=WORKER, owners=Optional.absent(), numRetriesOnFailure=Optional.absent(), schedule=Optional.absent(), quartzSchedule=Optional.absent(), scheduleType=Optional.absent(), scheduleTimeZone=Optional.absent(), killOldNonLongRunningTasksAfterMillis=Optional.absent(), taskExecutionTimeLimitMillis=Optional.absent(), scheduledExpectedRuntimeMillis=Optional.absent(), waitAtLeastMillisAfterTaskFinishesForReschedule=Optional.absent(), instances=Optional.absent(), skipHealthchecks=Optional.absent(), rackSensitive=Optional.absent(), rackAffinity=Optional.absent(), slavePlacement=Optional.absent(), requiredSlaveAttributes=Optional.absent(), allowedSlaveAttributes=Optional.absent(), loadBalanced=Optional.of(true), group=Optional.absent(), requiredRole=Optional.absent(), readWriteGroups=Optional.absent(), readOnlyGroups=Optional.absent(), bounceAfterScale=Optional.absent(), emailConfigurationOverrides=Optional.absent(), hideEvenNumberAcrossRacksHint=Optional.absent(), taskLogErrorRegex=Optional.absent(), taskLogErrorRegexCaseSensitive=Optional.absent(), taskPriorityLevel=Optional.absent(), maxTasksPerOffer=Optional.absent(), allowBounceToSameHost=Optional.absent()}, deploy=SingularityDeploy{requestId='test-request', id='firstDeployId', version=Optional.absent(), timestamp=Optional.absent(), metadata=Optional.absent(), containerInfo=Optional.absent(), customExecutorCmd=Optional.absent(), customExecutorId=Optional.absent(), customExecutorSource=Optional.absent(), customExecutorResources=Optional.absent(), resources=Optional.absent(), command=Optional.of(sleep 100), arguments=Optional.absent(), env=Optional.absent(), uris=Optional.absent(), executorData=Optional.absent(), labels=Optional.absent(), mesosLabels=Optional.absent(), taskLabels=Optional.absent(), mesosTaskLabels=Optional.absent(), taskEnv=Optional.absent(), healthcheckUri=Optional.absent(), healthcheckIntervalSeconds=Optional.absent(), healthcheckTimeoutSeconds=Optional.absent(), healthcheckPortIndex=Optional.absent(), healthcheckProtocol=Optional.absent(), healthcheckMaxRetries=Optional.absent(), healthcheckMaxTotalTimeoutSeconds=Optional.absent(), healthcheck=Optional.absent(), skipHealthchecksOnDeploy=Optional.absent(), deployHealthTimeoutSeconds=Optional.absent(), considerHealthyAfterRunningForSeconds=Optional.absent(), serviceBasePath=Optional.absent(), loadBalancerGroups=Optional.absent(), loadBalancerPortIndex=Optional.absent(), loadBalancerOptions=Optional.absent(), loadBalancerDomains=Optional.absent(), loadBalancerAdditionalRoutes=Optional.absent(), loadBalancerTemplate=Optional.absent(), loadBalancerServiceIdOverride=Optional.absent(), loadBalancerUpstreamGroup=Optional.absent(), deployInstanceCountPerStep=Optional.absent(), deployStepWaitTimeMs=Optional.absent(), autoAdvanceDeploySteps=Optional.absent(), maxTaskRetries=Optional.absent(), shell=Optional.absent(), user=Optional.absent()}, pendingTask=SingularityPendingTask{pendingTaskId=test-request-firstDeployId-1503501685825-1-IMMEDIATE-1503501685825, cmdLineArgsList=Optional.absent(), user=Optional.absent(), runId=Optional.absent(), skipHealthchecks=Optional.absent(), message=Optional.absent(), resources=Optional.absent(), actionId=Optional.absent()}}, offer=id { value: "offer530"}framework_id { value: "framework1"}slave_id { value: "slave1"}hostname: "host1"resources { name: "cpus" type: SCALAR scalar { value: 125.0 }}resources { name: "mem" type: SCALAR scalar { value: 1024.0 }}resources { name: "ports" type: RANGES ranges { }}attributes { name: "rackid" type: TEXT text { value: "DEFAULT" }}, mesosTask=name: "name"task_id { value: "test-request-firstDeployId-1503501685825-1-host1-rack1"}slave_id { value: "slave1"}, rackId=Optional.of(rack1)}, re-enqueing
java.lang.IllegalStateException: instance must be started before calling this method
	at com.google.common.base.Preconditions.checkState(Preconditions.java:174)
	at org.apache.curator.framework.imps.CuratorFrameworkImpl.getData(CuratorFrameworkImpl.java:363)
	at com.hubspot.singularity.data.CuratorManager.getData(CuratorManager.java:256)
	at com.hubspot.singularity.data.CuratorManager.getData(CuratorManager.java:289)
	at com.hubspot.singularity.data.RequestManager.getRequest(RequestManager.java:331)
	at com.hubspot.singularity.scheduler.SingularityNewTaskChecker$1.run(SingularityNewTaskChecker.java:199)
	at java.util.concurrent.Executors$RunnableAdapter.call(Executors.java:511)
	at java.util.concurrent.FutureTask.run(FutureTask.java:266)
	at java.util.concurrent.ScheduledThreadPoolExecutor$ScheduledFutureTask.access$201(ScheduledThreadPoolExecutor.java:180)
	at java.util.concurrent.ScheduledThreadPoolExecutor$ScheduledFutureTask.run(ScheduledThreadPoolExecutor.java:293)
	at java.util.concurrent.ThreadPoolExecutor.runWorker(ThreadPoolExecutor.java:1142)
	at java.util.concurrent.ThreadPoolExecutor$Worker.run(ThreadPoolExecutor.java:617)
	at java.lang.Thread.run(Thread.java:745)
15:21:26.892 [check-new-task-pool-0] ERROR com.hubspot.singularity.scheduler.SingularityNewTaskChecker - Uncaught throwable re-enqueuing task check for task SingularityTask{taskRequest=SingularityTaskRequest{request=SingularityRequest{id='test-request', requestType=WORKER, owners=Optional.absent(), numRetriesOnFailure=Optional.absent(), schedule=Optional.absent(), quartzSchedule=Optional.absent(), scheduleType=Optional.absent(), scheduleTimeZone=Optional.absent(), killOldNonLongRunningTasksAfterMillis=Optional.absent(), taskExecutionTimeLimitMillis=Optional.absent(), scheduledExpectedRuntimeMillis=Optional.absent(), waitAtLeastMillisAfterTaskFinishesForReschedule=Optional.absent(), instances=Optional.absent(), skipHealthchecks=Optional.absent(), rackSensitive=Optional.absent(), rackAffinity=Optional.absent(), slavePlacement=Optional.absent(), requiredSlaveAttributes=Optional.absent(), allowedSlaveAttributes=Optional.absent(), loadBalanced=Optional.of(true), group=Optional.absent(), requiredRole=Optional.absent(), readWriteGroups=Optional.absent(), readOnlyGroups=Optional.absent(), bounceAfterScale=Optional.absent(), emailConfigurationOverrides=Optional.absent(), hideEvenNumberAcrossRacksHint=Optional.absent(), taskLogErrorRegex=Optional.absent(), taskLogErrorRegexCaseSensitive=Optional.absent(), taskPriorityLevel=Optional.absent(), maxTasksPerOffer=Optional.absent(), allowBounceToSameHost=Optional.absent()}, deploy=SingularityDeploy{requestId='test-request', id='firstDeployId', version=Optional.absent(), timestamp=Optional.absent(), metadata=Optional.absent(), containerInfo=Optional.absent(), customExecutorCmd=Optional.absent(), customExecutorId=Optional.absent(), customExecutorSource=Optional.absent(), customExecutorResources=Optional.absent(), resources=Optional.absent(), command=Optional.of(sleep 100), arguments=Optional.absent(), env=Optional.absent(), uris=Optional.absent(), executorData=Optional.absent(), labels=Optional.absent(), mesosLabels=Optional.absent(), taskLabels=Optional.absent(), mesosTaskLabels=Optional.absent(), taskEnv=Optional.absent(), healthcheckUri=Optional.absent(), healthcheckIntervalSeconds=Optional.absent(), healthcheckTimeoutSeconds=Optional.absent(), healthcheckPortIndex=Optional.absent(), healthcheckProtocol=Optional.absent(), healthcheckMaxRetries=Optional.absent(), healthcheckMaxTotalTimeoutSeconds=Optional.absent(), healthcheck=Optional.absent(), skipHealthchecksOnDeploy=Optional.absent(), deployHealthTimeoutSeconds=Optional.absent(), considerHealthyAfterRunningForSeconds=Optional.absent(), serviceBasePath=Optional.absent(), loadBalancerGroups=Optional.absent(), loadBalancerPortIndex=Optional.absent(), loadBalancerOptions=Optional.absent(), loadBalancerDomains=Optional.absent(), loadBalancerAdditionalRoutes=Optional.absent(), loadBalancerTemplate=Optional.absent(), loadBalancerServiceIdOverride=Optional.absent(), loadBalancerUpstreamGroup=Optional.absent(), deployInstanceCountPerStep=Optional.absent(), deployStepWaitTimeMs=Optional.absent(), autoAdvanceDeploySteps=Optional.absent(), maxTaskRetries=Optional.absent(), shell=Optional.absent(), user=Optional.absent()}, pendingTask=SingularityPendingTask{pendingTaskId=test-request-firstDeployId-1503501685825-1-IMMEDIATE-1503501685825, cmdLineArgsList=Optional.absent(), user=Optional.absent(), runId=Optional.absent(), skipHealthchecks=Optional.absent(), message=Optional.absent(), resources=Optional.absent(), actionId=Optional.absent()}}, offer=id { value: "offer530"}framework_id { value: "framework1"}slave_id { value: "slave1"}hostname: "host1"resources { name: "cpus" type: SCALAR scalar { value: 125.0 }}resources { name: "mem" type: SCALAR scalar { value: 1024.0 }}resources { name: "ports" type: RANGES ranges { }}attributes { name: "rackid" type: TEXT text { value: "DEFAULT" }}, mesosTask=name: "name"task_id { value: "test-request-firstDeployId-1503501685825-1-host1-rack1"}slave_id { value: "slave1"}, rackId=Optional.of(rack1)}, aborting
java.util.concurrent.RejectedExecutionException: Task java.util.concurrent.ScheduledThreadPoolExecutor$ScheduledFutureTask@475796ff rejected from java.util.concurrent.ScheduledThreadPoolExecutor@49907065[Shutting down, pool size = 1, active threads = 1, queued tasks = 0, completed tasks = 0]
	at java.util.concurrent.ThreadPoolExecutor$AbortPolicy.rejectedExecution(ThreadPoolExecutor.java:2047)
	at java.util.concurrent.ThreadPoolExecutor.reject(ThreadPoolExecutor.java:823)
	at java.util.concurrent.ScheduledThreadPoolExecutor.delayedExecute(ScheduledThreadPoolExecutor.java:326)
	at java.util.concurrent.ScheduledThreadPoolExecutor.schedule(ScheduledThreadPoolExecutor.java:533)
	at com.hubspot.singularity.scheduler.SingularityNewTaskChecker.enqueueCheckWithDelay(SingularityNewTaskChecker.java:240)
	at com.hubspot.singularity.scheduler.SingularityNewTaskChecker.reEnqueueCheck(SingularityNewTaskChecker.java:234)
	at com.hubspot.singularity.scheduler.SingularityNewTaskChecker.reEnqueueCheckOrAbort(SingularityNewTaskChecker.java:225)
	at com.hubspot.singularity.scheduler.SingularityNewTaskChecker.access$600(SingularityNewTaskChecker.java:56)
	at com.hubspot.singularity.scheduler.SingularityNewTaskChecker$1.run(SingularityNewTaskChecker.java:217)
	at java.util.concurrent.Executors$RunnableAdapter.call(Executors.java:511)
	at java.util.concurrent.FutureTask.run(FutureTask.java:266)
	at java.util.concurrent.ScheduledThreadPoolExecutor$ScheduledFutureTask.access$201(ScheduledThreadPoolExecutor.java:180)
	at java.util.concurrent.ScheduledThreadPoolExecutor$ScheduledFutureTask.run(ScheduledThreadPoolExecutor.java:293)
	at java.util.concurrent.ThreadPoolExecutor.runWorker(ThreadPoolExecutor.java:1142)
	at java.util.concurrent.ThreadPoolExecutor$Worker.run(ThreadPoolExecutor.java:617)
	at java.lang.Thread.run(Thread.java:745)
Tests run: 58, Failures: 0, Errors: 0, Skipped: 0, Time elapsed: 125.013 sec - in com.hubspot.singularity.scheduler.SingularitySchedulerTest

Results :

Tests run: 205, Failures: 0, Errors: 0, Skipped: 0

[INFO]                                                                         
[INFO] ------------------------------------------------------------------------
[INFO] Building SingularityRunnerBase 0.15.0-SNAPSHOT
[INFO] ------------------------------------------------------------------------
[INFO] 
[INFO] --- property-helper-maven-plugin:2.0:get (get-build-id) @ SingularityRunnerBase ---
[INFO] 
[INFO] --- maven-enforcer-plugin:1.4.1:enforce (default) @ SingularityRunnerBase ---
[INFO] 
[INFO] --- maven-dependency-versions-check-plugin:2.0.2:check (default) @ SingularityRunnerBase ---
[INFO] Checking dependency versions
[INFO] 
[INFO] --- maven-checkstyle-plugin:2.17:check (default) @ SingularityRunnerBase ---
[INFO] Starting audit...
[WARN] /root/workspace/HubSpot/Singularity/218579395/SingularityRunnerBase/src/main/java/com/hubspot/singularity/runner/base/shared/SimpleProcessManager.java:108:5: Redundant 'public' modifier. [RedundantModifier]
[WARN] /root/workspace/HubSpot/Singularity/218579395/SingularityRunnerBase/src/main/java/com/hubspot/singularity/runner/base/shared/Signal.java:8:3: Redundant 'private' modifier. [RedundantModifier]
Audit done.
[INFO] 
[INFO] --- dependency-management-plugin:0.4:analyze (analyze) @ SingularityRunnerBase ---
[INFO] No dependency management issues found
[INFO] 
[INFO] --- git-commit-id-plugin:2.2.0:revision (default) @ SingularityRunnerBase ---
[INFO] 
[INFO] --- jacoco-maven-plugin:0.7.5.201505241946:prepare-agent (default) @ SingularityRunnerBase ---
[INFO] argLine set to -javaagent:/root/./workspace/HubSpot/Singularity/218579395/.m2/org/jacoco/org.jacoco.agent/0.7.5.201505241946/org.jacoco.agent-0.7.5.201505241946-runtime.jar=destfile=/root/workspace/HubSpot/Singularity/218579395/SingularityRunnerBase/target/jacoco.exec
[INFO] 
[INFO] --- maven-resources-plugin:2.7:resources (default-resources) @ SingularityRunnerBase ---
[INFO] Using 'UTF-8' encoding to copy filtered resources.
[INFO] skip non existing resourceDirectory /root/workspace/HubSpot/Singularity/218579395/SingularityRunnerBase/src/main/resources
[INFO] 
[INFO] --- maven-compiler-plugin:3.3:compile (default-compile) @ SingularityRunnerBase ---
[INFO] Nothing to compile - all classes are up to date
[INFO] 
[INFO] --- maven-resources-plugin:2.7:testResources (default-testResources) @ SingularityRunnerBase ---
[INFO] Using 'UTF-8' encoding to copy filtered resources.
[INFO] skip non existing resourceDirectory /root/workspace/HubSpot/Singularity/218579395/SingularityRunnerBase/src/test/resources
[INFO] 
[INFO] --- maven-compiler-plugin:3.3:testCompile (default-testCompile) @ SingularityRunnerBase ---
[INFO] No sources to compile
[INFO] 
[INFO] --- maven-surefire-plugin:2.19:test (default-test) @ SingularityRunnerBase ---
[INFO] No tests to run.
[INFO]                                                                         
[INFO] ------------------------------------------------------------------------
[INFO] Building SingularityS3Base 0.15.0-SNAPSHOT
[INFO] ------------------------------------------------------------------------
[INFO] 
[INFO] --- property-helper-maven-plugin:2.0:get (get-build-id) @ SingularityS3Base ---
[INFO] 
[INFO] --- maven-enforcer-plugin:1.4.1:enforce (default) @ SingularityS3Base ---
[INFO] 
[INFO] --- maven-dependency-versions-check-plugin:2.0.2:check (default) @ SingularityS3Base ---
[INFO] Checking dependency versions
[INFO] 
[INFO] --- maven-checkstyle-plugin:2.17:check (default) @ SingularityS3Base ---
[INFO] Starting audit...
Audit done.
[INFO] 
[INFO] --- dependency-management-plugin:0.4:analyze (analyze) @ SingularityS3Base ---
[INFO] No dependency management issues found
[INFO] 
[INFO] --- git-commit-id-plugin:2.2.0:revision (default) @ SingularityS3Base ---
[INFO] 
[INFO] --- jacoco-maven-plugin:0.7.5.201505241946:prepare-agent (default) @ SingularityS3Base ---
[INFO] argLine set to -javaagent:/root/./workspace/HubSpot/Singularity/218579395/.m2/org/jacoco/org.jacoco.agent/0.7.5.201505241946/org.jacoco.agent-0.7.5.201505241946-runtime.jar=destfile=/root/workspace/HubSpot/Singularity/218579395/SingularityS3Base/target/jacoco.exec
[INFO] 
[INFO] --- maven-resources-plugin:2.7:resources (default-resources) @ SingularityS3Base ---
[INFO] Using 'UTF-8' encoding to copy filtered resources.
[INFO] skip non existing resourceDirectory /root/workspace/HubSpot/Singularity/218579395/SingularityS3Base/src/main/resources
[INFO] 
[INFO] --- maven-compiler-plugin:3.3:compile (default-compile) @ SingularityS3Base ---
[INFO] Nothing to compile - all classes are up to date
[INFO] 
[INFO] --- maven-resources-plugin:2.7:testResources (default-testResources) @ SingularityS3Base ---
[INFO] Using 'UTF-8' encoding to copy filtered resources.
[INFO] skip non existing resourceDirectory /root/workspace/HubSpot/Singularity/218579395/SingularityS3Base/src/test/resources
[INFO] 
[INFO] --- maven-compiler-plugin:3.3:testCompile (default-testCompile) @ SingularityS3Base ---
[INFO] No sources to compile
[INFO] 
[INFO] --- maven-surefire-plugin:2.19:test (default-test) @ SingularityS3Base ---
[INFO] No tests to run.
[INFO]                                                                         
[INFO] ------------------------------------------------------------------------
[INFO] Building SingularityClient 0.15.0-SNAPSHOT
[INFO] ------------------------------------------------------------------------
[INFO] 
[INFO] --- property-helper-maven-plugin:2.0:get (get-build-id) @ SingularityClient ---
[INFO] 
[INFO] --- maven-enforcer-plugin:1.4.1:enforce (default) @ SingularityClient ---
[INFO] 
[INFO] --- maven-dependency-versions-check-plugin:2.0.2:check (default) @ SingularityClient ---
[INFO] Checking dependency versions
[INFO] 
[INFO] --- maven-checkstyle-plugin:2.17:check (default) @ SingularityClient ---
[INFO] Starting audit...
Audit done.
[INFO] 
[INFO] --- dependency-management-plugin:0.4:analyze (analyze) @ SingularityClient ---
[INFO] No dependency management issues found
[INFO] 
[INFO] --- git-commit-id-plugin:2.2.0:revision (default) @ SingularityClient ---
[INFO] 
[INFO] --- jacoco-maven-plugin:0.7.5.201505241946:prepare-agent (default) @ SingularityClient ---
[INFO] argLine set to -javaagent:/root/./workspace/HubSpot/Singularity/218579395/.m2/org/jacoco/org.jacoco.agent/0.7.5.201505241946/org.jacoco.agent-0.7.5.201505241946-runtime.jar=destfile=/root/workspace/HubSpot/Singularity/218579395/SingularityClient/target/jacoco.exec
[INFO] 
[INFO] --- maven-resources-plugin:2.7:resources (default-resources) @ SingularityClient ---
[INFO] Using 'UTF-8' encoding to copy filtered resources.
[INFO] skip non existing resourceDirectory /root/workspace/HubSpot/Singularity/218579395/SingularityClient/src/main/resources
[INFO] 
[INFO] --- maven-compiler-plugin:3.3:compile (default-compile) @ SingularityClient ---
[INFO] Nothing to compile - all classes are up to date
[INFO] 
[INFO] --- maven-resources-plugin:2.7:testResources (default-testResources) @ SingularityClient ---
[INFO] Using 'UTF-8' encoding to copy filtered resources.
[INFO] skip non existing resourceDirectory /root/workspace/HubSpot/Singularity/218579395/SingularityClient/src/test/resources
[INFO] 
[INFO] --- maven-compiler-plugin:3.3:testCompile (default-testCompile) @ SingularityClient ---
[INFO] Nothing to compile - all classes are up to date
[INFO] 
[INFO] --- maven-surefire-plugin:2.19:test (default-test) @ SingularityClient ---

-------------------------------------------------------
 T E S T S
-------------------------------------------------------
Running com.hubspot.singularity.client.SingularityClientModuleTest
Tests run: 1, Failures: 0, Errors: 0, Skipped: 0, Time elapsed: 1.827 sec - in com.hubspot.singularity.client.SingularityClientModuleTest

Results :

Tests run: 1, Failures: 0, Errors: 0, Skipped: 0

[INFO]                                                                         
[INFO] ------------------------------------------------------------------------
[INFO] Building SingularityExecutor 0.15.0-SNAPSHOT
[INFO] ------------------------------------------------------------------------
[INFO] 
[INFO] --- property-helper-maven-plugin:2.0:get (get-build-id) @ SingularityExecutor ---
[INFO] 
[INFO] --- maven-enforcer-plugin:1.4.1:enforce (default) @ SingularityExecutor ---
[INFO] 
[INFO] --- maven-dependency-versions-check-plugin:2.0.2:check (default) @ SingularityExecutor ---
[INFO] Checking dependency versions
[INFO] 
[INFO] --- maven-checkstyle-plugin:2.17:check (default) @ SingularityExecutor ---
[INFO] Starting audit...
[WARN] /root/workspace/HubSpot/Singularity/218579395/SingularityExecutor/src/main/java/com/hubspot/singularity/executor/SingularityExecutorMonitor.java:489:5: Redundant 'public' modifier. [RedundantModifier]
[WARN] /root/workspace/HubSpot/Singularity/218579395/SingularityExecutor/src/main/java/com/hubspot/singularity/executor/task/SingularityExecutorArtifactFetcher.java:138:7: Redundant 'public' modifier. [RedundantModifier]
[WARN] /root/workspace/HubSpot/Singularity/218579395/SingularityExecutor/src/main/java/com/hubspot/singularity/executor/shells/SingularityExecutorShellCommandRunner.java:39:5: Redundant 'public' modifier. [RedundantModifier]
Audit done.
[INFO] 
[INFO] --- dependency-management-plugin:0.4:analyze (analyze) @ SingularityExecutor ---
[INFO] No dependency management issues found
[INFO] 
[INFO] --- git-commit-id-plugin:2.2.0:revision (default) @ SingularityExecutor ---
[INFO] 
[INFO] --- jacoco-maven-plugin:0.7.5.201505241946:prepare-agent (default) @ SingularityExecutor ---
[INFO] argLine set to -javaagent:/root/./workspace/HubSpot/Singularity/218579395/.m2/org/jacoco/org.jacoco.agent/0.7.5.201505241946/org.jacoco.agent-0.7.5.201505241946-runtime.jar=destfile=/root/workspace/HubSpot/Singularity/218579395/SingularityExecutor/target/jacoco.exec
[INFO] 
[INFO] --- maven-resources-plugin:2.7:resources (default-resources) @ SingularityExecutor ---
[INFO] Using 'UTF-8' encoding to copy filtered resources.
[INFO] Copying 5 resources
[INFO] 
[INFO] --- maven-compiler-plugin:3.3:compile (default-compile) @ SingularityExecutor ---
[INFO] Nothing to compile - all classes are up to date
[INFO] 
[INFO] --- maven-resources-plugin:2.7:testResources (default-testResources) @ SingularityExecutor ---
[INFO] Using 'UTF-8' encoding to copy filtered resources.
[INFO] Copying 1 resource
[INFO] 
[INFO] --- maven-compiler-plugin:3.3:testCompile (default-testCompile) @ SingularityExecutor ---
[INFO] Nothing to compile - all classes are up to date
[INFO] 
[INFO] --- maven-surefire-plugin:2.19:test (default-test) @ SingularityExecutor ---

-------------------------------------------------------
 T E S T S
-------------------------------------------------------
Running com.hubspot.singularity.executor.config.SingularityExecutorConfigurationTest
Tests run: 1, Failures: 0, Errors: 0, Skipped: 0, Time elapsed: 2.377 sec - in com.hubspot.singularity.executor.config.SingularityExecutorConfigurationTest

Results :

Tests run: 1, Failures: 0, Errors: 0, Skipped: 0

[INFO]                                                                         
[INFO] ------------------------------------------------------------------------
[INFO] Building SingularityExecutorCleanup 0.15.0-SNAPSHOT
[INFO] ------------------------------------------------------------------------
[INFO] 
[INFO] --- property-helper-maven-plugin:2.0:get (get-build-id) @ SingularityExecutorCleanup ---
[INFO] 
[INFO] --- maven-enforcer-plugin:1.4.1:enforce (default) @ SingularityExecutorCleanup ---
[INFO] 
[INFO] --- maven-dependency-versions-check-plugin:2.0.2:check (default) @ SingularityExecutorCleanup ---
[INFO] Checking dependency versions
[INFO] 
[INFO] --- maven-checkstyle-plugin:2.17:check (default) @ SingularityExecutorCleanup ---
[INFO] Starting audit...
Audit done.
[INFO] 
[INFO] --- dependency-management-plugin:0.4:analyze (analyze) @ SingularityExecutorCleanup ---
[INFO] No dependency management issues found
[INFO] 
[INFO] --- git-commit-id-plugin:2.2.0:revision (default) @ SingularityExecutorCleanup ---
[INFO] 
[INFO] --- jacoco-maven-plugin:0.7.5.201505241946:prepare-agent (default) @ SingularityExecutorCleanup ---
[INFO] argLine set to -javaagent:/root/./workspace/HubSpot/Singularity/218579395/.m2/org/jacoco/org.jacoco.agent/0.7.5.201505241946/org.jacoco.agent-0.7.5.201505241946-runtime.jar=destfile=/root/workspace/HubSpot/Singularity/218579395/SingularityExecutorCleanup/target/jacoco.exec
[INFO] 
[INFO] --- maven-resources-plugin:2.7:resources (default-resources) @ SingularityExecutorCleanup ---
[INFO] Using 'UTF-8' encoding to copy filtered resources.
[INFO] skip non existing resourceDirectory /root/workspace/HubSpot/Singularity/218579395/SingularityExecutorCleanup/src/main/resources
[INFO] 
[INFO] --- maven-compiler-plugin:3.3:compile (default-compile) @ SingularityExecutorCleanup ---
[INFO] Nothing to compile - all classes are up to date
[INFO] 
[INFO] --- maven-resources-plugin:2.7:testResources (default-testResources) @ SingularityExecutorCleanup ---
[INFO] Using 'UTF-8' encoding to copy filtered resources.
[INFO] skip non existing resourceDirectory /root/workspace/HubSpot/Singularity/218579395/SingularityExecutorCleanup/src/test/resources
[INFO] 
[INFO] --- maven-compiler-plugin:3.3:testCompile (default-testCompile) @ SingularityExecutorCleanup ---
[INFO] No sources to compile
[INFO] 
[INFO] --- maven-surefire-plugin:2.19:test (default-test) @ SingularityExecutorCleanup ---
[INFO] No tests to run.
[INFO]                                                                         
[INFO] ------------------------------------------------------------------------
[INFO] Building SingularityS3Uploader 0.15.0-SNAPSHOT
[INFO] ------------------------------------------------------------------------
[INFO] 
[INFO] --- property-helper-maven-plugin:2.0:get (get-build-id) @ SingularityS3Uploader ---
[INFO] 
[INFO] --- maven-enforcer-plugin:1.4.1:enforce (default) @ SingularityS3Uploader ---
[INFO] 
[INFO] --- maven-dependency-versions-check-plugin:2.0.2:check (default) @ SingularityS3Uploader ---
[INFO] Checking dependency versions
[INFO] 
[INFO] --- maven-checkstyle-plugin:2.17:check (default) @ SingularityS3Uploader ---
[INFO] Starting audit...
[WARN] /root/workspace/HubSpot/Singularity/218579395/SingularityS3Uploader/src/main/java/com/hubspot/singularity/s3uploader/SingularityS3Uploader.java:218:5: Redundant 'public' modifier. [RedundantModifier]
Audit done.
[INFO] 
[INFO] --- dependency-management-plugin:0.4:analyze (analyze) @ SingularityS3Uploader ---
[INFO] No dependency management issues found
[INFO] 
[INFO] --- git-commit-id-plugin:2.2.0:revision (default) @ SingularityS3Uploader ---
[INFO] 
[INFO] --- jacoco-maven-plugin:0.7.5.201505241946:prepare-agent (default) @ SingularityS3Uploader ---
[INFO] argLine set to -javaagent:/root/./workspace/HubSpot/Singularity/218579395/.m2/org/jacoco/org.jacoco.agent/0.7.5.201505241946/org.jacoco.agent-0.7.5.201505241946-runtime.jar=destfile=/root/workspace/HubSpot/Singularity/218579395/SingularityS3Uploader/target/jacoco.exec
[INFO] 
[INFO] --- maven-resources-plugin:2.7:resources (default-resources) @ SingularityS3Uploader ---
[INFO] Using 'UTF-8' encoding to copy filtered resources.
[INFO] skip non existing resourceDirectory /root/workspace/HubSpot/Singularity/218579395/SingularityS3Uploader/src/main/resources
[INFO] 
[INFO] --- maven-compiler-plugin:3.3:compile (default-compile) @ SingularityS3Uploader ---
[INFO] Nothing to compile - all classes are up to date
[INFO] 
[INFO] --- maven-resources-plugin:2.7:testResources (default-testResources) @ SingularityS3Uploader ---
[INFO] Using 'UTF-8' encoding to copy filtered resources.
[INFO] skip non existing resourceDirectory /root/workspace/HubSpot/Singularity/218579395/SingularityS3Uploader/src/test/resources
[INFO] 
[INFO] --- maven-compiler-plugin:3.3:testCompile (default-testCompile) @ SingularityS3Uploader ---
[INFO] No sources to compile
[INFO] 
[INFO] --- maven-surefire-plugin:2.19:test (default-test) @ SingularityS3Uploader ---
[INFO] No tests to run.
[INFO]                                                                         
[INFO] ------------------------------------------------------------------------
[INFO] Building SingularityS3Downloader 0.15.0-SNAPSHOT
[INFO] ------------------------------------------------------------------------
[INFO] 
[INFO] --- property-helper-maven-plugin:2.0:get (get-build-id) @ SingularityS3Downloader ---
[INFO] 
[INFO] --- maven-enforcer-plugin:1.4.1:enforce (default) @ SingularityS3Downloader ---
[INFO] 
[INFO] --- maven-dependency-versions-check-plugin:2.0.2:check (default) @ SingularityS3Downloader ---
[INFO] Checking dependency versions
[INFO] 
[INFO] --- maven-checkstyle-plugin:2.17:check (default) @ SingularityS3Downloader ---
[INFO] Starting audit...
[WARN] /root/workspace/HubSpot/Singularity/218579395/SingularityS3Downloader/src/main/java/com/hubspot/singularity/s3downloader/server/DownloadListener.java:5:3: Redundant 'public' modifier. [RedundantModifier]
Audit done.
[INFO] 
[INFO] --- dependency-management-plugin:0.4:analyze (analyze) @ SingularityS3Downloader ---
[INFO] No dependency management issues found
[INFO] 
[INFO] --- git-commit-id-plugin:2.2.0:revision (default) @ SingularityS3Downloader ---
[INFO] 
[INFO] --- jacoco-maven-plugin:0.7.5.201505241946:prepare-agent (default) @ SingularityS3Downloader ---
[INFO] argLine set to -javaagent:/root/./workspace/HubSpot/Singularity/218579395/.m2/org/jacoco/org.jacoco.agent/0.7.5.201505241946/org.jacoco.agent-0.7.5.201505241946-runtime.jar=destfile=/root/workspace/HubSpot/Singularity/218579395/SingularityS3Downloader/target/jacoco.exec
[INFO] 
[INFO] --- maven-resources-plugin:2.7:resources (default-resources) @ SingularityS3Downloader ---
[INFO] Using 'UTF-8' encoding to copy filtered resources.
[INFO] skip non existing resourceDirectory /root/workspace/HubSpot/Singularity/218579395/SingularityS3Downloader/src/main/resources
[INFO] 
[INFO] --- maven-compiler-plugin:3.3:compile (default-compile) @ SingularityS3Downloader ---
[INFO] Nothing to compile - all classes are up to date
[INFO] 
[INFO] --- maven-resources-plugin:2.7:testResources (default-testResources) @ SingularityS3Downloader ---
[INFO] Using 'UTF-8' encoding to copy filtered resources.
[INFO] skip non existing resourceDirectory /root/workspace/HubSpot/Singularity/218579395/SingularityS3Downloader/src/test/resources
[INFO] 
[INFO] --- maven-compiler-plugin:3.3:testCompile (default-testCompile) @ SingularityS3Downloader ---
[INFO] No sources to compile
[INFO] 
[INFO] --- maven-surefire-plugin:2.19:test (default-test) @ SingularityS3Downloader ---
[INFO] No tests to run.
[INFO]                                                                         
[INFO] ------------------------------------------------------------------------
[INFO] Building EmbedSingularityExample 0.15.0-SNAPSHOT
[INFO] ------------------------------------------------------------------------
[INFO] 
[INFO] --- property-helper-maven-plugin:2.0:get (get-build-id) @ EmbedSingularityExample ---
[INFO] 
[INFO] --- maven-enforcer-plugin:1.4.1:enforce (default) @ EmbedSingularityExample ---
[INFO] 
[INFO] --- maven-dependency-versions-check-plugin:2.0.2:check (default) @ EmbedSingularityExample ---
[INFO] Checking dependency versions
[INFO] 
[INFO] --- maven-checkstyle-plugin:2.17:check (default) @ EmbedSingularityExample ---
[INFO] Starting audit...
Audit done.
[INFO] 
[INFO] --- dependency-management-plugin:0.4:analyze (analyze) @ EmbedSingularityExample ---
[INFO] No dependency management issues found
[INFO] 
[INFO] --- git-commit-id-plugin:2.2.0:revision (default) @ EmbedSingularityExample ---
[INFO] 
[INFO] --- jacoco-maven-plugin:0.7.5.201505241946:prepare-agent (default) @ EmbedSingularityExample ---
[INFO] argLine set to -javaagent:/root/./workspace/HubSpot/Singularity/218579395/.m2/org/jacoco/org.jacoco.agent/0.7.5.201505241946/org.jacoco.agent-0.7.5.201505241946-runtime.jar=destfile=/root/workspace/HubSpot/Singularity/218579395/EmbedSingularityExample/target/jacoco.exec
[INFO] 
[INFO] --- maven-resources-plugin:2.7:resources (default-resources) @ EmbedSingularityExample ---
[INFO] Using 'UTF-8' encoding to copy filtered resources.
[INFO] skip non existing resourceDirectory /root/workspace/HubSpot/Singularity/218579395/EmbedSingularityExample/src/main/resources
[INFO] 
[INFO] --- maven-compiler-plugin:3.3:compile (default-compile) @ EmbedSingularityExample ---
[INFO] Nothing to compile - all classes are up to date
[INFO] 
[INFO] --- maven-resources-plugin:2.7:testResources (default-testResources) @ EmbedSingularityExample ---
[INFO] Using 'UTF-8' encoding to copy filtered resources.
[INFO] skip non existing resourceDirectory /root/workspace/HubSpot/Singularity/218579395/EmbedSingularityExample/src/test/resources
[INFO] 
[INFO] --- maven-compiler-plugin:3.3:testCompile (default-testCompile) @ EmbedSingularityExample ---
[INFO] No sources to compile
[INFO] 
[INFO] --- maven-surefire-plugin:2.19:test (default-test) @ EmbedSingularityExample ---
[INFO] No tests to run.
[INFO]                                                                         
[INFO] ------------------------------------------------------------------------
[INFO] Building SingularityServiceIntegrationTests 0.15.0-SNAPSHOT
[INFO] ------------------------------------------------------------------------
[INFO] 
[INFO] --- property-helper-maven-plugin:2.0:get (get-build-id) @ SingularityServiceIntegrationTests ---
[INFO] 
[INFO] --- maven-enforcer-plugin:1.4.1:enforce (default) @ SingularityServiceIntegrationTests ---
[INFO] 
[INFO] --- maven-dependency-versions-check-plugin:2.0.2:check (default) @ SingularityServiceIntegrationTests ---
[INFO] Checking dependency versions
[INFO] 
[INFO] --- maven-checkstyle-plugin:2.17:check (default) @ SingularityServiceIntegrationTests ---
[INFO] Starting audit...
Audit done.
[INFO] 
[INFO] --- dependency-management-plugin:0.4:analyze (analyze) @ SingularityServiceIntegrationTests ---
[INFO] No dependency management issues found
[INFO] 
[INFO] --- git-commit-id-plugin:2.2.0:revision (default) @ SingularityServiceIntegrationTests ---
[INFO] 
[INFO] --- jacoco-maven-plugin:0.7.5.201505241946:prepare-agent (default) @ SingularityServiceIntegrationTests ---
[INFO] argLine set to -javaagent:/root/./workspace/HubSpot/Singularity/218579395/.m2/org/jacoco/org.jacoco.agent/0.7.5.201505241946/org.jacoco.agent-0.7.5.201505241946-runtime.jar=destfile=/root/workspace/HubSpot/Singularity/218579395/SingularityServiceIntegrationTests/target/jacoco.exec
[INFO] 
[INFO] --- maven-resources-plugin:2.7:resources (default-resources) @ SingularityServiceIntegrationTests ---
[INFO] Using 'UTF-8' encoding to copy filtered resources.
[INFO] skip non existing resourceDirectory /root/workspace/HubSpot/Singularity/218579395/SingularityServiceIntegrationTests/src/main/resources
[INFO] 
[INFO] --- maven-compiler-plugin:3.3:compile (default-compile) @ SingularityServiceIntegrationTests ---
[INFO] Nothing to compile - all classes are up to date
[INFO] 
[INFO] --- maven-resources-plugin:2.7:testResources (default-testResources) @ SingularityServiceIntegrationTests ---
[INFO] Using 'UTF-8' encoding to copy filtered resources.
[INFO] skip non existing resourceDirectory /root/workspace/HubSpot/Singularity/218579395/SingularityServiceIntegrationTests/src/test/resources
[INFO] 
[INFO] --- maven-compiler-plugin:3.3:testCompile (default-testCompile) @ SingularityServiceIntegrationTests ---
[INFO] Nothing to compile - all classes are up to date
[INFO] 
[INFO] --- maven-surefire-plugin:2.19:test (default-test) @ SingularityServiceIntegrationTests ---
[INFO] ------------------------------------------------------------------------
[INFO] Reactor Summary:
[INFO] 
[INFO] Singularity ........................................ SUCCESS [  2.804 s]
[INFO] SingularityBase .................................... SUCCESS [  3.803 s]
[INFO] SingularityUI ...................................... SUCCESS [02:35 min]
[INFO] SingularityMesosClient ............................. SUCCESS [  2.739 s]
[INFO] SingularitySwagger ................................. SUCCESS [  1.475 s]
[INFO] SingularityService ................................. SUCCESS [03:53 min]
[INFO] SingularityRunnerBase .............................. SUCCESS [  2.574 s]
[INFO] SingularityS3Base .................................. SUCCESS [  2.437 s]
[INFO] SingularityClient .................................. SUCCESS [  5.293 s]
[INFO] SingularityExecutor ................................ SUCCESS [  8.187 s]
[INFO] SingularityExecutorCleanup ......................... SUCCESS [  5.967 s]
[INFO] SingularityS3Uploader .............................. SUCCESS [  2.997 s]
[INFO] SingularityS3Downloader ............................ SUCCESS [  3.149 s]
[INFO] EmbedSingularityExample ............................ SUCCESS [  5.606 s]
[INFO] SingularityServiceIntegrationTests ................. SUCCESS [  3.430 s]
[INFO] ------------------------------------------------------------------------
[INFO] BUILD SUCCESS
[INFO] ------------------------------------------------------------------------
[INFO] Total time: 07:20 min
[INFO] Finished at: 2017-08-23T17:22:08+02:00
[INFO] Final Memory: 138M/1409M
[INFO] ------------------------------------------------------------------------
