[INFO] Scanning for projects...
[INFO] ------------------------------------------------------------------------
[INFO] Reactor Build Order:
[INFO] 
[INFO] SLF4J
[INFO] SLF4J API Module
[INFO] SLF4J Simple Binding
[INFO] SLF4J NOP Binding
[INFO] SLF4J JDK14 Binding
[INFO] SLF4J LOG4J-12 Binding
[INFO] SLF4J JCL Binding
[INFO] SLF4J Android Binding
[INFO] SLF4J Extensions Module
[INFO] JCL 1.2 implemented over SLF4J
[INFO] Log4j Implemented Over SLF4J
[INFO] JUL to SLF4J bridge
[INFO] OSGi LogService implemented over SLF4J
[INFO] SLF4J Integration tests
[INFO] SLF4J Site
[INFO] SLF4J Migrator
[INFO]                                                                         
[INFO] ------------------------------------------------------------------------
[INFO] Building SLF4J 1.7.25-SNAPSHOT
[INFO] ------------------------------------------------------------------------
[INFO] 
[INFO] --- build-helper-maven-plugin:1.7:parse-version (parse-version) @ slf4j-parent ---
[INFO] Downloading: https://repo.maven.apache.org/maven2/org/apache/maven/maven-core/2.0.6/maven-core-2.0.6.pom
[INFO] Downloaded: https://repo.maven.apache.org/maven2/org/apache/maven/maven-core/2.0.6/maven-core-2.0.6.pom (7 KB at 16.5 KB/sec)
[INFO] Downloading: https://repo.maven.apache.org/maven2/org/apache/maven/maven-plugin-parameter-documenter/2.0.6/maven-plugin-parameter-documenter-2.0.6.pom
[INFO] Downloaded: https://repo.maven.apache.org/maven2/org/apache/maven/maven-plugin-parameter-documenter/2.0.6/maven-plugin-parameter-documenter-2.0.6.pom (2 KB at 47.9 KB/sec)
[INFO] Downloading: https://repo.maven.apache.org/maven2/org/apache/maven/maven-error-diagnostics/2.0.6/maven-error-diagnostics-2.0.6.pom
[INFO] Downloaded: https://repo.maven.apache.org/maven2/org/apache/maven/maven-error-diagnostics/2.0.6/maven-error-diagnostics-2.0.6.pom (2 KB at 69.3 KB/sec)
[INFO] Downloading: https://repo.maven.apache.org/maven2/org/apache/maven/maven-plugin-api/2.0/maven-plugin-api-2.0.pom
[INFO] Downloaded: https://repo.maven.apache.org/maven2/org/apache/maven/maven-plugin-api/2.0/maven-plugin-api-2.0.pom (601 B at 27.9 KB/sec)
[INFO] Downloading: https://repo.maven.apache.org/maven2/org/apache/maven/maven/2.0/maven-2.0.pom
[INFO] Downloaded: https://repo.maven.apache.org/maven2/org/apache/maven/maven/2.0/maven-2.0.pom (9 KB at 231.4 KB/sec)
[INFO] Downloading: https://repo.maven.apache.org/maven2/org/apache/maven/maven-plugin-descriptor/2.0.6/maven-plugin-descriptor-2.0.6.pom
[INFO] Downloaded: https://repo.maven.apache.org/maven2/org/apache/maven/maven-plugin-descriptor/2.0.6/maven-plugin-descriptor-2.0.6.pom (2 KB at 89.6 KB/sec)
[INFO] Downloading: https://repo.maven.apache.org/maven2/org/apache/maven/maven-monitor/2.0.6/maven-monitor-2.0.6.pom
[INFO] Downloaded: https://repo.maven.apache.org/maven2/org/apache/maven/maven-monitor/2.0.6/maven-monitor-2.0.6.pom (2 KB at 64.5 KB/sec)
[INFO] Downloading: https://repo.maven.apache.org/maven2/org/apache/maven/maven-model/2.0.6/maven-model-2.0.6.jar
[INFO] Downloading: https://repo.maven.apache.org/maven2/org/apache/maven/maven-project/2.0.6/maven-project-2.0.6.jar
[INFO] Downloading: https://repo.maven.apache.org/maven2/org/apache/maven/maven-settings/2.0.6/maven-settings-2.0.6.jar
[INFO] Downloading: https://repo.maven.apache.org/maven2/org/apache/maven/maven-profile/2.0.6/maven-profile-2.0.6.jar
[INFO] Downloading: https://repo.maven.apache.org/maven2/org/apache/maven/maven-artifact-manager/2.0.6/maven-artifact-manager-2.0.6.jar
[INFO] Downloaded: https://repo.maven.apache.org/maven2/org/apache/maven/maven-profile/2.0.6/maven-profile-2.0.6.jar (35 KB at 593.4 KB/sec)
[INFO] Downloading: https://repo.maven.apache.org/maven2/org/apache/maven/maven-plugin-registry/2.0.6/maven-plugin-registry-2.0.6.jar
[INFO] Downloaded: https://repo.maven.apache.org/maven2/org/apache/maven/maven-artifact-manager/2.0.6/maven-artifact-manager-2.0.6.jar (56 KB at 951.4 KB/sec)
[INFO] Downloading: https://repo.maven.apache.org/maven2/org/apache/maven/maven-core/2.0.6/maven-core-2.0.6.jar
[INFO] Downloaded: https://repo.maven.apache.org/maven2/org/apache/maven/maven-settings/2.0.6/maven-settings-2.0.6.jar (48 KB at 812.7 KB/sec)
[INFO] Downloading: https://repo.maven.apache.org/maven2/org/apache/maven/maven-plugin-parameter-documenter/2.0.6/maven-plugin-parameter-documenter-2.0.6.jar
[INFO] Downloaded: https://repo.maven.apache.org/maven2/org/apache/maven/maven-model/2.0.6/maven-model-2.0.6.jar (85 KB at 1360.7 KB/sec)
[INFO] Downloading: https://repo.maven.apache.org/maven2/org/apache/maven/reporting/maven-reporting-api/2.0.6/maven-reporting-api-2.0.6.jar
[INFO] Downloaded: https://repo.maven.apache.org/maven2/org/apache/maven/maven-plugin-registry/2.0.6/maven-plugin-registry-2.0.6.jar (29 KB at 344.4 KB/sec)
[INFO] Downloaded: https://repo.maven.apache.org/maven2/org/apache/maven/maven-plugin-parameter-documenter/2.0.6/maven-plugin-parameter-documenter-2.0.6.jar (21 KB at 247.2 KB/sec)
[INFO] Downloading: https://repo.maven.apache.org/maven2/org/apache/maven/doxia/doxia-sink-api/1.0-alpha-7/doxia-sink-api-1.0-alpha-7.jar
[INFO] Downloading: https://repo.maven.apache.org/maven2/org/apache/maven/maven-repository-metadata/2.0.6/maven-repository-metadata-2.0.6.jar
[INFO] Downloaded: https://repo.maven.apache.org/maven2/org/apache/maven/reporting/maven-reporting-api/2.0.6/maven-reporting-api-2.0.6.jar (10 KB at 119.9 KB/sec)
[INFO] Downloading: https://repo.maven.apache.org/maven2/org/apache/maven/maven-error-diagnostics/2.0.6/maven-error-diagnostics-2.0.6.jar
[INFO] Downloaded: https://repo.maven.apache.org/maven2/org/apache/maven/doxia/doxia-sink-api/1.0-alpha-7/doxia-sink-api-1.0-alpha-7.jar (6 KB at 56.8 KB/sec)
[INFO] Downloaded: https://repo.maven.apache.org/maven2/org/apache/maven/maven-project/2.0.6/maven-project-2.0.6.jar (114 KB at 1091.0 KB/sec)
[INFO] Downloading: https://repo.maven.apache.org/maven2/org/apache/maven/maven-plugin-descriptor/2.0.6/maven-plugin-descriptor-2.0.6.jar
[INFO] Downloading: https://repo.maven.apache.org/maven2/org/apache/maven/maven-monitor/2.0.6/maven-monitor-2.0.6.jar
[INFO] Downloaded: https://repo.maven.apache.org/maven2/org/apache/maven/maven-error-diagnostics/2.0.6/maven-error-diagnostics-2.0.6.jar (14 KB at 129.1 KB/sec)
[INFO] Downloading: https://repo.maven.apache.org/maven2/org/apache/maven/maven-plugin-api/2.0.6/maven-plugin-api-2.0.6.jar
[INFO] Downloaded: https://repo.maven.apache.org/maven2/org/apache/maven/maven-repository-metadata/2.0.6/maven-repository-metadata-2.0.6.jar (24 KB at 227.6 KB/sec)
[INFO] Downloaded: https://repo.maven.apache.org/maven2/org/apache/maven/maven-core/2.0.6/maven-core-2.0.6.jar (149 KB at 1396.8 KB/sec)
[INFO] Downloading: https://repo.maven.apache.org/maven2/org/apache/maven/maven-artifact/2.0.6/maven-artifact-2.0.6.jar
[INFO] Downloading: https://repo.maven.apache.org/maven2/org/codehaus/plexus/plexus-utils/1.5.8/plexus-utils-1.5.8.jar
[INFO] Downloaded: https://repo.maven.apache.org/maven2/org/apache/maven/maven-monitor/2.0.6/maven-monitor-2.0.6.jar (11 KB at 82.0 KB/sec)
[INFO] Downloaded: https://repo.maven.apache.org/maven2/org/apache/maven/maven-plugin-api/2.0.6/maven-plugin-api-2.0.6.jar (13 KB at 102.1 KB/sec)
[INFO] Downloaded: https://repo.maven.apache.org/maven2/org/apache/maven/maven-plugin-descriptor/2.0.6/maven-plugin-descriptor-2.0.6.jar (37 KB at 288.1 KB/sec)
[INFO] Downloaded: https://repo.maven.apache.org/maven2/org/apache/maven/maven-artifact/2.0.6/maven-artifact-2.0.6.jar (86 KB at 613.8 KB/sec)
[INFO] Downloaded: https://repo.maven.apache.org/maven2/org/codehaus/plexus/plexus-utils/1.5.8/plexus-utils-1.5.8.jar (262 KB at 1477.8 KB/sec)
[INFO] 
[INFO] >>> maven-source-plugin:2.1.2:jar (default) > generate-sources @ slf4j-parent >>>
[INFO] 
[INFO] --- build-helper-maven-plugin:1.7:parse-version (parse-version) @ slf4j-parent ---
[INFO] 
[INFO] <<< maven-source-plugin:2.1.2:jar (default) < generate-sources @ slf4j-parent <<<
[INFO] 
[INFO] --- maven-source-plugin:2.1.2:jar (default) @ slf4j-parent ---
[INFO] Downloading: https://repo.maven.apache.org/maven2/org/apache/maven/maven-archiver/2.4.1/maven-archiver-2.4.1.pom
[INFO] Downloaded: https://repo.maven.apache.org/maven2/org/apache/maven/maven-archiver/2.4.1/maven-archiver-2.4.1.pom (4 KB at 214.5 KB/sec)
[INFO] Downloading: https://repo.maven.apache.org/maven2/org/codehaus/plexus/plexus-archiver/1.0/plexus-archiver-1.0.pom
[INFO] Downloaded: https://repo.maven.apache.org/maven2/org/codehaus/plexus/plexus-archiver/1.0/plexus-archiver-1.0.pom (2 KB at 92.5 KB/sec)
[INFO] Downloading: https://repo.maven.apache.org/maven2/org/codehaus/plexus/plexus-components/1.1.17/plexus-components-1.1.17.pom
[INFO] Downloaded: https://repo.maven.apache.org/maven2/org/codehaus/plexus/plexus-components/1.1.17/plexus-components-1.1.17.pom (6 KB at 267.8 KB/sec)
[INFO] Downloading: https://repo.maven.apache.org/maven2/org/codehaus/plexus/plexus/2.0.5/plexus-2.0.5.pom
[INFO] Downloaded: https://repo.maven.apache.org/maven2/org/codehaus/plexus/plexus/2.0.5/plexus-2.0.5.pom (17 KB at 941.2 KB/sec)
[INFO] Downloading: https://repo.maven.apache.org/maven2/org/codehaus/plexus/plexus-utils/2.0.5/plexus-utils-2.0.5.pom
[INFO] Downloaded: https://repo.maven.apache.org/maven2/org/codehaus/plexus/plexus-utils/2.0.5/plexus-utils-2.0.5.pom (4 KB at 180.9 KB/sec)
[INFO] Downloading: https://repo.maven.apache.org/maven2/org/codehaus/plexus/plexus/2.0.6/plexus-2.0.6.pom
[INFO] Downloaded: https://repo.maven.apache.org/maven2/org/codehaus/plexus/plexus/2.0.6/plexus-2.0.6.pom (17 KB at 909.5 KB/sec)
[INFO] Downloading: https://repo.maven.apache.org/maven2/org/codehaus/plexus/plexus-io/1.0/plexus-io-1.0.pom
[INFO] Downloaded: https://repo.maven.apache.org/maven2/org/codehaus/plexus/plexus-io/1.0/plexus-io-1.0.pom (2 KB at 70.5 KB/sec)
[INFO] Downloading: https://repo.maven.apache.org/maven2/org/codehaus/plexus/plexus-interpolation/1.13/plexus-interpolation-1.13.pom
[INFO] Downloaded: https://repo.maven.apache.org/maven2/org/codehaus/plexus/plexus-interpolation/1.13/plexus-interpolation-1.13.pom (890 B at 45.7 KB/sec)
[INFO] Downloading: https://repo.maven.apache.org/maven2/org/codehaus/plexus/plexus-components/1.1.15/plexus-components-1.1.15.pom
[INFO] Downloaded: https://repo.maven.apache.org/maven2/org/codehaus/plexus/plexus-components/1.1.15/plexus-components-1.1.15.pom (3 KB at 154.5 KB/sec)
[INFO] Downloading: https://repo.maven.apache.org/maven2/classworlds/classworlds/1.1-alpha-2/classworlds-1.1-alpha-2.jar
[INFO] Downloading: https://repo.maven.apache.org/maven2/org/apache/maven/maven-archiver/2.4.1/maven-archiver-2.4.1.jar
[INFO] Downloading: https://repo.maven.apache.org/maven2/org/codehaus/plexus/plexus-interpolation/1.13/plexus-interpolation-1.13.jar
[INFO] Downloading: https://repo.maven.apache.org/maven2/org/codehaus/plexus/plexus-archiver/1.0/plexus-archiver-1.0.jar
[INFO] Downloading: https://repo.maven.apache.org/maven2/org/codehaus/plexus/plexus-io/1.0/plexus-io-1.0.jar
[INFO] Downloaded: https://repo.maven.apache.org/maven2/org/apache/maven/maven-archiver/2.4.1/maven-archiver-2.4.1.jar (20 KB at 892.1 KB/sec)
[INFO] Downloading: https://repo.maven.apache.org/maven2/org/codehaus/plexus/plexus-utils/2.0.5/plexus-utils-2.0.5.jar
[INFO] Downloaded: https://repo.maven.apache.org/maven2/classworlds/classworlds/1.1-alpha-2/classworlds-1.1-alpha-2.jar (37 KB at 1110.2 KB/sec)
[INFO] Downloaded: https://repo.maven.apache.org/maven2/org/codehaus/plexus/plexus-io/1.0/plexus-io-1.0.jar (50 KB at 1550.4 KB/sec)
[INFO] Downloaded: https://repo.maven.apache.org/maven2/org/codehaus/plexus/plexus-archiver/1.0/plexus-archiver-1.0.jar (174 KB at 3530.8 KB/sec)
[INFO] Downloaded: https://repo.maven.apache.org/maven2/org/codehaus/plexus/plexus-interpolation/1.13/plexus-interpolation-1.13.jar (60 KB at 1216.9 KB/sec)
[INFO] Downloaded: https://repo.maven.apache.org/maven2/org/codehaus/plexus/plexus-utils/2.0.5/plexus-utils-2.0.5.jar (218 KB at 3572.8 KB/sec)
[INFO] 
[INFO] --- maven-install-plugin:2.4:install (default-install) @ slf4j-parent ---
[INFO] Downloading: https://repo.maven.apache.org/maven2/org/codehaus/plexus/plexus-utils/3.0.5/plexus-utils-3.0.5.pom
[INFO] Downloaded: https://repo.maven.apache.org/maven2/org/codehaus/plexus/plexus-utils/3.0.5/plexus-utils-3.0.5.pom (3 KB at 144.3 KB/sec)
[INFO] Downloading: https://repo.maven.apache.org/maven2/org/codehaus/plexus/plexus/3.1/plexus-3.1.pom
[INFO] Downloaded: https://repo.maven.apache.org/maven2/org/codehaus/plexus/plexus/3.1/plexus-3.1.pom (19 KB at 865.7 KB/sec)
[INFO] Downloading: https://repo.maven.apache.org/maven2/org/codehaus/plexus/plexus-digest/1.0/plexus-digest-1.0.pom
[INFO] Downloaded: https://repo.maven.apache.org/maven2/org/codehaus/plexus/plexus-digest/1.0/plexus-digest-1.0.pom (2 KB at 54.4 KB/sec)
[INFO] Downloading: https://repo.maven.apache.org/maven2/org/codehaus/plexus/plexus-components/1.1.7/plexus-components-1.1.7.pom
[INFO] Downloaded: https://repo.maven.apache.org/maven2/org/codehaus/plexus/plexus-components/1.1.7/plexus-components-1.1.7.pom (5 KB at 242.9 KB/sec)
[INFO] Downloading: https://repo.maven.apache.org/maven2/org/codehaus/plexus/plexus-container-default/1.0-alpha-8/plexus-container-default-1.0-alpha-8.pom
[INFO] Downloaded: https://repo.maven.apache.org/maven2/org/codehaus/plexus/plexus-container-default/1.0-alpha-8/plexus-container-default-1.0-alpha-8.pom (8 KB at 394.0 KB/sec)
[INFO] Downloading: https://repo.maven.apache.org/maven2/org/codehaus/plexus/plexus-utils/3.0.5/plexus-utils-3.0.5.jar
[INFO] Downloading: https://repo.maven.apache.org/maven2/org/codehaus/plexus/plexus-digest/1.0/plexus-digest-1.0.jar
[INFO] Downloaded: https://repo.maven.apache.org/maven2/org/codehaus/plexus/plexus-digest/1.0/plexus-digest-1.0.jar (12 KB at 526.4 KB/sec)
[INFO] Downloaded: https://repo.maven.apache.org/maven2/org/codehaus/plexus/plexus-utils/3.0.5/plexus-utils-3.0.5.jar (226 KB at 4688.5 KB/sec)
[INFO] Installing /root/workspace/qos-ch/slf4j/205803285/pom.xml to /root/./workspace/qos-ch/slf4j/205803285/.m2/org/slf4j/slf4j-parent/1.7.25-SNAPSHOT/slf4j-parent-1.7.25-SNAPSHOT.pom
[INFO]                                                                         
[INFO] ------------------------------------------------------------------------
[INFO] Building SLF4J API Module 1.7.25-SNAPSHOT
[INFO] ------------------------------------------------------------------------
[INFO] 
[INFO] --- build-helper-maven-plugin:1.7:parse-version (parse-version) @ slf4j-api ---
[INFO] 
[INFO] --- maven-resources-plugin:2.6:resources (default-resources) @ slf4j-api ---
[INFO] Downloading: https://repo.maven.apache.org/maven2/org/apache/maven/shared/maven-filtering/1.1/maven-filtering-1.1.pom
[INFO] Downloaded: https://repo.maven.apache.org/maven2/org/apache/maven/shared/maven-filtering/1.1/maven-filtering-1.1.pom (6 KB at 297.5 KB/sec)
[INFO] Downloading: https://repo.maven.apache.org/maven2/org/codehaus/plexus/plexus-interpolation/1.12/plexus-interpolation-1.12.pom
[INFO] Downloaded: https://repo.maven.apache.org/maven2/org/codehaus/plexus/plexus-interpolation/1.12/plexus-interpolation-1.12.pom (889 B at 43.4 KB/sec)
[INFO] Downloading: https://repo.maven.apache.org/maven2/org/sonatype/plexus/plexus-build-api/0.0.4/plexus-build-api-0.0.4.pom
[INFO] Downloaded: https://repo.maven.apache.org/maven2/org/sonatype/plexus/plexus-build-api/0.0.4/plexus-build-api-0.0.4.pom (3 KB at 155.3 KB/sec)
[INFO] Downloading: https://repo.maven.apache.org/maven2/org/sonatype/spice/spice-parent/10/spice-parent-10.pom
[INFO] Downloaded: https://repo.maven.apache.org/maven2/org/sonatype/spice/spice-parent/10/spice-parent-10.pom (3 KB at 173.2 KB/sec)
[INFO] Downloading: https://repo.maven.apache.org/maven2/org/sonatype/forge/forge-parent/3/forge-parent-3.pom
[INFO] Downloaded: https://repo.maven.apache.org/maven2/org/sonatype/forge/forge-parent/3/forge-parent-3.pom (5 KB at 273.1 KB/sec)
[INFO] Downloading: https://repo.maven.apache.org/maven2/org/apache/maven/shared/maven-filtering/1.1/maven-filtering-1.1.jar
[INFO] Downloading: https://repo.maven.apache.org/maven2/org/sonatype/plexus/plexus-build-api/0.0.4/plexus-build-api-0.0.4.jar
[INFO] Downloaded: https://repo.maven.apache.org/maven2/org/sonatype/plexus/plexus-build-api/0.0.4/plexus-build-api-0.0.4.jar (7 KB at 350.0 KB/sec)
[INFO] Downloaded: https://repo.maven.apache.org/maven2/org/apache/maven/shared/maven-filtering/1.1/maven-filtering-1.1.jar (43 KB at 1754.0 KB/sec)
[INFO] Using 'UTF-8' encoding to copy filtered resources.
[INFO] Copying 1 resource
[INFO] 
[INFO] --- maven-compiler-plugin:3.3:compile (default-compile) @ slf4j-api ---
[INFO] Downloading: https://repo.maven.apache.org/maven2/org/apache/maven/maven-plugin-api/2.2.1/maven-plugin-api-2.2.1.pom
[INFO] Downloaded: https://repo.maven.apache.org/maven2/org/apache/maven/maven-plugin-api/2.2.1/maven-plugin-api-2.2.1.pom (2 KB at 75.0 KB/sec)
[INFO] Downloading: https://repo.maven.apache.org/maven2/org/apache/maven/maven/2.2.1/maven-2.2.1.pom
[INFO] Downloaded: https://repo.maven.apache.org/maven2/org/apache/maven/maven/2.2.1/maven-2.2.1.pom (22 KB at 1215.8 KB/sec)
[INFO] Downloading: https://repo.maven.apache.org/maven2/org/apache/maven/maven-artifact/2.2.1/maven-artifact-2.2.1.pom
[INFO] Downloaded: https://repo.maven.apache.org/maven2/org/apache/maven/maven-artifact/2.2.1/maven-artifact-2.2.1.pom (2 KB at 90.8 KB/sec)
[INFO] Downloading: https://repo.maven.apache.org/maven2/org/apache/maven/maven-core/2.2.1/maven-core-2.2.1.pom
[INFO] Downloaded: https://repo.maven.apache.org/maven2/org/apache/maven/maven-core/2.2.1/maven-core-2.2.1.pom (12 KB at 568.0 KB/sec)
[INFO] Downloading: https://repo.maven.apache.org/maven2/org/apache/maven/maven-settings/2.2.1/maven-settings-2.2.1.pom
[INFO] Downloaded: https://repo.maven.apache.org/maven2/org/apache/maven/maven-settings/2.2.1/maven-settings-2.2.1.pom (3 KB at 101.3 KB/sec)
[INFO] Downloading: https://repo.maven.apache.org/maven2/org/apache/maven/maven-model/2.2.1/maven-model-2.2.1.pom
[INFO] Downloaded: https://repo.maven.apache.org/maven2/org/apache/maven/maven-model/2.2.1/maven-model-2.2.1.pom (4 KB at 175.8 KB/sec)
[INFO] Downloading: https://repo.maven.apache.org/maven2/org/apache/maven/maven-plugin-parameter-documenter/2.2.1/maven-plugin-parameter-documenter-2.2.1.pom
[INFO] Downloaded: https://repo.maven.apache.org/maven2/org/apache/maven/maven-plugin-parameter-documenter/2.2.1/maven-plugin-parameter-documenter-2.2.1.pom (2 KB at 119.4 KB/sec)
[INFO] Downloading: https://repo.maven.apache.org/maven2/org/slf4j/slf4j-jdk14/1.5.6/slf4j-jdk14-1.5.6.pom
[INFO] Downloaded: https://repo.maven.apache.org/maven2/org/slf4j/slf4j-jdk14/1.5.6/slf4j-jdk14-1.5.6.pom (2 KB at 84.3 KB/sec)
[INFO] Downloading: https://repo.maven.apache.org/maven2/org/slf4j/slf4j-parent/1.5.6/slf4j-parent-1.5.6.pom
[INFO] Downloaded: https://repo.maven.apache.org/maven2/org/slf4j/slf4j-parent/1.5.6/slf4j-parent-1.5.6.pom (8 KB at 407.1 KB/sec)
[INFO] Downloading: https://repo.maven.apache.org/maven2/org/slf4j/slf4j-api/1.5.6/slf4j-api-1.5.6.pom
[INFO] Downloaded: https://repo.maven.apache.org/maven2/org/slf4j/slf4j-api/1.5.6/slf4j-api-1.5.6.pom (3 KB at 171.4 KB/sec)
[INFO] Downloading: https://repo.maven.apache.org/maven2/org/slf4j/jcl-over-slf4j/1.5.6/jcl-over-slf4j-1.5.6.pom
[INFO] Downloaded: https://repo.maven.apache.org/maven2/org/slf4j/jcl-over-slf4j/1.5.6/jcl-over-slf4j-1.5.6.pom (3 KB at 124.6 KB/sec)
[INFO] Downloading: https://repo.maven.apache.org/maven2/org/apache/maven/maven-profile/2.2.1/maven-profile-2.2.1.pom
[INFO] Downloaded: https://repo.maven.apache.org/maven2/org/apache/maven/maven-profile/2.2.1/maven-profile-2.2.1.pom (3 KB at 117.8 KB/sec)
[INFO] Downloading: https://repo.maven.apache.org/maven2/org/apache/maven/maven-repository-metadata/2.2.1/maven-repository-metadata-2.2.1.pom
[INFO] Downloaded: https://repo.maven.apache.org/maven2/org/apache/maven/maven-repository-metadata/2.2.1/maven-repository-metadata-2.2.1.pom (2 KB at 79.4 KB/sec)
[INFO] Downloading: https://repo.maven.apache.org/maven2/org/apache/maven/maven-error-diagnostics/2.2.1/maven-error-diagnostics-2.2.1.pom
[INFO] Downloaded: https://repo.maven.apache.org/maven2/org/apache/maven/maven-error-diagnostics/2.2.1/maven-error-diagnostics-2.2.1.pom (2 KB at 92.7 KB/sec)
[INFO] Downloading: https://repo.maven.apache.org/maven2/org/apache/maven/maven-project/2.2.1/maven-project-2.2.1.pom
[INFO] Downloaded: https://repo.maven.apache.org/maven2/org/apache/maven/maven-project/2.2.1/maven-project-2.2.1.pom (3 KB at 159.3 KB/sec)
[INFO] Downloading: https://repo.maven.apache.org/maven2/org/apache/maven/maven-artifact-manager/2.2.1/maven-artifact-manager-2.2.1.pom
[INFO] Downloaded: https://repo.maven.apache.org/maven2/org/apache/maven/maven-artifact-manager/2.2.1/maven-artifact-manager-2.2.1.pom (4 KB at 178.3 KB/sec)
[INFO] Downloading: https://repo.maven.apache.org/maven2/org/apache/maven/maven-plugin-registry/2.2.1/maven-plugin-registry-2.2.1.pom
[INFO] Downloaded: https://repo.maven.apache.org/maven2/org/apache/maven/maven-plugin-registry/2.2.1/maven-plugin-registry-2.2.1.pom (2 KB at 110.8 KB/sec)
[INFO] Downloading: https://repo.maven.apache.org/maven2/org/apache/maven/maven-plugin-descriptor/2.2.1/maven-plugin-descriptor-2.2.1.pom
[INFO] Downloaded: https://repo.maven.apache.org/maven2/org/apache/maven/maven-plugin-descriptor/2.2.1/maven-plugin-descriptor-2.2.1.pom (3 KB at 126.0 KB/sec)
[INFO] Downloading: https://repo.maven.apache.org/maven2/org/apache/maven/maven-monitor/2.2.1/maven-monitor-2.2.1.pom
[INFO] Downloaded: https://repo.maven.apache.org/maven2/org/apache/maven/maven-monitor/2.2.1/maven-monitor-2.2.1.pom (2 KB at 76.7 KB/sec)
[INFO] Downloading: https://repo.maven.apache.org/maven2/org/sonatype/plexus/plexus-sec-dispatcher/1.3/plexus-sec-dispatcher-1.3.pom
[INFO] Downloaded: https://repo.maven.apache.org/maven2/org/sonatype/plexus/plexus-sec-dispatcher/1.3/plexus-sec-dispatcher-1.3.pom (3 KB at 152.2 KB/sec)
[INFO] Downloading: https://repo.maven.apache.org/maven2/org/sonatype/spice/spice-parent/12/spice-parent-12.pom
[INFO] Downloaded: https://repo.maven.apache.org/maven2/org/sonatype/spice/spice-parent/12/spice-parent-12.pom (7 KB at 349.4 KB/sec)
[INFO] Downloading: https://repo.maven.apache.org/maven2/org/sonatype/forge/forge-parent/4/forge-parent-4.pom
[INFO] Downloaded: https://repo.maven.apache.org/maven2/org/sonatype/forge/forge-parent/4/forge-parent-4.pom (9 KB at 455.6 KB/sec)
[INFO] Downloading: https://repo.maven.apache.org/maven2/org/codehaus/plexus/plexus-utils/1.5.5/plexus-utils-1.5.5.pom
[INFO] Downloaded: https://repo.maven.apache.org/maven2/org/codehaus/plexus/plexus-utils/1.5.5/plexus-utils-1.5.5.pom (6 KB at 251.3 KB/sec)
[INFO] Downloading: https://repo.maven.apache.org/maven2/org/sonatype/plexus/plexus-cipher/1.4/plexus-cipher-1.4.pom
[INFO] Downloaded: https://repo.maven.apache.org/maven2/org/sonatype/plexus/plexus-cipher/1.4/plexus-cipher-1.4.pom (3 KB at 126.0 KB/sec)
[INFO] Downloading: https://repo.maven.apache.org/maven2/org/apache/maven/maven-toolchain/2.2.1/maven-toolchain-2.2.1.pom
[INFO] Downloaded: https://repo.maven.apache.org/maven2/org/apache/maven/maven-toolchain/2.2.1/maven-toolchain-2.2.1.pom (4 KB at 181.4 KB/sec)
[INFO] Downloading: https://repo.maven.apache.org/maven2/org/apache/maven/reporting/maven-reporting-api/2.2.1/maven-reporting-api-2.2.1.pom
[INFO] Downloaded: https://repo.maven.apache.org/maven2/org/apache/maven/reporting/maven-reporting-api/2.2.1/maven-reporting-api-2.2.1.pom (2 KB at 100.5 KB/sec)
[INFO] Downloading: https://repo.maven.apache.org/maven2/org/apache/maven/reporting/maven-reporting/2.2.1/maven-reporting-2.2.1.pom
[INFO] Downloaded: https://repo.maven.apache.org/maven2/org/apache/maven/reporting/maven-reporting/2.2.1/maven-reporting-2.2.1.pom (2 KB at 88.1 KB/sec)
[INFO] Downloading: https://repo.maven.apache.org/maven2/org/apache/maven/doxia/doxia-sink-api/1.1/doxia-sink-api-1.1.pom
[INFO] Downloaded: https://repo.maven.apache.org/maven2/org/apache/maven/doxia/doxia-sink-api/1.1/doxia-sink-api-1.1.pom (2 KB at 99.6 KB/sec)
[INFO] Downloading: https://repo.maven.apache.org/maven2/org/apache/maven/doxia/doxia/1.1/doxia-1.1.pom
[INFO] Downloaded: https://repo.maven.apache.org/maven2/org/apache/maven/doxia/doxia/1.1/doxia-1.1.pom (15 KB at 780.1 KB/sec)
[INFO] Downloading: https://repo.maven.apache.org/maven2/org/apache/maven/doxia/doxia-logging-api/1.1/doxia-logging-api-1.1.pom
[INFO] Downloaded: https://repo.maven.apache.org/maven2/org/apache/maven/doxia/doxia-logging-api/1.1/doxia-logging-api-1.1.pom (2 KB at 85.4 KB/sec)
[INFO] Downloading: https://repo.maven.apache.org/maven2/commons-cli/commons-cli/1.2/commons-cli-1.2.pom
[INFO] Downloaded: https://repo.maven.apache.org/maven2/commons-cli/commons-cli/1.2/commons-cli-1.2.pom (8 KB at 278.3 KB/sec)
[INFO] Downloading: https://repo.maven.apache.org/maven2/org/apache/commons/commons-parent/11/commons-parent-11.pom
[INFO] Downloaded: https://repo.maven.apache.org/maven2/org/apache/commons/commons-parent/11/commons-parent-11.pom (25 KB at 1203.6 KB/sec)
[INFO] Downloading: https://repo.maven.apache.org/maven2/org/apache/maven/shared/maven-shared-utils/0.7/maven-shared-utils-0.7.pom
[INFO] Downloaded: https://repo.maven.apache.org/maven2/org/apache/maven/shared/maven-shared-utils/0.7/maven-shared-utils-0.7.pom (5 KB at 257.7 KB/sec)
[INFO] Downloading: https://repo.maven.apache.org/maven2/org/apache/maven/shared/maven-shared-components/20/maven-shared-components-20.pom
[INFO] Downloaded: https://repo.maven.apache.org/maven2/org/apache/maven/shared/maven-shared-components/20/maven-shared-components-20.pom (5 KB at 262.4 KB/sec)
[INFO] Downloading: https://repo.maven.apache.org/maven2/org/apache/maven/maven-parent/24/maven-parent-24.pom
[INFO] Downloaded: https://repo.maven.apache.org/maven2/org/apache/maven/maven-parent/24/maven-parent-24.pom (37 KB at 1637.9 KB/sec)
[INFO] Downloading: https://repo.maven.apache.org/maven2/org/apache/apache/14/apache-14.pom
[INFO] Downloaded: https://repo.maven.apache.org/maven2/org/apache/apache/14/apache-14.pom (15 KB at 843.6 KB/sec)
[INFO] Downloading: https://repo.maven.apache.org/maven2/com/google/code/findbugs/jsr305/2.0.1/jsr305-2.0.1.pom
[INFO] Downloaded: https://repo.maven.apache.org/maven2/com/google/code/findbugs/jsr305/2.0.1/jsr305-2.0.1.pom (965 B at 49.6 KB/sec)
[INFO] Downloading: https://repo.maven.apache.org/maven2/org/apache/maven/shared/maven-shared-incremental/1.1/maven-shared-incremental-1.1.pom
[INFO] Downloaded: https://repo.maven.apache.org/maven2/org/apache/maven/shared/maven-shared-incremental/1.1/maven-shared-incremental-1.1.pom (5 KB at 272.4 KB/sec)
[INFO] Downloading: https://repo.maven.apache.org/maven2/org/apache/maven/shared/maven-shared-utils/0.1/maven-shared-utils-0.1.pom
[INFO] Downloaded: https://repo.maven.apache.org/maven2/org/apache/maven/shared/maven-shared-utils/0.1/maven-shared-utils-0.1.pom (4 KB at 104.0 KB/sec)
[INFO] Downloading: https://repo.maven.apache.org/maven2/org/apache/maven/shared/maven-shared-components/18/maven-shared-components-18.pom
[INFO] Downloaded: https://repo.maven.apache.org/maven2/org/apache/maven/shared/maven-shared-components/18/maven-shared-components-18.pom (5 KB at 117.5 KB/sec)
[INFO] Downloading: https://repo.maven.apache.org/maven2/org/codehaus/plexus/plexus-compiler-api/2.5/plexus-compiler-api-2.5.pom
[INFO] Downloaded: https://repo.maven.apache.org/maven2/org/codehaus/plexus/plexus-compiler-api/2.5/plexus-compiler-api-2.5.pom (865 B at 18.0 KB/sec)
[INFO] Downloading: https://repo.maven.apache.org/maven2/org/codehaus/plexus/plexus-compiler/2.5/plexus-compiler-2.5.pom
[INFO] Downloaded: https://repo.maven.apache.org/maven2/org/codehaus/plexus/plexus-compiler/2.5/plexus-compiler-2.5.pom (6 KB at 133.1 KB/sec)
[INFO] Downloading: https://repo.maven.apache.org/maven2/org/codehaus/plexus/plexus-components/1.3.1/plexus-components-1.3.1.pom
[INFO] Downloaded: https://repo.maven.apache.org/maven2/org/codehaus/plexus/plexus-components/1.3.1/plexus-components-1.3.1.pom (3 KB at 88.0 KB/sec)
[INFO] Downloading: https://repo.maven.apache.org/maven2/org/codehaus/plexus/plexus/3.3.1/plexus-3.3.1.pom
[INFO] Downloaded: https://repo.maven.apache.org/maven2/org/codehaus/plexus/plexus/3.3.1/plexus-3.3.1.pom (20 KB at 525.4 KB/sec)
[INFO] Downloading: https://repo.maven.apache.org/maven2/org/codehaus/plexus/plexus-compiler-manager/2.5/plexus-compiler-manager-2.5.pom
[INFO] Downloaded: https://repo.maven.apache.org/maven2/org/codehaus/plexus/plexus-compiler-manager/2.5/plexus-compiler-manager-2.5.pom (690 B at 17.3 KB/sec)
[INFO] Downloading: https://repo.maven.apache.org/maven2/org/codehaus/plexus/plexus-compiler-javac/2.5/plexus-compiler-javac-2.5.pom
[INFO] Downloaded: https://repo.maven.apache.org/maven2/org/codehaus/plexus/plexus-compiler-javac/2.5/plexus-compiler-javac-2.5.pom (769 B at 22.8 KB/sec)
[INFO] Downloading: https://repo.maven.apache.org/maven2/org/codehaus/plexus/plexus-compilers/2.5/plexus-compilers-2.5.pom
[INFO] Downloaded: https://repo.maven.apache.org/maven2/org/codehaus/plexus/plexus-compilers/2.5/plexus-compilers-2.5.pom (2 KB at 25.8 KB/sec)
[INFO] Downloading: https://repo.maven.apache.org/maven2/org/apache/maven/maven-plugin-api/2.2.1/maven-plugin-api-2.2.1.jar
[INFO] Downloading: https://repo.maven.apache.org/maven2/org/apache/maven/maven-artifact/2.2.1/maven-artifact-2.2.1.jar
[INFO] Downloading: https://repo.maven.apache.org/maven2/org/codehaus/plexus/plexus-utils/1.5.15/plexus-utils-1.5.15.jar
[INFO] Downloading: https://repo.maven.apache.org/maven2/org/apache/maven/maven-core/2.2.1/maven-core-2.2.1.jar
[INFO] Downloading: https://repo.maven.apache.org/maven2/org/apache/maven/maven-settings/2.2.1/maven-settings-2.2.1.jar
[INFO] Downloaded: https://repo.maven.apache.org/maven2/org/apache/maven/maven-plugin-api/2.2.1/maven-plugin-api-2.2.1.jar (13 KB at 215.8 KB/sec)
[INFO] Downloading: https://repo.maven.apache.org/maven2/org/codehaus/plexus/plexus-interpolation/1.11/plexus-interpolation-1.11.jar
[INFO] Downloaded: https://repo.maven.apache.org/maven2/org/apache/maven/maven-artifact/2.2.1/maven-artifact-2.2.1.jar (79 KB at 784.4 KB/sec)
[INFO] Downloading: https://repo.maven.apache.org/maven2/org/apache/maven/maven-plugin-parameter-documenter/2.2.1/maven-plugin-parameter-documenter-2.2.1.jar
[INFO] Downloaded: https://repo.maven.apache.org/maven2/org/apache/maven/maven-settings/2.2.1/maven-settings-2.2.1.jar (48 KB at 389.4 KB/sec)
[INFO] Downloading: https://repo.maven.apache.org/maven2/org/slf4j/slf4j-jdk14/1.5.6/slf4j-jdk14-1.5.6.jar
[INFO] Downloaded: https://repo.maven.apache.org/maven2/org/codehaus/plexus/plexus-utils/1.5.15/plexus-utils-1.5.15.jar (223 KB at 1495.1 KB/sec)
[INFO] Downloading: https://repo.maven.apache.org/maven2/org/slf4j/slf4j-api/1.5.6/slf4j-api-1.5.6.jar
[INFO] Downloaded: https://repo.maven.apache.org/maven2/org/slf4j/slf4j-jdk14/1.5.6/slf4j-jdk14-1.5.6.jar (9 KB at 52.2 KB/sec)
[INFO] Downloaded: https://repo.maven.apache.org/maven2/org/apache/maven/maven-plugin-parameter-documenter/2.2.1/maven-plugin-parameter-documenter-2.2.1.jar (22 KB at 131.3 KB/sec)
[INFO] Downloading: https://repo.maven.apache.org/maven2/org/slf4j/jcl-over-slf4j/1.5.6/jcl-over-slf4j-1.5.6.jar
[INFO] Downloading: https://repo.maven.apache.org/maven2/org/apache/maven/maven-profile/2.2.1/maven-profile-2.2.1.jar
[INFO] Downloaded: https://repo.maven.apache.org/maven2/org/codehaus/plexus/plexus-interpolation/1.11/plexus-interpolation-1.11.jar (50 KB at 301.5 KB/sec)
[INFO] Downloading: https://repo.maven.apache.org/maven2/org/apache/maven/maven-model/2.2.1/maven-model-2.2.1.jar
[INFO] Downloaded: https://repo.maven.apache.org/maven2/org/apache/maven/maven-core/2.2.1/maven-core-2.2.1.jar (174 KB at 1010.0 KB/sec)
[INFO] Downloading: https://repo.maven.apache.org/maven2/org/apache/maven/maven-repository-metadata/2.2.1/maven-repository-metadata-2.2.1.jar
[INFO] Downloaded: https://repo.maven.apache.org/maven2/org/slf4j/slf4j-api/1.5.6/slf4j-api-1.5.6.jar (22 KB at 121.9 KB/sec)
[INFO] Downloading: https://repo.maven.apache.org/maven2/org/apache/maven/maven-error-diagnostics/2.2.1/maven-error-diagnostics-2.2.1.jar
[INFO] Downloaded: https://repo.maven.apache.org/maven2/org/slf4j/jcl-over-slf4j/1.5.6/jcl-over-slf4j-1.5.6.jar (17 KB at 87.3 KB/sec)
[INFO] Downloading: https://repo.maven.apache.org/maven2/org/apache/maven/maven-project/2.2.1/maven-project-2.2.1.jar
[INFO] Downloaded: https://repo.maven.apache.org/maven2/org/apache/maven/maven-repository-metadata/2.2.1/maven-repository-metadata-2.2.1.jar (26 KB at 129.8 KB/sec)
[INFO] Downloading: https://repo.maven.apache.org/maven2/org/apache/maven/maven-plugin-registry/2.2.1/maven-plugin-registry-2.2.1.jar
[INFO] Downloaded: https://repo.maven.apache.org/maven2/org/apache/maven/maven-error-diagnostics/2.2.1/maven-error-diagnostics-2.2.1.jar (13 KB at 61.1 KB/sec)
[INFO] Downloading: https://repo.maven.apache.org/maven2/org/apache/maven/maven-plugin-descriptor/2.2.1/maven-plugin-descriptor-2.2.1.jar
[INFO] Downloaded: https://repo.maven.apache.org/maven2/org/apache/maven/maven-profile/2.2.1/maven-profile-2.2.1.jar (35 KB at 161.4 KB/sec)
[INFO] Downloading: https://repo.maven.apache.org/maven2/org/apache/maven/maven-artifact-manager/2.2.1/maven-artifact-manager-2.2.1.jar
[INFO] Downloaded: https://repo.maven.apache.org/maven2/org/apache/maven/maven-plugin-registry/2.2.1/maven-plugin-registry-2.2.1.jar (30 KB at 121.4 KB/sec)
[INFO] Downloading: https://repo.maven.apache.org/maven2/backport-util-concurrent/backport-util-concurrent/3.1/backport-util-concurrent-3.1.jar
[INFO] Downloaded: https://repo.maven.apache.org/maven2/org/apache/maven/maven-plugin-descriptor/2.2.1/maven-plugin-descriptor-2.2.1.jar (39 KB at 143.2 KB/sec)
[INFO] Downloading: https://repo.maven.apache.org/maven2/org/apache/maven/maven-monitor/2.2.1/maven-monitor-2.2.1.jar
[INFO] Downloaded: https://repo.maven.apache.org/maven2/org/apache/maven/maven-model/2.2.1/maven-model-2.2.1.jar (86 KB at 315.6 KB/sec)
[INFO] Downloading: https://repo.maven.apache.org/maven2/org/sonatype/plexus/plexus-sec-dispatcher/1.3/plexus-sec-dispatcher-1.3.jar
[INFO] Downloaded: https://repo.maven.apache.org/maven2/org/apache/maven/maven-project/2.2.1/maven-project-2.2.1.jar (153 KB at 555.0 KB/sec)
[INFO] Downloading: https://repo.maven.apache.org/maven2/org/sonatype/plexus/plexus-cipher/1.4/plexus-cipher-1.4.jar
[INFO] Downloaded: https://repo.maven.apache.org/maven2/org/apache/maven/maven-artifact-manager/2.2.1/maven-artifact-manager-2.2.1.jar (66 KB at 235.7 KB/sec)
[INFO] Downloading: https://repo.maven.apache.org/maven2/org/apache/maven/maven-toolchain/2.2.1/maven-toolchain-2.2.1.jar
[INFO] Downloaded: https://repo.maven.apache.org/maven2/org/apache/maven/maven-monitor/2.2.1/maven-monitor-2.2.1.jar (11 KB at 35.0 KB/sec)
[INFO] Downloading: https://repo.maven.apache.org/maven2/org/apache/maven/shared/maven-shared-utils/0.7/maven-shared-utils-0.7.jar
[INFO] Downloaded: https://repo.maven.apache.org/maven2/org/sonatype/plexus/plexus-cipher/1.4/plexus-cipher-1.4.jar (14 KB at 43.9 KB/sec)
[INFO] Downloading: https://repo.maven.apache.org/maven2/com/google/code/findbugs/jsr305/2.0.1/jsr305-2.0.1.jar
[INFO] Downloaded: https://repo.maven.apache.org/maven2/org/sonatype/plexus/plexus-sec-dispatcher/1.3/plexus-sec-dispatcher-1.3.jar (28 KB at 91.1 KB/sec)
[INFO] Downloading: https://repo.maven.apache.org/maven2/org/apache/maven/shared/maven-shared-incremental/1.1/maven-shared-incremental-1.1.jar
[INFO] Downloaded: https://repo.maven.apache.org/maven2/backport-util-concurrent/backport-util-concurrent/3.1/backport-util-concurrent-3.1.jar (324 KB at 1038.3 KB/sec)
[INFO] Downloading: https://repo.maven.apache.org/maven2/org/codehaus/plexus/plexus-compiler-api/2.5/plexus-compiler-api-2.5.jar
[INFO] Downloaded: https://repo.maven.apache.org/maven2/org/apache/maven/maven-toolchain/2.2.1/maven-toolchain-2.2.1.jar (37 KB at 117.8 KB/sec)
[INFO] Downloading: https://repo.maven.apache.org/maven2/org/codehaus/plexus/plexus-compiler-manager/2.5/plexus-compiler-manager-2.5.jar
[INFO] Downloaded: https://repo.maven.apache.org/maven2/com/google/code/findbugs/jsr305/2.0.1/jsr305-2.0.1.jar (32 KB at 93.5 KB/sec)
[INFO] Downloading: https://repo.maven.apache.org/maven2/org/codehaus/plexus/plexus-compiler-javac/2.5/plexus-compiler-javac-2.5.jar
[INFO] Downloaded: https://repo.maven.apache.org/maven2/org/apache/maven/shared/maven-shared-incremental/1.1/maven-shared-incremental-1.1.jar (14 KB at 38.8 KB/sec)
[INFO] Downloading: https://repo.maven.apache.org/maven2/org/codehaus/plexus/plexus-container-default/1.5.5/plexus-container-default-1.5.5.jar
[INFO] Downloaded: https://repo.maven.apache.org/maven2/org/codehaus/plexus/plexus-compiler-manager/2.5/plexus-compiler-manager-2.5.jar (5 KB at 13.0 KB/sec)
[INFO] Downloading: https://repo.maven.apache.org/maven2/org/codehaus/plexus/plexus-classworlds/2.2.2/plexus-classworlds-2.2.2.jar
[INFO] Downloaded: https://repo.maven.apache.org/maven2/org/codehaus/plexus/plexus-compiler-api/2.5/plexus-compiler-api-2.5.jar (25 KB at 69.9 KB/sec)
[INFO] Downloading: https://repo.maven.apache.org/maven2/org/apache/xbean/xbean-reflect/3.4/xbean-reflect-3.4.jar
[INFO] Downloaded: https://repo.maven.apache.org/maven2/org/codehaus/plexus/plexus-classworlds/2.2.2/plexus-classworlds-2.2.2.jar (46 KB at 107.7 KB/sec)
[INFO] Downloading: https://repo.maven.apache.org/maven2/log4j/log4j/1.2.12/log4j-1.2.12.jar
[INFO] Downloaded: https://repo.maven.apache.org/maven2/org/apache/maven/shared/maven-shared-utils/0.7/maven-shared-utils-0.7.jar (167 KB at 389.0 KB/sec)
[INFO] Downloading: https://repo.maven.apache.org/maven2/commons-logging/commons-logging-api/1.1/commons-logging-api-1.1.jar
[INFO] Downloaded: https://repo.maven.apache.org/maven2/commons-logging/commons-logging-api/1.1/commons-logging-api-1.1.jar (44 KB at 90.5 KB/sec)
[INFO] Downloading: https://repo.maven.apache.org/maven2/com/google/collections/google-collections/1.0/google-collections-1.0.jar
[INFO] Downloaded: https://repo.maven.apache.org/maven2/log4j/log4j/1.2.12/log4j-1.2.12.jar (350 KB at 610.3 KB/sec)
[INFO] Downloading: https://repo.maven.apache.org/maven2/junit/junit/3.8.2/junit-3.8.2.jar
[INFO] Downloaded: https://repo.maven.apache.org/maven2/org/codehaus/plexus/plexus-compiler-javac/2.5/plexus-compiler-javac-2.5.jar (19 KB at 31.9 KB/sec)
[INFO] Downloaded: https://repo.maven.apache.org/maven2/org/codehaus/plexus/plexus-container-default/1.5.5/plexus-container-default-1.5.5.jar (212 KB at 349.7 KB/sec)
[INFO] Downloaded: https://repo.maven.apache.org/maven2/org/apache/xbean/xbean-reflect/3.4/xbean-reflect-3.4.jar (131 KB at 212.2 KB/sec)
[INFO] Downloaded: https://repo.maven.apache.org/maven2/junit/junit/3.8.2/junit-3.8.2.jar (118 KB at 189.4 KB/sec)
[INFO] Downloaded: https://repo.maven.apache.org/maven2/com/google/collections/google-collections/1.0/google-collections-1.0.jar (625 KB at 877.2 KB/sec)
[INFO] Changes detected - recompiling the module!
[INFO] Compiling 32 source files to /root/workspace/qos-ch/slf4j/205803285/slf4j-api/target/classes
[INFO] /root/workspace/qos-ch/slf4j/205803285/slf4j-api/src/main/java/org/slf4j/helpers/BasicMarker.java: /root/workspace/qos-ch/slf4j/205803285/slf4j-api/src/main/java/org/slf4j/helpers/BasicMarker.java uses or overrides a deprecated API.
[INFO] /root/workspace/qos-ch/slf4j/205803285/slf4j-api/src/main/java/org/slf4j/helpers/BasicMarker.java: Recompile with -Xlint:deprecation for details.
[INFO] 
[INFO] --- maven-antrun-plugin:1.3:run (default) @ slf4j-api ---
[INFO] Downloading: https://repo.maven.apache.org/maven2/org/apache/maven/maven-plugin-api/2.0.4/maven-plugin-api-2.0.4.pom
[INFO] Downloaded: https://repo.maven.apache.org/maven2/org/apache/maven/maven-plugin-api/2.0.4/maven-plugin-api-2.0.4.pom (643 B at 34.9 KB/sec)
[INFO] Downloading: https://repo.maven.apache.org/maven2/org/apache/maven/maven/2.0.4/maven-2.0.4.pom
[INFO] Downloaded: https://repo.maven.apache.org/maven2/org/apache/maven/maven/2.0.4/maven-2.0.4.pom (12 KB at 606.2 KB/sec)
[INFO] Downloading: https://repo.maven.apache.org/maven2/org/apache/maven/maven-project/2.0.4/maven-project-2.0.4.pom
[INFO] Downloaded: https://repo.maven.apache.org/maven2/org/apache/maven/maven-project/2.0.4/maven-project-2.0.4.pom (2 KB at 94.7 KB/sec)
[INFO] Downloading: https://repo.maven.apache.org/maven2/org/apache/maven/maven-settings/2.0.4/maven-settings-2.0.4.pom
[INFO] Downloaded: https://repo.maven.apache.org/maven2/org/apache/maven/maven-settings/2.0.4/maven-settings-2.0.4.pom (2 KB at 83.6 KB/sec)
[INFO] Downloading: https://repo.maven.apache.org/maven2/org/apache/maven/maven-model/2.0.4/maven-model-2.0.4.pom
[INFO] Downloaded: https://repo.maven.apache.org/maven2/org/apache/maven/maven-model/2.0.4/maven-model-2.0.4.pom (3 KB at 147.0 KB/sec)
[INFO] Downloading: https://repo.maven.apache.org/maven2/org/apache/maven/maven-profile/2.0.4/maven-profile-2.0.4.pom
[INFO] Downloaded: https://repo.maven.apache.org/maven2/org/apache/maven/maven-profile/2.0.4/maven-profile-2.0.4.pom (2 KB at 87.8 KB/sec)
[INFO] Downloading: https://repo.maven.apache.org/maven2/org/apache/maven/maven-artifact-manager/2.0.4/maven-artifact-manager-2.0.4.pom
[INFO] Downloaded: https://repo.maven.apache.org/maven2/org/apache/maven/maven-artifact-manager/2.0.4/maven-artifact-manager-2.0.4.pom (2 KB at 73.7 KB/sec)
[INFO] Downloading: https://repo.maven.apache.org/maven2/org/apache/maven/maven-repository-metadata/2.0.4/maven-repository-metadata-2.0.4.pom
[INFO] Downloaded: https://repo.maven.apache.org/maven2/org/apache/maven/maven-repository-metadata/2.0.4/maven-repository-metadata-2.0.4.pom (2 KB at 76.4 KB/sec)
[INFO] Downloading: https://repo.maven.apache.org/maven2/org/apache/maven/maven-artifact/2.0.4/maven-artifact-2.0.4.pom
[INFO] Downloaded: https://repo.maven.apache.org/maven2/org/apache/maven/maven-artifact/2.0.4/maven-artifact-2.0.4.pom (765 B at 46.7 KB/sec)
[INFO] Downloading: https://repo.maven.apache.org/maven2/org/apache/ant/ant-launcher/1.7.1/ant-launcher-1.7.1.pom
[INFO] Downloaded: https://repo.maven.apache.org/maven2/org/apache/ant/ant-launcher/1.7.1/ant-launcher-1.7.1.pom (3 KB at 122.5 KB/sec)
[INFO] Downloading: https://repo.maven.apache.org/maven2/org/apache/ant/ant-parent/1.7.1/ant-parent-1.7.1.pom
[INFO] Downloaded: https://repo.maven.apache.org/maven2/org/apache/ant/ant-parent/1.7.1/ant-parent-1.7.1.pom (5 KB at 225.0 KB/sec)
[INFO] Downloading: https://repo.maven.apache.org/maven2/org/apache/ant/ant/1.7.1/ant-1.7.1.pom
[INFO] Downloaded: https://repo.maven.apache.org/maven2/org/apache/ant/ant/1.7.1/ant-1.7.1.pom (10 KB at 453.8 KB/sec)
[INFO] Downloading: https://repo.maven.apache.org/maven2/org/apache/maven/maven-plugin-api/2.0.4/maven-plugin-api-2.0.4.jar
[INFO] Downloading: https://repo.maven.apache.org/maven2/org/apache/maven/maven-project/2.0.4/maven-project-2.0.4.jar
[INFO] Downloading: https://repo.maven.apache.org/maven2/org/apache/maven/maven-settings/2.0.4/maven-settings-2.0.4.jar
[INFO] Downloading: https://repo.maven.apache.org/maven2/org/apache/maven/maven-profile/2.0.4/maven-profile-2.0.4.jar
[INFO] Downloading: https://repo.maven.apache.org/maven2/org/apache/maven/maven-model/2.0.4/maven-model-2.0.4.jar
[INFO] Downloaded: https://repo.maven.apache.org/maven2/org/apache/maven/maven-plugin-api/2.0.4/maven-plugin-api-2.0.4.jar (9 KB at 478.6 KB/sec)
[INFO] Downloading: https://repo.maven.apache.org/maven2/org/apache/maven/maven-artifact-manager/2.0.4/maven-artifact-manager-2.0.4.jar
[INFO] Downloaded: https://repo.maven.apache.org/maven2/org/apache/maven/maven-profile/2.0.4/maven-profile-2.0.4.jar (30 KB at 1180.9 KB/sec)
[INFO] Downloading: https://repo.maven.apache.org/maven2/org/apache/maven/maven-repository-metadata/2.0.4/maven-repository-metadata-2.0.4.jar
[INFO] Downloaded: https://repo.maven.apache.org/maven2/org/apache/maven/maven-settings/2.0.4/maven-settings-2.0.4.jar (43 KB at 1295.8 KB/sec)
[INFO] Downloading: https://repo.maven.apache.org/maven2/org/codehaus/plexus/plexus-container-default/1.0-alpha-9/plexus-container-default-1.0-alpha-9.jar
[INFO] Downloaded: https://repo.maven.apache.org/maven2/org/apache/maven/maven-artifact-manager/2.0.4/maven-artifact-manager-2.0.4.jar (48 KB at 1113.3 KB/sec)
[INFO] Downloading: https://repo.maven.apache.org/maven2/org/apache/maven/maven-artifact/2.0.4/maven-artifact-2.0.4.jar
[INFO] Downloaded: https://repo.maven.apache.org/maven2/org/apache/maven/maven-repository-metadata/2.0.4/maven-repository-metadata-2.0.4.jar (20 KB at 409.5 KB/sec)
[INFO] Downloading: https://repo.maven.apache.org/maven2/org/codehaus/plexus/plexus-utils/1.5.6/plexus-utils-1.5.6.jar
[INFO] Downloaded: https://repo.maven.apache.org/maven2/org/apache/maven/maven-project/2.0.4/maven-project-2.0.4.jar (107 KB at 1663.1 KB/sec)
[INFO] Downloading: https://repo.maven.apache.org/maven2/org/apache/ant/ant-launcher/1.7.1/ant-launcher-1.7.1.jar
[INFO] Downloaded: https://repo.maven.apache.org/maven2/org/apache/maven/maven-model/2.0.4/maven-model-2.0.4.jar (79 KB at 1151.6 KB/sec)
[INFO] Downloading: https://repo.maven.apache.org/maven2/org/apache/ant/ant/1.7.1/ant-1.7.1.jar
[INFO] Downloaded: https://repo.maven.apache.org/maven2/org/apache/maven/maven-artifact/2.0.4/maven-artifact-2.0.4.jar (79 KB at 1031.4 KB/sec)
[INFO] Downloaded: https://repo.maven.apache.org/maven2/org/apache/ant/ant-launcher/1.7.1/ant-launcher-1.7.1.jar (12 KB at 141.2 KB/sec)
[INFO] Downloaded: https://repo.maven.apache.org/maven2/org/codehaus/plexus/plexus-container-default/1.0-alpha-9/plexus-container-default-1.0-alpha-9.jar (191 KB at 2244.9 KB/sec)
[INFO] Downloaded: https://repo.maven.apache.org/maven2/org/codehaus/plexus/plexus-utils/1.5.6/plexus-utils-1.5.6.jar (245 KB at 2375.5 KB/sec)
[INFO] Downloaded: https://repo.maven.apache.org/maven2/org/apache/ant/ant/1.7.1/ant-1.7.1.jar (1292 KB at 4698.2 KB/sec)
[INFO] Executing tasks
     [echo] Removing slf4j-api's dummy StaticLoggerBinder and StaticMarkerBinder
   [delete] Deleting directory /root/workspace/qos-ch/slf4j/205803285/slf4j-api/target/classes/org/slf4j/impl
[INFO] Executed tasks
[INFO] 
[INFO] --- maven-resources-plugin:2.6:testResources (default-testResources) @ slf4j-api ---
[INFO] Using 'UTF-8' encoding to copy filtered resources.
[INFO] skip non existing resourceDirectory /root/workspace/qos-ch/slf4j/205803285/slf4j-api/src/test/resources
[INFO] 
[INFO] --- maven-compiler-plugin:3.3:testCompile (default-testCompile) @ slf4j-api ---
[INFO] Changes detected - recompiling the module!
[INFO] Compiling 15 source files to /root/workspace/qos-ch/slf4j/205803285/slf4j-api/target/test-classes
[INFO] 
[INFO] --- maven-surefire-plugin:2.19.1:test (default-test) @ slf4j-api ---
[INFO] Downloading: https://repo.maven.apache.org/maven2/org/apache/maven/surefire/maven-surefire-common/2.19.1/maven-surefire-common-2.19.1.pom
[INFO] Downloaded: https://repo.maven.apache.org/maven2/org/apache/maven/surefire/maven-surefire-common/2.19.1/maven-surefire-common-2.19.1.pom (8 KB at 397.8 KB/sec)
[INFO] Downloading: https://repo.maven.apache.org/maven2/org/apache/maven/plugin-tools/maven-plugin-annotations/3.3/maven-plugin-annotations-3.3.pom
[INFO] Downloaded: https://repo.maven.apache.org/maven2/org/apache/maven/plugin-tools/maven-plugin-annotations/3.3/maven-plugin-annotations-3.3.pom (2 KB at 83.7 KB/sec)
[INFO] Downloading: https://repo.maven.apache.org/maven2/org/apache/maven/plugin-tools/maven-plugin-tools/3.3/maven-plugin-tools-3.3.pom
[INFO] Downloaded: https://repo.maven.apache.org/maven2/org/apache/maven/plugin-tools/maven-plugin-tools/3.3/maven-plugin-tools-3.3.pom (13 KB at 561.4 KB/sec)
[INFO] Downloading: https://repo.maven.apache.org/maven2/org/apache/maven/surefire/surefire-api/2.19.1/surefire-api-2.19.1.pom
[INFO] Downloaded: https://repo.maven.apache.org/maven2/org/apache/maven/surefire/surefire-api/2.19.1/surefire-api-2.19.1.pom (4 KB at 214.2 KB/sec)
[INFO] Downloading: https://repo.maven.apache.org/maven2/org/apache/maven/surefire/surefire-booter/2.19.1/surefire-booter-2.19.1.pom
[INFO] Downloaded: https://repo.maven.apache.org/maven2/org/apache/maven/surefire/surefire-booter/2.19.1/surefire-booter-2.19.1.pom (4 KB at 194.3 KB/sec)
[INFO] Downloading: https://repo.maven.apache.org/maven2/org/apache/commons/commons-lang3/3.1/commons-lang3-3.1.pom
[INFO] Downloaded: https://repo.maven.apache.org/maven2/org/apache/commons/commons-lang3/3.1/commons-lang3-3.1.pom (17 KB at 960.0 KB/sec)
[INFO] Downloading: https://repo.maven.apache.org/maven2/org/apache/commons/commons-parent/22/commons-parent-22.pom
[INFO] Downloaded: https://repo.maven.apache.org/maven2/org/apache/commons/commons-parent/22/commons-parent-22.pom (41 KB at 2046.8 KB/sec)
[INFO] Downloading: https://repo.maven.apache.org/maven2/org/apache/apache/9/apache-9.pom
[INFO] Downloaded: https://repo.maven.apache.org/maven2/org/apache/apache/9/apache-9.pom (15 KB at 925.3 KB/sec)
[INFO] Downloading: https://repo.maven.apache.org/maven2/org/apache/maven/surefire/maven-surefire-common/2.19.1/maven-surefire-common-2.19.1.jar
[INFO] Downloading: https://repo.maven.apache.org/maven2/org/apache/maven/surefire/surefire-booter/2.19.1/surefire-booter-2.19.1.jar
[INFO] Downloading: https://repo.maven.apache.org/maven2/org/apache/commons/commons-lang3/3.1/commons-lang3-3.1.jar
[INFO] Downloading: https://repo.maven.apache.org/maven2/org/apache/maven/surefire/surefire-api/2.19.1/surefire-api-2.19.1.jar
[INFO] Downloading: https://repo.maven.apache.org/maven2/org/apache/maven/plugin-tools/maven-plugin-annotations/3.3/maven-plugin-annotations-3.3.jar
[INFO] Downloaded: https://repo.maven.apache.org/maven2/org/apache/maven/plugin-tools/maven-plugin-annotations/3.3/maven-plugin-annotations-3.3.jar (14 KB at 596.1 KB/sec)
[INFO] Downloaded: https://repo.maven.apache.org/maven2/org/apache/maven/surefire/surefire-booter/2.19.1/surefire-booter-2.19.1.jar (45 KB at 1346.5 KB/sec)
[INFO] Downloaded: https://repo.maven.apache.org/maven2/org/apache/maven/surefire/surefire-api/2.19.1/surefire-api-2.19.1.jar (192 KB at 3419.2 KB/sec)
[INFO] Downloaded: https://repo.maven.apache.org/maven2/org/apache/commons/commons-lang3/3.1/commons-lang3-3.1.jar (309 KB at 4974.2 KB/sec)
[INFO] Downloaded: https://repo.maven.apache.org/maven2/org/apache/maven/surefire/maven-surefire-common/2.19.1/maven-surefire-common-2.19.1.jar (286 KB at 2644.9 KB/sec)
[INFO] Tests are skipped.
[INFO] 
[INFO] --- maven-jar-plugin:2.3.1:jar (default-jar) @ slf4j-api ---
[INFO] Downloading: https://repo.maven.apache.org/maven2/commons-lang/commons-lang/2.1/commons-lang-2.1.jar
[INFO] Downloaded: https://repo.maven.apache.org/maven2/commons-lang/commons-lang/2.1/commons-lang-2.1.jar (203 KB at 3380.9 KB/sec)
[INFO] Building jar: /root/workspace/qos-ch/slf4j/205803285/slf4j-api/target/slf4j-api-1.7.25-SNAPSHOT.jar
[INFO] 
[INFO] --- maven-jar-plugin:2.3.1:jar (bundle-test-jar) @ slf4j-api ---
[INFO] 
[INFO] --- maven-jar-plugin:2.3.1:test-jar (bundle-test-jar) @ slf4j-api ---
[INFO] Building jar: /root/workspace/qos-ch/slf4j/205803285/slf4j-api/target/slf4j-api-1.7.25-SNAPSHOT-tests.jar
[INFO] 
[INFO] >>> maven-source-plugin:2.1.2:jar (default) > generate-sources @ slf4j-api >>>
[INFO] 
[INFO] --- build-helper-maven-plugin:1.7:parse-version (parse-version) @ slf4j-api ---
[INFO] 
[INFO] <<< maven-source-plugin:2.1.2:jar (default) < generate-sources @ slf4j-api <<<
[INFO] 
[INFO] --- maven-source-plugin:2.1.2:jar (default) @ slf4j-api ---
[INFO] Building jar: /root/workspace/qos-ch/slf4j/205803285/slf4j-api/target/slf4j-api-1.7.25-SNAPSHOT-sources.jar
[INFO] 
[INFO] --- maven-install-plugin:2.4:install (default-install) @ slf4j-api ---
[INFO] Installing /root/workspace/qos-ch/slf4j/205803285/slf4j-api/target/slf4j-api-1.7.25-SNAPSHOT.jar to /root/./workspace/qos-ch/slf4j/205803285/.m2/org/slf4j/slf4j-api/1.7.25-SNAPSHOT/slf4j-api-1.7.25-SNAPSHOT.jar
[INFO] Installing /root/workspace/qos-ch/slf4j/205803285/slf4j-api/pom.xml to /root/./workspace/qos-ch/slf4j/205803285/.m2/org/slf4j/slf4j-api/1.7.25-SNAPSHOT/slf4j-api-1.7.25-SNAPSHOT.pom
[INFO] Installing /root/workspace/qos-ch/slf4j/205803285/slf4j-api/target/slf4j-api-1.7.25-SNAPSHOT-tests.jar to /root/./workspace/qos-ch/slf4j/205803285/.m2/org/slf4j/slf4j-api/1.7.25-SNAPSHOT/slf4j-api-1.7.25-SNAPSHOT-tests.jar
[INFO] Installing /root/workspace/qos-ch/slf4j/205803285/slf4j-api/target/slf4j-api-1.7.25-SNAPSHOT-sources.jar to /root/./workspace/qos-ch/slf4j/205803285/.m2/org/slf4j/slf4j-api/1.7.25-SNAPSHOT/slf4j-api-1.7.25-SNAPSHOT-sources.jar
[INFO]                                                                         
[INFO] ------------------------------------------------------------------------
[INFO] Building SLF4J Simple Binding 1.7.25-SNAPSHOT
[INFO] ------------------------------------------------------------------------
[INFO] 
[INFO] --- build-helper-maven-plugin:1.7:parse-version (parse-version) @ slf4j-simple ---
[INFO] 
[INFO] --- maven-resources-plugin:2.6:resources (default-resources) @ slf4j-simple ---
[INFO] Using 'UTF-8' encoding to copy filtered resources.
[INFO] Copying 1 resource
[INFO] 
[INFO] --- maven-compiler-plugin:3.3:compile (default-compile) @ slf4j-simple ---
[INFO] Changes detected - recompiling the module!
[INFO] Compiling 7 source files to /root/workspace/qos-ch/slf4j/205803285/slf4j-simple/target/classes
[INFO] 
[INFO] --- maven-resources-plugin:2.6:testResources (default-testResources) @ slf4j-simple ---
[INFO] Using 'UTF-8' encoding to copy filtered resources.
[INFO] Copying 1 resource
[INFO] 
[INFO] --- maven-compiler-plugin:3.3:testCompile (default-testCompile) @ slf4j-simple ---
[INFO] Changes detected - recompiling the module!
[INFO] Compiling 6 source files to /root/workspace/qos-ch/slf4j/205803285/slf4j-simple/target/test-classes
[INFO] 
[INFO] --- maven-surefire-plugin:2.19.1:test (default-test) @ slf4j-simple ---
[INFO] Tests are skipped.
[INFO] 
[INFO] --- maven-jar-plugin:2.3.1:jar (default-jar) @ slf4j-simple ---
[INFO] Building jar: /root/workspace/qos-ch/slf4j/205803285/slf4j-simple/target/slf4j-simple-1.7.25-SNAPSHOT.jar
[INFO] 
[INFO] >>> maven-source-plugin:2.1.2:jar (default) > generate-sources @ slf4j-simple >>>
[INFO] 
[INFO] --- build-helper-maven-plugin:1.7:parse-version (parse-version) @ slf4j-simple ---
[INFO] 
[INFO] <<< maven-source-plugin:2.1.2:jar (default) < generate-sources @ slf4j-simple <<<
[INFO] 
[INFO] --- maven-source-plugin:2.1.2:jar (default) @ slf4j-simple ---
[INFO] Building jar: /root/workspace/qos-ch/slf4j/205803285/slf4j-simple/target/slf4j-simple-1.7.25-SNAPSHOT-sources.jar
[INFO] 
[INFO] --- maven-install-plugin:2.4:install (default-install) @ slf4j-simple ---
[INFO] Installing /root/workspace/qos-ch/slf4j/205803285/slf4j-simple/target/slf4j-simple-1.7.25-SNAPSHOT.jar to /root/./workspace/qos-ch/slf4j/205803285/.m2/org/slf4j/slf4j-simple/1.7.25-SNAPSHOT/slf4j-simple-1.7.25-SNAPSHOT.jar
[INFO] Installing /root/workspace/qos-ch/slf4j/205803285/slf4j-simple/pom.xml to /root/./workspace/qos-ch/slf4j/205803285/.m2/org/slf4j/slf4j-simple/1.7.25-SNAPSHOT/slf4j-simple-1.7.25-SNAPSHOT.pom
[INFO] Installing /root/workspace/qos-ch/slf4j/205803285/slf4j-simple/target/slf4j-simple-1.7.25-SNAPSHOT-sources.jar to /root/./workspace/qos-ch/slf4j/205803285/.m2/org/slf4j/slf4j-simple/1.7.25-SNAPSHOT/slf4j-simple-1.7.25-SNAPSHOT-sources.jar
[INFO]                                                                         
[INFO] ------------------------------------------------------------------------
[INFO] Building SLF4J NOP Binding 1.7.25-SNAPSHOT
[INFO] ------------------------------------------------------------------------
[INFO] 
[INFO] --- build-helper-maven-plugin:1.7:parse-version (parse-version) @ slf4j-nop ---
[INFO] 
[INFO] --- maven-resources-plugin:2.6:resources (default-resources) @ slf4j-nop ---
[INFO] Using 'UTF-8' encoding to copy filtered resources.
[INFO] Copying 1 resource
[INFO] 
[INFO] --- maven-compiler-plugin:3.3:compile (default-compile) @ slf4j-nop ---
[INFO] Changes detected - recompiling the module!
[INFO] Compiling 3 source files to /root/workspace/qos-ch/slf4j/205803285/slf4j-nop/target/classes
[INFO] 
[INFO] --- maven-resources-plugin:2.6:testResources (default-testResources) @ slf4j-nop ---
[INFO] Using 'UTF-8' encoding to copy filtered resources.
[INFO] skip non existing resourceDirectory /root/workspace/qos-ch/slf4j/205803285/slf4j-nop/src/test/resources
[INFO] 
[INFO] --- maven-compiler-plugin:3.3:testCompile (default-testCompile) @ slf4j-nop ---
[INFO] Changes detected - recompiling the module!
[INFO] Compiling 3 source files to /root/workspace/qos-ch/slf4j/205803285/slf4j-nop/target/test-classes
[INFO] 
[INFO] --- maven-surefire-plugin:2.19.1:test (default-test) @ slf4j-nop ---
[INFO] Tests are skipped.
[INFO] 
[INFO] --- maven-jar-plugin:2.3.1:jar (default-jar) @ slf4j-nop ---
[INFO] Building jar: /root/workspace/qos-ch/slf4j/205803285/slf4j-nop/target/slf4j-nop-1.7.25-SNAPSHOT.jar
[INFO] 
[INFO] >>> maven-source-plugin:2.1.2:jar (default) > generate-sources @ slf4j-nop >>>
[INFO] 
[INFO] --- build-helper-maven-plugin:1.7:parse-version (parse-version) @ slf4j-nop ---
[INFO] 
[INFO] <<< maven-source-plugin:2.1.2:jar (default) < generate-sources @ slf4j-nop <<<
[INFO] 
[INFO] --- maven-source-plugin:2.1.2:jar (default) @ slf4j-nop ---
[INFO] Building jar: /root/workspace/qos-ch/slf4j/205803285/slf4j-nop/target/slf4j-nop-1.7.25-SNAPSHOT-sources.jar
[INFO] 
[INFO] --- maven-install-plugin:2.4:install (default-install) @ slf4j-nop ---
[INFO] Installing /root/workspace/qos-ch/slf4j/205803285/slf4j-nop/target/slf4j-nop-1.7.25-SNAPSHOT.jar to /root/./workspace/qos-ch/slf4j/205803285/.m2/org/slf4j/slf4j-nop/1.7.25-SNAPSHOT/slf4j-nop-1.7.25-SNAPSHOT.jar
[INFO] Installing /root/workspace/qos-ch/slf4j/205803285/slf4j-nop/pom.xml to /root/./workspace/qos-ch/slf4j/205803285/.m2/org/slf4j/slf4j-nop/1.7.25-SNAPSHOT/slf4j-nop-1.7.25-SNAPSHOT.pom
[INFO] Installing /root/workspace/qos-ch/slf4j/205803285/slf4j-nop/target/slf4j-nop-1.7.25-SNAPSHOT-sources.jar to /root/./workspace/qos-ch/slf4j/205803285/.m2/org/slf4j/slf4j-nop/1.7.25-SNAPSHOT/slf4j-nop-1.7.25-SNAPSHOT-sources.jar
[INFO]                                                                         
[INFO] ------------------------------------------------------------------------
[INFO] Building SLF4J JDK14 Binding 1.7.25-SNAPSHOT
[INFO] ------------------------------------------------------------------------
[INFO] 
[INFO] --- build-helper-maven-plugin:1.7:parse-version (parse-version) @ slf4j-jdk14 ---
[INFO] 
[INFO] --- maven-resources-plugin:2.6:resources (default-resources) @ slf4j-jdk14 ---
[INFO] Using 'UTF-8' encoding to copy filtered resources.
[INFO] Copying 1 resource
[INFO] 
[INFO] --- maven-compiler-plugin:3.3:compile (default-compile) @ slf4j-jdk14 ---
[INFO] Changes detected - recompiling the module!
[INFO] Compiling 5 source files to /root/workspace/qos-ch/slf4j/205803285/slf4j-jdk14/target/classes
[INFO] 
[INFO] --- maven-resources-plugin:2.6:testResources (default-testResources) @ slf4j-jdk14 ---
[INFO] Using 'UTF-8' encoding to copy filtered resources.
[INFO] skip non existing resourceDirectory /root/workspace/qos-ch/slf4j/205803285/slf4j-jdk14/src/test/resources
[INFO] 
[INFO] --- maven-compiler-plugin:3.3:testCompile (default-testCompile) @ slf4j-jdk14 ---
[INFO] Changes detected - recompiling the module!
[INFO] Compiling 7 source files to /root/workspace/qos-ch/slf4j/205803285/slf4j-jdk14/target/test-classes
[INFO] 
[INFO] --- maven-surefire-plugin:2.19.1:test (default-test) @ slf4j-jdk14 ---
[INFO] Tests are skipped.
[INFO] 
[INFO] --- maven-jar-plugin:2.3.1:jar (default-jar) @ slf4j-jdk14 ---
[INFO] Building jar: /root/workspace/qos-ch/slf4j/205803285/slf4j-jdk14/target/slf4j-jdk14-1.7.25-SNAPSHOT.jar
[INFO] 
[INFO] >>> maven-source-plugin:2.1.2:jar (default) > generate-sources @ slf4j-jdk14 >>>
[INFO] 
[INFO] --- build-helper-maven-plugin:1.7:parse-version (parse-version) @ slf4j-jdk14 ---
[INFO] 
[INFO] <<< maven-source-plugin:2.1.2:jar (default) < generate-sources @ slf4j-jdk14 <<<
[INFO] 
[INFO] --- maven-source-plugin:2.1.2:jar (default) @ slf4j-jdk14 ---
[INFO] Building jar: /root/workspace/qos-ch/slf4j/205803285/slf4j-jdk14/target/slf4j-jdk14-1.7.25-SNAPSHOT-sources.jar
[INFO] 
[INFO] --- maven-install-plugin:2.4:install (default-install) @ slf4j-jdk14 ---
[INFO] Installing /root/workspace/qos-ch/slf4j/205803285/slf4j-jdk14/target/slf4j-jdk14-1.7.25-SNAPSHOT.jar to /root/./workspace/qos-ch/slf4j/205803285/.m2/org/slf4j/slf4j-jdk14/1.7.25-SNAPSHOT/slf4j-jdk14-1.7.25-SNAPSHOT.jar
[INFO] Installing /root/workspace/qos-ch/slf4j/205803285/slf4j-jdk14/pom.xml to /root/./workspace/qos-ch/slf4j/205803285/.m2/org/slf4j/slf4j-jdk14/1.7.25-SNAPSHOT/slf4j-jdk14-1.7.25-SNAPSHOT.pom
[INFO] Installing /root/workspace/qos-ch/slf4j/205803285/slf4j-jdk14/target/slf4j-jdk14-1.7.25-SNAPSHOT-sources.jar to /root/./workspace/qos-ch/slf4j/205803285/.m2/org/slf4j/slf4j-jdk14/1.7.25-SNAPSHOT/slf4j-jdk14-1.7.25-SNAPSHOT-sources.jar
[INFO]                                                                         
[INFO] ------------------------------------------------------------------------
[INFO] Building SLF4J LOG4J-12 Binding 1.7.25-SNAPSHOT
[INFO] ------------------------------------------------------------------------
[INFO] Downloading: https://repo.maven.apache.org/maven2/log4j/log4j/1.2.17/log4j-1.2.17.pom
[INFO] Downloaded: https://repo.maven.apache.org/maven2/log4j/log4j/1.2.17/log4j-1.2.17.pom (22 KB at 923.3 KB/sec)
[INFO] Downloading: https://repo.maven.apache.org/maven2/log4j/log4j/1.2.17/log4j-1.2.17.jar
[INFO] Downloaded: https://repo.maven.apache.org/maven2/log4j/log4j/1.2.17/log4j-1.2.17.jar (479 KB at 4736.7 KB/sec)
[INFO] 
[INFO] --- build-helper-maven-plugin:1.7:parse-version (parse-version) @ slf4j-log4j12 ---
[INFO] 
[INFO] --- maven-resources-plugin:2.6:resources (default-resources) @ slf4j-log4j12 ---
[INFO] Using 'UTF-8' encoding to copy filtered resources.
[INFO] Copying 1 resource
[INFO] 
[INFO] --- maven-compiler-plugin:3.3:compile (default-compile) @ slf4j-log4j12 ---
[INFO] Changes detected - recompiling the module!
[INFO] Compiling 8 source files to /root/workspace/qos-ch/slf4j/205803285/slf4j-log4j12/target/classes
[INFO] /root/workspace/qos-ch/slf4j/205803285/slf4j-log4j12/src/main/java/org/slf4j/impl/Log4jMDCAdapter.java: /root/workspace/qos-ch/slf4j/205803285/slf4j-log4j12/src/main/java/org/slf4j/impl/Log4jMDCAdapter.java uses unchecked or unsafe operations.
[INFO] /root/workspace/qos-ch/slf4j/205803285/slf4j-log4j12/src/main/java/org/slf4j/impl/Log4jMDCAdapter.java: Recompile with -Xlint:unchecked for details.
[INFO] 
[INFO] --- maven-resources-plugin:2.6:testResources (default-testResources) @ slf4j-log4j12 ---
[INFO] Using 'UTF-8' encoding to copy filtered resources.
[INFO] Copying 2 resources
[INFO] 
[INFO] --- maven-compiler-plugin:3.3:testCompile (default-testCompile) @ slf4j-log4j12 ---
[INFO] Changes detected - recompiling the module!
[INFO] Compiling 7 source files to /root/workspace/qos-ch/slf4j/205803285/slf4j-log4j12/target/test-classes
[INFO] 
[INFO] --- maven-surefire-plugin:2.19.1:test (default-test) @ slf4j-log4j12 ---
[INFO] Tests are skipped.
[INFO] 
[INFO] --- maven-jar-plugin:2.3.1:jar (default-jar) @ slf4j-log4j12 ---
[INFO] Building jar: /root/workspace/qos-ch/slf4j/205803285/slf4j-log4j12/target/slf4j-log4j12-1.7.25-SNAPSHOT.jar
[INFO] 
[INFO] >>> maven-source-plugin:2.1.2:jar (default) > generate-sources @ slf4j-log4j12 >>>
[INFO] 
[INFO] --- build-helper-maven-plugin:1.7:parse-version (parse-version) @ slf4j-log4j12 ---
[INFO] 
[INFO] <<< maven-source-plugin:2.1.2:jar (default) < generate-sources @ slf4j-log4j12 <<<
[INFO] 
[INFO] --- maven-source-plugin:2.1.2:jar (default) @ slf4j-log4j12 ---
[INFO] Building jar: /root/workspace/qos-ch/slf4j/205803285/slf4j-log4j12/target/slf4j-log4j12-1.7.25-SNAPSHOT-sources.jar
[INFO] 
[INFO] --- maven-install-plugin:2.4:install (default-install) @ slf4j-log4j12 ---
[INFO] Installing /root/workspace/qos-ch/slf4j/205803285/slf4j-log4j12/target/slf4j-log4j12-1.7.25-SNAPSHOT.jar to /root/./workspace/qos-ch/slf4j/205803285/.m2/org/slf4j/slf4j-log4j12/1.7.25-SNAPSHOT/slf4j-log4j12-1.7.25-SNAPSHOT.jar
[INFO] Installing /root/workspace/qos-ch/slf4j/205803285/slf4j-log4j12/pom.xml to /root/./workspace/qos-ch/slf4j/205803285/.m2/org/slf4j/slf4j-log4j12/1.7.25-SNAPSHOT/slf4j-log4j12-1.7.25-SNAPSHOT.pom
[INFO] Installing /root/workspace/qos-ch/slf4j/205803285/slf4j-log4j12/target/slf4j-log4j12-1.7.25-SNAPSHOT-sources.jar to /root/./workspace/qos-ch/slf4j/205803285/.m2/org/slf4j/slf4j-log4j12/1.7.25-SNAPSHOT/slf4j-log4j12-1.7.25-SNAPSHOT-sources.jar
[INFO]                                                                         
[INFO] ------------------------------------------------------------------------
[INFO] Building SLF4J JCL Binding 1.7.25-SNAPSHOT
[INFO] ------------------------------------------------------------------------
[INFO] Downloading: https://repo.maven.apache.org/maven2/commons-logging/commons-logging/1.1.1/commons-logging-1.1.1.pom
[INFO] Downloaded: https://repo.maven.apache.org/maven2/commons-logging/commons-logging/1.1.1/commons-logging-1.1.1.pom (18 KB at 996.4 KB/sec)
[INFO] Downloading: https://repo.maven.apache.org/maven2/org/apache/commons/commons-parent/5/commons-parent-5.pom
[INFO] Downloaded: https://repo.maven.apache.org/maven2/org/apache/commons/commons-parent/5/commons-parent-5.pom (16 KB at 870.3 KB/sec)
[INFO] Downloading: https://repo.maven.apache.org/maven2/commons-logging/commons-logging/1.1.1/commons-logging-1.1.1.jar
[INFO] Downloaded: https://repo.maven.apache.org/maven2/commons-logging/commons-logging/1.1.1/commons-logging-1.1.1.jar (60 KB at 1795.9 KB/sec)
[INFO] 
[INFO] --- build-helper-maven-plugin:1.7:parse-version (parse-version) @ slf4j-jcl ---
[INFO] 
[INFO] --- maven-resources-plugin:2.6:resources (default-resources) @ slf4j-jcl ---
[INFO] Using 'UTF-8' encoding to copy filtered resources.
[INFO] Copying 1 resource
[INFO] 
[INFO] --- maven-compiler-plugin:3.3:compile (default-compile) @ slf4j-jcl ---
[INFO] Changes detected - recompiling the module!
[INFO] Compiling 5 source files to /root/workspace/qos-ch/slf4j/205803285/slf4j-jcl/target/classes
[INFO] 
[INFO] --- maven-resources-plugin:2.6:testResources (default-testResources) @ slf4j-jcl ---
[INFO] Using 'UTF-8' encoding to copy filtered resources.
[INFO] skip non existing resourceDirectory /root/workspace/qos-ch/slf4j/205803285/slf4j-jcl/src/test/resources
[INFO] 
[INFO] --- maven-compiler-plugin:3.3:testCompile (default-testCompile) @ slf4j-jcl ---
[INFO] Changes detected - recompiling the module!
[INFO] Compiling 1 source file to /root/workspace/qos-ch/slf4j/205803285/slf4j-jcl/target/test-classes
[INFO] 
[INFO] --- maven-surefire-plugin:2.19.1:test (default-test) @ slf4j-jcl ---
[INFO] Tests are skipped.
[INFO] 
[INFO] --- maven-jar-plugin:2.3.1:jar (default-jar) @ slf4j-jcl ---
[INFO] Building jar: /root/workspace/qos-ch/slf4j/205803285/slf4j-jcl/target/slf4j-jcl-1.7.25-SNAPSHOT.jar
[INFO] 
[INFO] >>> maven-source-plugin:2.1.2:jar (default) > generate-sources @ slf4j-jcl >>>
[INFO] 
[INFO] --- build-helper-maven-plugin:1.7:parse-version (parse-version) @ slf4j-jcl ---
[INFO] 
[INFO] <<< maven-source-plugin:2.1.2:jar (default) < generate-sources @ slf4j-jcl <<<
[INFO] 
[INFO] --- maven-source-plugin:2.1.2:jar (default) @ slf4j-jcl ---
[INFO] Building jar: /root/workspace/qos-ch/slf4j/205803285/slf4j-jcl/target/slf4j-jcl-1.7.25-SNAPSHOT-sources.jar
[INFO] 
[INFO] --- maven-install-plugin:2.4:install (default-install) @ slf4j-jcl ---
[INFO] Installing /root/workspace/qos-ch/slf4j/205803285/slf4j-jcl/target/slf4j-jcl-1.7.25-SNAPSHOT.jar to /root/./workspace/qos-ch/slf4j/205803285/.m2/org/slf4j/slf4j-jcl/1.7.25-SNAPSHOT/slf4j-jcl-1.7.25-SNAPSHOT.jar
[INFO] Installing /root/workspace/qos-ch/slf4j/205803285/slf4j-jcl/pom.xml to /root/./workspace/qos-ch/slf4j/205803285/.m2/org/slf4j/slf4j-jcl/1.7.25-SNAPSHOT/slf4j-jcl-1.7.25-SNAPSHOT.pom
[INFO] Installing /root/workspace/qos-ch/slf4j/205803285/slf4j-jcl/target/slf4j-jcl-1.7.25-SNAPSHOT-sources.jar to /root/./workspace/qos-ch/slf4j/205803285/.m2/org/slf4j/slf4j-jcl/1.7.25-SNAPSHOT/slf4j-jcl-1.7.25-SNAPSHOT-sources.jar
[INFO]                                                                         
[INFO] ------------------------------------------------------------------------
[INFO] Building SLF4J Android Binding 1.7.25-SNAPSHOT
[INFO] ------------------------------------------------------------------------
[INFO] Downloading: https://repo.maven.apache.org/maven2/com/google/android/android/1.5_r4/android-1.5_r4.pom
[INFO] Downloaded: https://repo.maven.apache.org/maven2/com/google/android/android/1.5_r4/android-1.5_r4.pom (3 KB at 133.0 KB/sec)
[INFO] Downloading: https://repo.maven.apache.org/maven2/org/apache/httpcomponents/httpclient/4.0.1/httpclient-4.0.1.pom
[INFO] Downloaded: https://repo.maven.apache.org/maven2/org/apache/httpcomponents/httpclient/4.0.1/httpclient-4.0.1.pom (7 KB at 349.5 KB/sec)
[INFO] Downloading: https://repo.maven.apache.org/maven2/org/apache/httpcomponents/httpcomponents-client/4.0.1/httpcomponents-client-4.0.1.pom
[INFO] Downloaded: https://repo.maven.apache.org/maven2/org/apache/httpcomponents/httpcomponents-client/4.0.1/httpcomponents-client-4.0.1.pom (9 KB at 472.6 KB/sec)
[INFO] Downloading: https://repo.maven.apache.org/maven2/org/apache/httpcomponents/project/4.0/project-4.0.pom
[INFO] Downloaded: https://repo.maven.apache.org/maven2/org/apache/httpcomponents/project/4.0/project-4.0.pom (13 KB at 711.4 KB/sec)
[INFO] Downloading: https://repo.maven.apache.org/maven2/org/apache/httpcomponents/httpcore/4.0.1/httpcore-4.0.1.pom
[INFO] Downloaded: https://repo.maven.apache.org/maven2/org/apache/httpcomponents/httpcore/4.0.1/httpcore-4.0.1.pom (5 KB at 280.8 KB/sec)
[INFO] Downloading: https://repo.maven.apache.org/maven2/org/apache/httpcomponents/httpcomponents-core/4.0.1/httpcomponents-core-4.0.1.pom
[INFO] Downloaded: https://repo.maven.apache.org/maven2/org/apache/httpcomponents/httpcomponents-core/4.0.1/httpcomponents-core-4.0.1.pom (10 KB at 268.6 KB/sec)
[INFO] Downloading: https://repo.maven.apache.org/maven2/commons-codec/commons-codec/1.3/commons-codec-1.3.pom
[INFO] Downloaded: https://repo.maven.apache.org/maven2/commons-codec/commons-codec/1.3/commons-codec-1.3.pom (6 KB at 372.6 KB/sec)
[INFO] Downloading: https://repo.maven.apache.org/maven2/org/khronos/opengl-api/gl1.1-android-2.1_r1/opengl-api-gl1.1-android-2.1_r1.pom
[INFO] Downloaded: https://repo.maven.apache.org/maven2/org/khronos/opengl-api/gl1.1-android-2.1_r1/opengl-api-gl1.1-android-2.1_r1.pom (2 KB at 90.3 KB/sec)
[INFO] Downloading: https://repo.maven.apache.org/maven2/xerces/xmlParserAPIs/2.6.2/xmlParserAPIs-2.6.2.pom
[INFO] Downloaded: https://repo.maven.apache.org/maven2/xerces/xmlParserAPIs/2.6.2/xmlParserAPIs-2.6.2.pom (153 B at 9.3 KB/sec)
[INFO] Downloading: https://repo.maven.apache.org/maven2/xpp3/xpp3/1.1.4c/xpp3-1.1.4c.pom
[INFO] Downloaded: https://repo.maven.apache.org/maven2/xpp3/xpp3/1.1.4c/xpp3-1.1.4c.pom (3 KB at 128.5 KB/sec)
[INFO] Downloading: https://repo.maven.apache.org/maven2/com/google/android/android/1.5_r4/android-1.5_r4.jar
[INFO] Downloading: https://repo.maven.apache.org/maven2/org/apache/httpcomponents/httpclient/4.0.1/httpclient-4.0.1.jar
[INFO] Downloading: https://repo.maven.apache.org/maven2/org/apache/httpcomponents/httpcore/4.0.1/httpcore-4.0.1.jar
[INFO] Downloading: https://repo.maven.apache.org/maven2/commons-codec/commons-codec/1.3/commons-codec-1.3.jar
[INFO] Downloading: https://repo.maven.apache.org/maven2/org/khronos/opengl-api/gl1.1-android-2.1_r1/opengl-api-gl1.1-android-2.1_r1.jar
[INFO] Downloaded: https://repo.maven.apache.org/maven2/commons-codec/commons-codec/1.3/commons-codec-1.3.jar (46 KB at 1573.4 KB/sec)
[INFO] Downloading: https://repo.maven.apache.org/maven2/xerces/xmlParserAPIs/2.6.2/xmlParserAPIs-2.6.2.jar
[INFO] Downloaded: https://repo.maven.apache.org/maven2/org/khronos/opengl-api/gl1.1-android-2.1_r1/opengl-api-gl1.1-android-2.1_r1.jar (19 KB at 602.0 KB/sec)
[INFO] Downloading: https://repo.maven.apache.org/maven2/xpp3/xpp3/1.1.4c/xpp3-1.1.4c.jar
[INFO] Downloaded: https://repo.maven.apache.org/maven2/org/apache/httpcomponents/httpcore/4.0.1/httpcore-4.0.1.jar (169 KB at 2221.5 KB/sec)
[INFO] Downloaded: https://repo.maven.apache.org/maven2/xpp3/xpp3/1.1.4c/xpp3-1.1.4c.jar (118 KB at 1503.3 KB/sec)
[INFO] Downloaded: https://repo.maven.apache.org/maven2/org/apache/httpcomponents/httpclient/4.0.1/httpclient-4.0.1.jar (285 KB at 3597.7 KB/sec)
[INFO] Downloaded: https://repo.maven.apache.org/maven2/xerces/xmlParserAPIs/2.6.2/xmlParserAPIs-2.6.2.jar (122 KB at 1522.5 KB/sec)
[INFO] Downloaded: https://repo.maven.apache.org/maven2/com/google/android/android/1.5_r4/android-1.5_r4.jar (2086 KB at 6498.4 KB/sec)
[INFO] 
[INFO] --- build-helper-maven-plugin:1.7:parse-version (parse-version) @ slf4j-android ---
[INFO] 
[INFO] --- maven-resources-plugin:2.6:resources (default-resources) @ slf4j-android ---
[INFO] Using 'UTF-8' encoding to copy filtered resources.
[INFO] Copying 1 resource
[INFO] 
[INFO] --- maven-compiler-plugin:3.3:compile (default-compile) @ slf4j-android ---
[INFO] Changes detected - recompiling the module!
[INFO] Compiling 5 source files to /root/workspace/qos-ch/slf4j/205803285/slf4j-android/target/classes
[INFO] 
[INFO] --- maven-resources-plugin:2.6:testResources (default-testResources) @ slf4j-android ---
[INFO] Using 'UTF-8' encoding to copy filtered resources.
[INFO] skip non existing resourceDirectory /root/workspace/qos-ch/slf4j/205803285/slf4j-android/src/test/resources
[INFO] 
[INFO] --- maven-compiler-plugin:3.3:testCompile (default-testCompile) @ slf4j-android ---
[INFO] Changes detected - recompiling the module!
[INFO] Compiling 1 source file to /root/workspace/qos-ch/slf4j/205803285/slf4j-android/target/test-classes
[INFO] 
[INFO] --- maven-surefire-plugin:2.19.1:test (default-test) @ slf4j-android ---
[INFO] Tests are skipped.
[INFO] 
[INFO] --- maven-jar-plugin:2.3.1:jar (default-jar) @ slf4j-android ---
[INFO] Building jar: /root/workspace/qos-ch/slf4j/205803285/slf4j-android/target/slf4j-android-1.7.25-SNAPSHOT.jar
[INFO] 
[INFO] >>> maven-source-plugin:2.1.2:jar (default) > generate-sources @ slf4j-android >>>
[INFO] 
[INFO] --- build-helper-maven-plugin:1.7:parse-version (parse-version) @ slf4j-android ---
[INFO] 
[INFO] <<< maven-source-plugin:2.1.2:jar (default) < generate-sources @ slf4j-android <<<
[INFO] 
[INFO] --- maven-source-plugin:2.1.2:jar (default) @ slf4j-android ---
[INFO] Building jar: /root/workspace/qos-ch/slf4j/205803285/slf4j-android/target/slf4j-android-1.7.25-SNAPSHOT-sources.jar
[INFO] 
[INFO] --- maven-install-plugin:2.4:install (default-install) @ slf4j-android ---
[INFO] Installing /root/workspace/qos-ch/slf4j/205803285/slf4j-android/target/slf4j-android-1.7.25-SNAPSHOT.jar to /root/./workspace/qos-ch/slf4j/205803285/.m2/org/slf4j/slf4j-android/1.7.25-SNAPSHOT/slf4j-android-1.7.25-SNAPSHOT.jar
[INFO] Installing /root/workspace/qos-ch/slf4j/205803285/slf4j-android/pom.xml to /root/./workspace/qos-ch/slf4j/205803285/.m2/org/slf4j/slf4j-android/1.7.25-SNAPSHOT/slf4j-android-1.7.25-SNAPSHOT.pom
[INFO] Installing /root/workspace/qos-ch/slf4j/205803285/slf4j-android/target/slf4j-android-1.7.25-SNAPSHOT-sources.jar to /root/./workspace/qos-ch/slf4j/205803285/.m2/org/slf4j/slf4j-android/1.7.25-SNAPSHOT/slf4j-android-1.7.25-SNAPSHOT-sources.jar
[INFO]                                                                         
[INFO] ------------------------------------------------------------------------
[INFO] Building SLF4J Extensions Module 1.7.25-SNAPSHOT
[INFO] ------------------------------------------------------------------------
[INFO] Downloading: https://repo.maven.apache.org/maven2/ch/qos/cal10n/cal10n-api/0.8.1/cal10n-api-0.8.1.pom
[INFO] Downloaded: https://repo.maven.apache.org/maven2/ch/qos/cal10n/cal10n-api/0.8.1/cal10n-api-0.8.1.pom (2 KB at 90.7 KB/sec)
[INFO] Downloading: https://repo.maven.apache.org/maven2/ch/qos/cal10n/cal10n-parent/0.8.1/cal10n-parent-0.8.1.pom
[INFO] Downloaded: https://repo.maven.apache.org/maven2/ch/qos/cal10n/cal10n-parent/0.8.1/cal10n-parent-0.8.1.pom (9 KB at 457.7 KB/sec)
[INFO] Downloading: https://repo.maven.apache.org/maven2/javassist/javassist/3.4.GA/javassist-3.4.GA.pom
[INFO] Downloaded: https://repo.maven.apache.org/maven2/javassist/javassist/3.4.GA/javassist-3.4.GA.pom (485 B at 29.6 KB/sec)
[INFO] Downloading: https://repo.maven.apache.org/maven2/commons-lang/commons-lang/2.4/commons-lang-2.4.pom
[INFO] Downloaded: https://repo.maven.apache.org/maven2/commons-lang/commons-lang/2.4/commons-lang-2.4.pom (14 KB at 853.0 KB/sec)
[INFO] Downloading: https://repo.maven.apache.org/maven2/ch/qos/cal10n/cal10n-api/0.8.1/cal10n-api-0.8.1.jar
[INFO] Downloading: https://repo.maven.apache.org/maven2/javassist/javassist/3.4.GA/javassist-3.4.GA.jar
[INFO] Downloading: https://repo.maven.apache.org/maven2/commons-lang/commons-lang/2.4/commons-lang-2.4.jar
[INFO] Downloaded: https://repo.maven.apache.org/maven2/ch/qos/cal10n/cal10n-api/0.8.1/cal10n-api-0.8.1.jar (38 KB at 1695.0 KB/sec)
[INFO] Downloaded: https://repo.maven.apache.org/maven2/commons-lang/commons-lang/2.4/commons-lang-2.4.jar (256 KB at 4058.3 KB/sec)
[INFO] Downloaded: https://repo.maven.apache.org/maven2/javassist/javassist/3.4.GA/javassist-3.4.GA.jar (460 KB at 6132.9 KB/sec)
[INFO] 
[INFO] --- build-helper-maven-plugin:1.7:parse-version (parse-version) @ slf4j-ext ---
[INFO] 
[INFO] --- maven-resources-plugin:2.6:resources (default-resources) @ slf4j-ext ---
[INFO] Using 'UTF-8' encoding to copy filtered resources.
[INFO] Copying 1 resource
[INFO] 
[INFO] --- maven-compiler-plugin:3.3:compile (default-compile) @ slf4j-ext ---
[INFO] Changes detected - recompiling the module!
[INFO] Compiling 23 source files to /root/workspace/qos-ch/slf4j/205803285/slf4j-ext/target/classes
[INFO] 
[INFO] --- maven-resources-plugin:2.6:testResources (default-testResources) @ slf4j-ext ---
[INFO] Using 'UTF-8' encoding to copy filtered resources.
[INFO] Copying 4 resources
[INFO] 
[INFO] --- maven-compiler-plugin:3.3:testCompile (default-testCompile) @ slf4j-ext ---
[INFO] Changes detected - recompiling the module!
[INFO] Compiling 20 source files to /root/workspace/qos-ch/slf4j/205803285/slf4j-ext/target/test-classes
[INFO] 
[INFO] --- maven-surefire-plugin:2.19.1:test (default-test) @ slf4j-ext ---
[INFO] Tests are skipped.
[INFO] 
[INFO] --- maven-jar-plugin:2.3.1:jar (default-jar) @ slf4j-ext ---
[INFO] Building jar: /root/workspace/qos-ch/slf4j/205803285/slf4j-ext/target/slf4j-ext-1.7.25-SNAPSHOT.jar
[INFO] 
[INFO] >>> maven-source-plugin:2.1.2:jar (default) > generate-sources @ slf4j-ext >>>
[INFO] 
[INFO] --- build-helper-maven-plugin:1.7:parse-version (parse-version) @ slf4j-ext ---
[INFO] 
[INFO] <<< maven-source-plugin:2.1.2:jar (default) < generate-sources @ slf4j-ext <<<
[INFO] 
[INFO] --- maven-source-plugin:2.1.2:jar (default) @ slf4j-ext ---
[INFO] Building jar: /root/workspace/qos-ch/slf4j/205803285/slf4j-ext/target/slf4j-ext-1.7.25-SNAPSHOT-sources.jar
[INFO] 
[INFO] --- maven-install-plugin:2.4:install (default-install) @ slf4j-ext ---
[INFO] Installing /root/workspace/qos-ch/slf4j/205803285/slf4j-ext/target/slf4j-ext-1.7.25-SNAPSHOT.jar to /root/./workspace/qos-ch/slf4j/205803285/.m2/org/slf4j/slf4j-ext/1.7.25-SNAPSHOT/slf4j-ext-1.7.25-SNAPSHOT.jar
[INFO] Installing /root/workspace/qos-ch/slf4j/205803285/slf4j-ext/pom.xml to /root/./workspace/qos-ch/slf4j/205803285/.m2/org/slf4j/slf4j-ext/1.7.25-SNAPSHOT/slf4j-ext-1.7.25-SNAPSHOT.pom
[INFO] Installing /root/workspace/qos-ch/slf4j/205803285/slf4j-ext/target/slf4j-ext-1.7.25-SNAPSHOT-sources.jar to /root/./workspace/qos-ch/slf4j/205803285/.m2/org/slf4j/slf4j-ext/1.7.25-SNAPSHOT/slf4j-ext-1.7.25-SNAPSHOT-sources.jar
[INFO]                                                                         
[INFO] ------------------------------------------------------------------------
[INFO] Building JCL 1.2 implemented over SLF4J 1.7.25-SNAPSHOT
[INFO] ------------------------------------------------------------------------
[INFO] 
[INFO] --- build-helper-maven-plugin:1.7:parse-version (parse-version) @ jcl-over-slf4j ---
[INFO] 
[INFO] --- maven-resources-plugin:2.6:resources (default-resources) @ jcl-over-slf4j ---
[INFO] Using 'UTF-8' encoding to copy filtered resources.
[INFO] Copying 2 resources
[INFO] 
[INFO] --- maven-compiler-plugin:3.3:compile (default-compile) @ jcl-over-slf4j ---
[INFO] Changes detected - recompiling the module!
[INFO] Compiling 8 source files to /root/workspace/qos-ch/slf4j/205803285/jcl-over-slf4j/target/classes
[INFO] 
[INFO] --- maven-resources-plugin:2.6:testResources (default-testResources) @ jcl-over-slf4j ---
[INFO] Using 'UTF-8' encoding to copy filtered resources.
[INFO] skip non existing resourceDirectory /root/workspace/qos-ch/slf4j/205803285/jcl-over-slf4j/src/test/resources
[INFO] 
[INFO] --- maven-compiler-plugin:3.3:testCompile (default-testCompile) @ jcl-over-slf4j ---
[INFO] Changes detected - recompiling the module!
[INFO] Compiling 2 source files to /root/workspace/qos-ch/slf4j/205803285/jcl-over-slf4j/target/test-classes
[INFO] 
[INFO] --- maven-surefire-plugin:2.19.1:test (default-test) @ jcl-over-slf4j ---
[INFO] Tests are skipped.
[INFO] 
[INFO] --- maven-jar-plugin:2.3.1:jar (default-jar) @ jcl-over-slf4j ---
[INFO] Building jar: /root/workspace/qos-ch/slf4j/205803285/jcl-over-slf4j/target/jcl-over-slf4j-1.7.25-SNAPSHOT.jar
[INFO] 
[INFO] >>> maven-source-plugin:2.1.2:jar (default) > generate-sources @ jcl-over-slf4j >>>
[INFO] 
[INFO] --- build-helper-maven-plugin:1.7:parse-version (parse-version) @ jcl-over-slf4j ---
[INFO] 
[INFO] <<< maven-source-plugin:2.1.2:jar (default) < generate-sources @ jcl-over-slf4j <<<
[INFO] 
[INFO] --- maven-source-plugin:2.1.2:jar (default) @ jcl-over-slf4j ---
[INFO] Building jar: /root/workspace/qos-ch/slf4j/205803285/jcl-over-slf4j/target/jcl-over-slf4j-1.7.25-SNAPSHOT-sources.jar
[INFO] 
[INFO] --- maven-install-plugin:2.4:install (default-install) @ jcl-over-slf4j ---
[INFO] Installing /root/workspace/qos-ch/slf4j/205803285/jcl-over-slf4j/target/jcl-over-slf4j-1.7.25-SNAPSHOT.jar to /root/./workspace/qos-ch/slf4j/205803285/.m2/org/slf4j/jcl-over-slf4j/1.7.25-SNAPSHOT/jcl-over-slf4j-1.7.25-SNAPSHOT.jar
[INFO] Installing /root/workspace/qos-ch/slf4j/205803285/jcl-over-slf4j/pom.xml to /root/./workspace/qos-ch/slf4j/205803285/.m2/org/slf4j/jcl-over-slf4j/1.7.25-SNAPSHOT/jcl-over-slf4j-1.7.25-SNAPSHOT.pom
[INFO] Installing /root/workspace/qos-ch/slf4j/205803285/jcl-over-slf4j/target/jcl-over-slf4j-1.7.25-SNAPSHOT-sources.jar to /root/./workspace/qos-ch/slf4j/205803285/.m2/org/slf4j/jcl-over-slf4j/1.7.25-SNAPSHOT/jcl-over-slf4j-1.7.25-SNAPSHOT-sources.jar
[INFO]                                                                         
[INFO] ------------------------------------------------------------------------
[INFO] Building Log4j Implemented Over SLF4J 1.7.25-SNAPSHOT
[INFO] ------------------------------------------------------------------------
[INFO] 
[INFO] --- build-helper-maven-plugin:1.7:parse-version (parse-version) @ log4j-over-slf4j ---
[INFO] 
[INFO] --- maven-resources-plugin:2.6:resources (default-resources) @ log4j-over-slf4j ---
[INFO] Using 'UTF-8' encoding to copy filtered resources.
[INFO] Copying 1 resource
[INFO] 
[INFO] --- maven-compiler-plugin:3.3:compile (default-compile) @ log4j-over-slf4j ---
[INFO] Changes detected - recompiling the module!
[INFO] Compiling 30 source files to /root/workspace/qos-ch/slf4j/205803285/log4j-over-slf4j/target/classes
[INFO] 
[INFO] --- maven-resources-plugin:2.6:testResources (default-testResources) @ log4j-over-slf4j ---
[INFO] Using 'UTF-8' encoding to copy filtered resources.
[INFO] skip non existing resourceDirectory /root/workspace/qos-ch/slf4j/205803285/log4j-over-slf4j/src/test/resources
[INFO] 
[INFO] --- maven-compiler-plugin:3.3:testCompile (default-testCompile) @ log4j-over-slf4j ---
[INFO] Changes detected - recompiling the module!
[INFO] Compiling 5 source files to /root/workspace/qos-ch/slf4j/205803285/log4j-over-slf4j/target/test-classes
[INFO] 
[INFO] --- maven-surefire-plugin:2.19.1:test (default-test) @ log4j-over-slf4j ---
[INFO] Tests are skipped.
[INFO] 
[INFO] --- maven-jar-plugin:2.3.1:jar (default-jar) @ log4j-over-slf4j ---
[INFO] Building jar: /root/workspace/qos-ch/slf4j/205803285/log4j-over-slf4j/target/log4j-over-slf4j-1.7.25-SNAPSHOT.jar
[INFO] 
[INFO] >>> maven-source-plugin:2.1.2:jar (default) > generate-sources @ log4j-over-slf4j >>>
[INFO] 
[INFO] --- build-helper-maven-plugin:1.7:parse-version (parse-version) @ log4j-over-slf4j ---
[INFO] 
[INFO] <<< maven-source-plugin:2.1.2:jar (default) < generate-sources @ log4j-over-slf4j <<<
[INFO] 
[INFO] --- maven-source-plugin:2.1.2:jar (default) @ log4j-over-slf4j ---
[INFO] Building jar: /root/workspace/qos-ch/slf4j/205803285/log4j-over-slf4j/target/log4j-over-slf4j-1.7.25-SNAPSHOT-sources.jar
[INFO] 
[INFO] --- maven-install-plugin:2.4:install (default-install) @ log4j-over-slf4j ---
[INFO] Installing /root/workspace/qos-ch/slf4j/205803285/log4j-over-slf4j/target/log4j-over-slf4j-1.7.25-SNAPSHOT.jar to /root/./workspace/qos-ch/slf4j/205803285/.m2/org/slf4j/log4j-over-slf4j/1.7.25-SNAPSHOT/log4j-over-slf4j-1.7.25-SNAPSHOT.jar
[INFO] Installing /root/workspace/qos-ch/slf4j/205803285/log4j-over-slf4j/pom.xml to /root/./workspace/qos-ch/slf4j/205803285/.m2/org/slf4j/log4j-over-slf4j/1.7.25-SNAPSHOT/log4j-over-slf4j-1.7.25-SNAPSHOT.pom
[INFO] Installing /root/workspace/qos-ch/slf4j/205803285/log4j-over-slf4j/target/log4j-over-slf4j-1.7.25-SNAPSHOT-sources.jar to /root/./workspace/qos-ch/slf4j/205803285/.m2/org/slf4j/log4j-over-slf4j/1.7.25-SNAPSHOT/log4j-over-slf4j-1.7.25-SNAPSHOT-sources.jar
[INFO]                                                                         
[INFO] ------------------------------------------------------------------------
[INFO] Building JUL to SLF4J bridge 1.7.25-SNAPSHOT
[INFO] ------------------------------------------------------------------------
[INFO] 
[INFO] --- build-helper-maven-plugin:1.7:parse-version (parse-version) @ jul-to-slf4j ---
[INFO] 
[INFO] --- maven-resources-plugin:2.6:resources (default-resources) @ jul-to-slf4j ---
[INFO] Using 'UTF-8' encoding to copy filtered resources.
[INFO] Copying 1 resource
[INFO] 
[INFO] --- maven-compiler-plugin:3.3:compile (default-compile) @ jul-to-slf4j ---
[INFO] Changes detected - recompiling the module!
[INFO] Compiling 1 source file to /root/workspace/qos-ch/slf4j/205803285/jul-to-slf4j/target/classes
[INFO] 
[INFO] --- maven-resources-plugin:2.6:testResources (default-testResources) @ jul-to-slf4j ---
[INFO] Using 'UTF-8' encoding to copy filtered resources.
[INFO] Copying 1 resource
[INFO] 
[INFO] --- maven-compiler-plugin:3.3:testCompile (default-testCompile) @ jul-to-slf4j ---
[INFO] Changes detected - recompiling the module!
[INFO] Compiling 3 source files to /root/workspace/qos-ch/slf4j/205803285/jul-to-slf4j/target/test-classes
[INFO] 
[INFO] --- maven-surefire-plugin:2.19.1:test (default-test) @ jul-to-slf4j ---
[INFO] Tests are skipped.
[INFO] 
[INFO] --- maven-jar-plugin:2.3.1:jar (default-jar) @ jul-to-slf4j ---
[INFO] Building jar: /root/workspace/qos-ch/slf4j/205803285/jul-to-slf4j/target/jul-to-slf4j-1.7.25-SNAPSHOT.jar
[INFO] 
[INFO] >>> maven-source-plugin:2.1.2:jar (default) > generate-sources @ jul-to-slf4j >>>
[INFO] 
[INFO] --- build-helper-maven-plugin:1.7:parse-version (parse-version) @ jul-to-slf4j ---
[INFO] 
[INFO] <<< maven-source-plugin:2.1.2:jar (default) < generate-sources @ jul-to-slf4j <<<
[INFO] 
[INFO] --- maven-source-plugin:2.1.2:jar (default) @ jul-to-slf4j ---
[INFO] Building jar: /root/workspace/qos-ch/slf4j/205803285/jul-to-slf4j/target/jul-to-slf4j-1.7.25-SNAPSHOT-sources.jar
[INFO] 
[INFO] --- maven-install-plugin:2.4:install (default-install) @ jul-to-slf4j ---
[INFO] Installing /root/workspace/qos-ch/slf4j/205803285/jul-to-slf4j/target/jul-to-slf4j-1.7.25-SNAPSHOT.jar to /root/./workspace/qos-ch/slf4j/205803285/.m2/org/slf4j/jul-to-slf4j/1.7.25-SNAPSHOT/jul-to-slf4j-1.7.25-SNAPSHOT.jar
[INFO] Installing /root/workspace/qos-ch/slf4j/205803285/jul-to-slf4j/pom.xml to /root/./workspace/qos-ch/slf4j/205803285/.m2/org/slf4j/jul-to-slf4j/1.7.25-SNAPSHOT/jul-to-slf4j-1.7.25-SNAPSHOT.pom
[INFO] Installing /root/workspace/qos-ch/slf4j/205803285/jul-to-slf4j/target/jul-to-slf4j-1.7.25-SNAPSHOT-sources.jar to /root/./workspace/qos-ch/slf4j/205803285/.m2/org/slf4j/jul-to-slf4j/1.7.25-SNAPSHOT/jul-to-slf4j-1.7.25-SNAPSHOT-sources.jar
[INFO]                                                                         
[INFO] ------------------------------------------------------------------------
[INFO] Building OSGi LogService implemented over SLF4J 1.7.25-SNAPSHOT
[INFO] ------------------------------------------------------------------------
[INFO] Downloading: https://repo.maven.apache.org/maven2/org/osgi/org.osgi.core/4.2.0/org.osgi.core-4.2.0.pom
[INFO] Downloaded: https://repo.maven.apache.org/maven2/org/osgi/org.osgi.core/4.2.0/org.osgi.core-4.2.0.pom (457 B at 23.5 KB/sec)
[INFO] Downloading: https://repo.maven.apache.org/maven2/org/osgi/org.osgi.enterprise/4.2.0/org.osgi.enterprise-4.2.0.pom
[INFO] Downloaded: https://repo.maven.apache.org/maven2/org/osgi/org.osgi.enterprise/4.2.0/org.osgi.enterprise-4.2.0.pom (455 B at 24.7 KB/sec)
[INFO] Downloading: https://repo.maven.apache.org/maven2/org/osgi/org.osgi.core/4.2.0/org.osgi.core-4.2.0.jar
[INFO] Downloading: https://repo.maven.apache.org/maven2/org/osgi/org.osgi.enterprise/4.2.0/org.osgi.enterprise-4.2.0.jar
[INFO] Downloaded: https://repo.maven.apache.org/maven2/org/osgi/org.osgi.core/4.2.0/org.osgi.core-4.2.0.jar (242 KB at 5130.6 KB/sec)
[INFO] Downloaded: https://repo.maven.apache.org/maven2/org/osgi/org.osgi.enterprise/4.2.0/org.osgi.enterprise-4.2.0.jar (347 KB at 5016.3 KB/sec)
[INFO] 
[INFO] --- build-helper-maven-plugin:1.7:parse-version (parse-version) @ osgi-over-slf4j ---
[INFO] 
[INFO] --- maven-resources-plugin:2.6:resources (default-resources) @ osgi-over-slf4j ---
[INFO] Using 'UTF-8' encoding to copy filtered resources.
[INFO] Copying 1 resource
[INFO] 
[INFO] --- maven-compiler-plugin:3.3:compile (default-compile) @ osgi-over-slf4j ---
[INFO] Changes detected - recompiling the module!
[INFO] Compiling 3 source files to /root/workspace/qos-ch/slf4j/205803285/osgi-over-slf4j/target/classes
[INFO] 
[INFO] --- maven-resources-plugin:2.6:testResources (default-testResources) @ osgi-over-slf4j ---
[INFO] Using 'UTF-8' encoding to copy filtered resources.
[INFO] skip non existing resourceDirectory /root/workspace/qos-ch/slf4j/205803285/osgi-over-slf4j/src/test/resources
[INFO] 
[INFO] --- maven-compiler-plugin:3.3:testCompile (default-testCompile) @ osgi-over-slf4j ---
[INFO] No sources to compile
[INFO] 
[INFO] --- maven-surefire-plugin:2.19.1:test (default-test) @ osgi-over-slf4j ---
[INFO] Tests are skipped.
[INFO] 
[INFO] --- maven-jar-plugin:2.3.1:jar (default-jar) @ osgi-over-slf4j ---
[INFO] Building jar: /root/workspace/qos-ch/slf4j/205803285/osgi-over-slf4j/target/osgi-over-slf4j-1.7.25-SNAPSHOT.jar
[INFO] 
[INFO] >>> maven-source-plugin:2.1.2:jar (default) > generate-sources @ osgi-over-slf4j >>>
[INFO] 
[INFO] --- build-helper-maven-plugin:1.7:parse-version (parse-version) @ osgi-over-slf4j ---
[INFO] 
[INFO] <<< maven-source-plugin:2.1.2:jar (default) < generate-sources @ osgi-over-slf4j <<<
[INFO] 
[INFO] --- maven-source-plugin:2.1.2:jar (default) @ osgi-over-slf4j ---
[INFO] Building jar: /root/workspace/qos-ch/slf4j/205803285/osgi-over-slf4j/target/osgi-over-slf4j-1.7.25-SNAPSHOT-sources.jar
[INFO] 
[INFO] --- maven-install-plugin:2.4:install (default-install) @ osgi-over-slf4j ---
[INFO] Installing /root/workspace/qos-ch/slf4j/205803285/osgi-over-slf4j/target/osgi-over-slf4j-1.7.25-SNAPSHOT.jar to /root/./workspace/qos-ch/slf4j/205803285/.m2/org/slf4j/osgi-over-slf4j/1.7.25-SNAPSHOT/osgi-over-slf4j-1.7.25-SNAPSHOT.jar
[INFO] Installing /root/workspace/qos-ch/slf4j/205803285/osgi-over-slf4j/pom.xml to /root/./workspace/qos-ch/slf4j/205803285/.m2/org/slf4j/osgi-over-slf4j/1.7.25-SNAPSHOT/osgi-over-slf4j-1.7.25-SNAPSHOT.pom
[INFO] Installing /root/workspace/qos-ch/slf4j/205803285/osgi-over-slf4j/target/osgi-over-slf4j-1.7.25-SNAPSHOT-sources.jar to /root/./workspace/qos-ch/slf4j/205803285/.m2/org/slf4j/osgi-over-slf4j/1.7.25-SNAPSHOT/osgi-over-slf4j-1.7.25-SNAPSHOT-sources.jar
[INFO]                                                                         
[INFO] ------------------------------------------------------------------------
[INFO] Building SLF4J Integration tests 1.7.25-SNAPSHOT
[INFO] ------------------------------------------------------------------------
[INFO] Downloading: https://repo.maven.apache.org/maven2/org/apache/maven/plugins/maven-antrun-plugin/1.2/maven-antrun-plugin-1.2.pom
[INFO] Downloaded: https://repo.maven.apache.org/maven2/org/apache/maven/plugins/maven-antrun-plugin/1.2/maven-antrun-plugin-1.2.pom (5 KB at 145.7 KB/sec)
[INFO] Downloading: https://repo.maven.apache.org/maven2/org/apache/maven/plugins/maven-plugins/11/maven-plugins-11.pom
[INFO] Downloaded: https://repo.maven.apache.org/maven2/org/apache/maven/plugins/maven-plugins/11/maven-plugins-11.pom (11 KB at 502.8 KB/sec)
[INFO] Downloading: https://repo.maven.apache.org/maven2/org/apache/maven/plugins/maven-antrun-plugin/1.2/maven-antrun-plugin-1.2.jar
[INFO] Downloaded: https://repo.maven.apache.org/maven2/org/apache/maven/plugins/maven-antrun-plugin/1.2/maven-antrun-plugin-1.2.jar (23 KB at 712.6 KB/sec)
[INFO] Downloading: https://repo.maven.apache.org/maven2/ant/ant-junit/1.6.5/ant-junit-1.6.5.pom
[INFO] Downloaded: https://repo.maven.apache.org/maven2/ant/ant-junit/1.6.5/ant-junit-1.6.5.pom (146 B at 5.9 KB/sec)
[INFO] Downloading: https://repo.maven.apache.org/maven2/org/apache/felix/org.apache.felix.main/5.6.1/org.apache.felix.main-5.6.1.pom
[INFO] Downloaded: https://repo.maven.apache.org/maven2/org/apache/felix/org.apache.felix.main/5.6.1/org.apache.felix.main-5.6.1.pom (8 KB at 405.4 KB/sec)
[INFO] Downloading: https://repo.maven.apache.org/maven2/org/apache/felix/felix-parent/2.1/felix-parent-2.1.pom
[INFO] Downloaded: https://repo.maven.apache.org/maven2/org/apache/felix/felix-parent/2.1/felix-parent-2.1.pom (10 KB at 449.2 KB/sec)
[INFO] Downloading: https://repo.maven.apache.org/maven2/org/apache/felix/org.apache.felix.framework/5.6.1/org.apache.felix.framework-5.6.1.pom
[INFO] Downloaded: https://repo.maven.apache.org/maven2/org/apache/felix/org.apache.felix.framework/5.6.1/org.apache.felix.framework-5.6.1.pom (6 KB at 324.3 KB/sec)
[INFO] Downloading: https://repo.maven.apache.org/maven2/org/apache/felix/felix-parent/3/felix-parent-3.pom
[INFO] Downloaded: https://repo.maven.apache.org/maven2/org/apache/felix/felix-parent/3/felix-parent-3.pom (17 KB at 928.9 KB/sec)
[INFO] Downloading: https://repo.maven.apache.org/maven2/org/apache/apache/17/apache-17.pom
[INFO] Downloaded: https://repo.maven.apache.org/maven2/org/apache/apache/17/apache-17.pom (16 KB at 871.1 KB/sec)
[INFO] Downloading: https://repo.maven.apache.org/maven2/ant/ant-junit/1.6.5/ant-junit-1.6.5.jar
[INFO] Downloading: https://repo.maven.apache.org/maven2/org/apache/felix/org.apache.felix.main/5.6.1/org.apache.felix.main-5.6.1.jar
[INFO] Downloading: https://repo.maven.apache.org/maven2/org/apache/felix/org.apache.felix.framework/5.6.1/org.apache.felix.framework-5.6.1.jar
[INFO] Downloaded: https://repo.maven.apache.org/maven2/ant/ant-junit/1.6.5/ant-junit-1.6.5.jar (73 KB at 1768.2 KB/sec)
[INFO] Downloaded: https://repo.maven.apache.org/maven2/org/apache/felix/org.apache.felix.framework/5.6.1/org.apache.felix.framework-5.6.1.jar (667 KB at 6291.6 KB/sec)
[INFO] Downloaded: https://repo.maven.apache.org/maven2/org/apache/felix/org.apache.felix.main/5.6.1/org.apache.felix.main-5.6.1.jar (679 KB at 5657.8 KB/sec)
[INFO] 
[INFO] --- build-helper-maven-plugin:1.7:parse-version (parse-version) @ integration ---
[INFO] 
[INFO] --- maven-resources-plugin:2.6:resources (default-resources) @ integration ---
[INFO] Using 'UTF-8' encoding to copy filtered resources.
[INFO] Copying 1 resource
[INFO] 
[INFO] --- maven-compiler-plugin:3.3:compile (default-compile) @ integration ---
[INFO] No sources to compile
[INFO] 
[INFO] --- maven-resources-plugin:2.6:testResources (default-testResources) @ integration ---
[INFO] Using 'UTF-8' encoding to copy filtered resources.
[INFO] skip non existing resourceDirectory /root/workspace/qos-ch/slf4j/205803285/integration/src/test/resources
[INFO] 
[INFO] --- maven-compiler-plugin:3.3:testCompile (default-testCompile) @ integration ---
[INFO] Changes detected - recompiling the module!
[INFO] Compiling 12 source files to /root/workspace/qos-ch/slf4j/205803285/integration/target/test-classes
[INFO] 
[INFO] --- maven-surefire-plugin:2.19.1:test (default-test) @ integration ---
[INFO] Tests are skipped.
[INFO] 
[INFO] --- maven-jar-plugin:2.3.1:jar (default-jar) @ integration ---
[INFO] Building jar: /root/workspace/qos-ch/slf4j/205803285/integration/target/integration-1.7.25-SNAPSHOT.jar
[INFO] 
[INFO] --- maven-antrun-plugin:1.2:run (ant-test) @ integration ---
[INFO] Downloading: https://repo.maven.apache.org/maven2/org/apache/maven/maven-plugin-api/2.0.1/maven-plugin-api-2.0.1.pom
[INFO] Downloaded: https://repo.maven.apache.org/maven2/org/apache/maven/maven-plugin-api/2.0.1/maven-plugin-api-2.0.1.pom (643 B at 39.2 KB/sec)
[INFO] Downloading: https://repo.maven.apache.org/maven2/org/apache/maven/maven/2.0.1/maven-2.0.1.pom
[INFO] Downloaded: https://repo.maven.apache.org/maven2/org/apache/maven/maven/2.0.1/maven-2.0.1.pom (12 KB at 701.8 KB/sec)
[INFO] Downloading: https://repo.maven.apache.org/maven2/org/apache/maven/maven-project/2.0.1/maven-project-2.0.1.pom
[INFO] Downloaded: https://repo.maven.apache.org/maven2/org/apache/maven/maven-project/2.0.1/maven-project-2.0.1.pom (2 KB at 86.8 KB/sec)
[INFO] Downloading: https://repo.maven.apache.org/maven2/org/apache/maven/maven-profile/2.0.1/maven-profile-2.0.1.pom
[INFO] Downloaded: https://repo.maven.apache.org/maven2/org/apache/maven/maven-profile/2.0.1/maven-profile-2.0.1.pom (2 KB at 78.9 KB/sec)
[INFO] Downloading: https://repo.maven.apache.org/maven2/org/apache/maven/maven-model/2.0.1/maven-model-2.0.1.pom
[INFO] Downloaded: https://repo.maven.apache.org/maven2/org/apache/maven/maven-model/2.0.1/maven-model-2.0.1.pom (3 KB at 130.6 KB/sec)
[INFO] Downloading: https://repo.maven.apache.org/maven2/org/codehaus/plexus/plexus-utils/1.0.5/plexus-utils-1.0.5.pom
[INFO] Downloaded: https://repo.maven.apache.org/maven2/org/codehaus/plexus/plexus-utils/1.0.5/plexus-utils-1.0.5.pom (918 B at 47.2 KB/sec)
[INFO] Downloading: https://repo.maven.apache.org/maven2/org/apache/maven/maven-artifact-manager/2.0.1/maven-artifact-manager-2.0.1.pom
[INFO] Downloaded: https://repo.maven.apache.org/maven2/org/apache/maven/maven-artifact-manager/2.0.1/maven-artifact-manager-2.0.1.pom (2 KB at 75.7 KB/sec)
[INFO] Downloading: https://repo.maven.apache.org/maven2/org/apache/maven/maven-repository-metadata/2.0.1/maven-repository-metadata-2.0.1.pom
[INFO] Downloaded: https://repo.maven.apache.org/maven2/org/apache/maven/maven-repository-metadata/2.0.1/maven-repository-metadata-2.0.1.pom (2 KB at 75.1 KB/sec)
[INFO] Downloading: https://repo.maven.apache.org/maven2/org/apache/maven/maven-artifact/2.0.1/maven-artifact-2.0.1.pom
[INFO] Downloaded: https://repo.maven.apache.org/maven2/org/apache/maven/maven-artifact/2.0.1/maven-artifact-2.0.1.pom (765 B at 46.7 KB/sec)
[INFO] Downloading: https://repo.maven.apache.org/maven2/ant/ant-launcher/1.6.5/ant-launcher-1.6.5.pom
[INFO] Downloaded: https://repo.maven.apache.org/maven2/ant/ant-launcher/1.6.5/ant-launcher-1.6.5.pom (149 B at 7.3 KB/sec)
[INFO] Downloading: https://repo.maven.apache.org/maven2/ant/ant/1.6.5/ant-1.6.5.pom
[INFO] Downloaded: https://repo.maven.apache.org/maven2/ant/ant/1.6.5/ant-1.6.5.pom (861 B at 49.5 KB/sec)
[INFO] Downloading: https://repo.maven.apache.org/maven2/org/apache/maven/maven-plugin-api/2.0.1/maven-plugin-api-2.0.1.jar
[INFO] Downloading: https://repo.maven.apache.org/maven2/org/apache/maven/maven-project/2.0.1/maven-project-2.0.1.jar
[INFO] Downloading: https://repo.maven.apache.org/maven2/org/apache/maven/maven-profile/2.0.1/maven-profile-2.0.1.jar
[INFO] Downloading: https://repo.maven.apache.org/maven2/org/apache/maven/maven-model/2.0.1/maven-model-2.0.1.jar
[INFO] Downloading: https://repo.maven.apache.org/maven2/org/apache/maven/maven-artifact-manager/2.0.1/maven-artifact-manager-2.0.1.jar
[INFO] Downloaded: https://repo.maven.apache.org/maven2/org/apache/maven/maven-plugin-api/2.0.1/maven-plugin-api-2.0.1.jar (9 KB at 366.0 KB/sec)
[INFO] Downloading: https://repo.maven.apache.org/maven2/org/apache/maven/maven-repository-metadata/2.0.1/maven-repository-metadata-2.0.1.jar
[INFO] Downloaded: https://repo.maven.apache.org/maven2/org/apache/maven/maven-profile/2.0.1/maven-profile-2.0.1.jar (30 KB at 1015.8 KB/sec)
[INFO] Downloading: https://repo.maven.apache.org/maven2/org/codehaus/plexus/plexus-utils/1.0.5/plexus-utils-1.0.5.jar
[INFO] Downloaded: https://repo.maven.apache.org/maven2/org/apache/maven/maven-artifact-manager/2.0.1/maven-artifact-manager-2.0.1.jar (49 KB at 1454.7 KB/sec)
[INFO] Downloading: https://repo.maven.apache.org/maven2/org/apache/maven/maven-artifact/2.0.1/maven-artifact-2.0.1.jar
[INFO] Downloaded: https://repo.maven.apache.org/maven2/org/apache/maven/maven-model/2.0.1/maven-model-2.0.1.jar (79 KB at 2309.8 KB/sec)
[INFO] Downloading: https://repo.maven.apache.org/maven2/ant/ant-launcher/1.6.5/ant-launcher-1.6.5.jar
[INFO] Downloaded: https://repo.maven.apache.org/maven2/org/apache/maven/maven-project/2.0.1/maven-project-2.0.1.jar (103 KB at 2856.9 KB/sec)
[INFO] Downloading: https://repo.maven.apache.org/maven2/ant/ant/1.6.5/ant-1.6.5.jar
[INFO] Downloaded: https://repo.maven.apache.org/maven2/org/apache/maven/maven-repository-metadata/2.0.1/maven-repository-metadata-2.0.1.jar (20 KB at 425.6 KB/sec)
[INFO] Downloaded: https://repo.maven.apache.org/maven2/ant/ant-launcher/1.6.5/ant-launcher-1.6.5.jar (9 KB at 166.0 KB/sec)
[INFO] Downloaded: https://repo.maven.apache.org/maven2/org/apache/maven/maven-artifact/2.0.1/maven-artifact-2.0.1.jar (77 KB at 1254.8 KB/sec)
[INFO] Downloaded: https://repo.maven.apache.org/maven2/org/codehaus/plexus/plexus-utils/1.0.5/plexus-utils-1.0.5.jar (165 KB at 2320.6 KB/sec)
[INFO] Downloaded: https://repo.maven.apache.org/maven2/ant/ant/1.6.5/ant-1.6.5.jar (1010 KB at 6431.9 KB/sec)
[INFO] Executing tasks
     [echo] compile classpath: /root/workspace/qos-ch/slf4j/205803285/integration/target/classes:/root/workspace/qos-ch/slf4j/205803285/slf4j-api/target/slf4j-api-1.7.25-SNAPSHOT.jar:/root/workspace/qos-ch/slf4j/205803285/.m2/junit/junit/3.8.1/junit-3.8.1.jar:/root/workspace/qos-ch/slf4j/205803285/.m2/ant/ant-junit/1.6.5/ant-junit-1.6.5.jar:/root/workspace/qos-ch/slf4j/205803285/.m2/org/apache/felix/org.apache.felix.main/5.6.1/org.apache.felix.main-5.6.1.jar:/root/workspace/qos-ch/slf4j/205803285/.m2/org/apache/felix/org.apache.felix.framework/5.6.1/org.apache.felix.framework-5.6.1.jar
     [echo] runtime classpath: /root/workspace/qos-ch/slf4j/205803285/integration/target/classes:/root/workspace/qos-ch/slf4j/205803285/slf4j-api/target/slf4j-api-1.7.25-SNAPSHOT.jar:/root/workspace/qos-ch/slf4j/205803285/.m2/junit/junit/3.8.1/junit-3.8.1.jar:/root/workspace/qos-ch/slf4j/205803285/.m2/ant/ant-junit/1.6.5/ant-junit-1.6.5.jar:/root/workspace/qos-ch/slf4j/205803285/.m2/org/apache/felix/org.apache.felix.main/5.6.1/org.apache.felix.main-5.6.1.jar:/root/workspace/qos-ch/slf4j/205803285/.m2/org/apache/felix/org.apache.felix.framework/5.6.1/org.apache.felix.framework-5.6.1.jar
     [echo] test classpath:    /root/workspace/qos-ch/slf4j/205803285/integration/target/test-classes:/root/workspace/qos-ch/slf4j/205803285/integration/target/classes:/root/workspace/qos-ch/slf4j/205803285/slf4j-api/target/slf4j-api-1.7.25-SNAPSHOT.jar:/root/workspace/qos-ch/slf4j/205803285/.m2/junit/junit/3.8.1/junit-3.8.1.jar:/root/workspace/qos-ch/slf4j/205803285/.m2/ant/ant-junit/1.6.5/ant-junit-1.6.5.jar:/root/workspace/qos-ch/slf4j/205803285/.m2/org/apache/felix/org.apache.felix.main/5.6.1/org.apache.felix.main-5.6.1.jar:/root/workspace/qos-ch/slf4j/205803285/.m2/org/apache/felix/org.apache.felix.framework/5.6.1/org.apache.felix.framework-5.6.1.jar
     [echo] plugin classpath:  /root/workspace/qos-ch/slf4j/205803285/.m2/org/apache/maven/plugins/maven-antrun-plugin/1.2/maven-antrun-plugin-1.2.jar:/root/workspace/qos-ch/slf4j/205803285/.m2/junit/junit/3.8.1/junit-3.8.1.jar:/root/workspace/qos-ch/slf4j/205803285/.m2/ant/ant-junit/1.6.5/ant-junit-1.6.5.jar:/root/workspace/qos-ch/slf4j/205803285/.m2/org/apache/maven/maven-plugin-api/2.0.1/maven-plugin-api-2.0.1.jar:/root/workspace/qos-ch/slf4j/205803285/.m2/org/apache/maven/maven-project/2.0.1/maven-project-2.0.1.jar:/root/workspace/qos-ch/slf4j/205803285/.m2/org/apache/maven/maven-profile/2.0.1/maven-profile-2.0.1.jar:/root/workspace/qos-ch/slf4j/205803285/.m2/org/apache/maven/maven-model/2.0.1/maven-model-2.0.1.jar:/root/workspace/qos-ch/slf4j/205803285/.m2/org/apache/maven/maven-artifact-manager/2.0.1/maven-artifact-manager-2.0.1.jar:/root/workspace/qos-ch/slf4j/205803285/.m2/org/apache/maven/maven-repository-metadata/2.0.1/maven-repository-metadata-2.0.1.jar:/root/workspace/qos-ch/slf4j/205803285/.m2/org/codehaus/plexus/plexus-utils/1.0.5/plexus-utils-1.0.5.jar:/root/workspace/qos-ch/slf4j/205803285/.m2/classworlds/classworlds/1.1-alpha-2/classworlds-1.1-alpha-2.jar:/root/workspace/qos-ch/slf4j/205803285/.m2/org/apache/maven/maven-artifact/2.0.1/maven-artifact-2.0.1.jar:/root/workspace/qos-ch/slf4j/205803285/.m2/org/codehaus/plexus/plexus-container-default/1.0-alpha-9/plexus-container-default-1.0-alpha-9.jar:/root/workspace/qos-ch/slf4j/205803285/.m2/ant/ant-launcher/1.6.5/ant-launcher-1.6.5.jar:/root/workspace/qos-ch/slf4j/205803285/.m2/ant/ant/1.6.5/ant-1.6.5.jar
     [echo] basedir:  /root/workspace/qos-ch/slf4j/205803285/integration

init:
    [mkdir] Created dir: /root/workspace/qos-ch/slf4j/205803285/integration/target/unit-reports

testMissingSingletonMethod:
    [junit] Running org.slf4j.MissingSingletonMethodAssertionTest
    [junit] Tests run: 1, Failures: 0, Errors: 0, Time elapsed: 0.008 sec
    [junit] Running org.slf4j.MissingSingletonMethodAssertionTest
    [junit] Tests run: 1, Failures: 0, Errors: 0, Time elapsed: 0.008 sec

testMismatch:
    [junit] Running org.slf4j.VersionMismatchAssertionTest
    [junit] Tests run: 1, Failures: 0, Errors: 0, Time elapsed: 0.014 sec
    [junit] Running org.slf4j.VersionMismatchAssertionTest
    [junit] Tests run: 1, Failures: 0, Errors: 0, Time elapsed: 0.013 sec

testMatch:
    [junit] Running org.slf4j.CompatibilityAssertionTest
    [junit] Tests run: 1, Failures: 0, Errors: 0, Time elapsed: 0.014 sec

testMultiBinding:
    [junit] Running org.slf4j.MultiBindingAssertionTest
    [junit] Tests run: 1, Failures: 0, Errors: 0, Time elapsed: 0.013 sec

testIncompatibleMultiBinding:
    [junit] Running org.slf4j.IncompatibleMultiBindingAssertionTest
    [junit] Tests run: 1, Failures: 0, Errors: 0, Time elapsed: 0.008 sec

testFuture_16Series:
    [junit] Running org.slf4j.CompatibilityAssertionTest
    [junit] Tests run: 1, Failures: 0, Errors: 0, Time elapsed: 0.011 sec
    [junit] Running org.slf4j.CompatibilityAssertionTest
    [junit] Tests run: 1, Failures: 0, Errors: 0, Time elapsed: 0.011 sec

setPathToPolicy_FromTop:
     [echo] setPathToPolicy_FromTop

setPathToPolicy_FromIntegration:

testActiveSecurityManager:
    [junit] Running org.slf4j.issues.Issue324Test
    [junit] Tests run: 1, Failures: 0, Errors: 0, Time elapsed: 0.024 sec

testAll:
[INFO] Executed tasks
[INFO] 
[INFO] --- maven-antrun-plugin:1.2:run (ant-osgi-test) @ integration ---
[INFO] Executing tasks
     [echo] compile classpath: 1.7.25-SNAPSHOT
     [echo] test classpath:    /root/workspace/qos-ch/slf4j/205803285/integration/target/test-classes:/root/workspace/qos-ch/slf4j/205803285/integration/target/classes:/root/workspace/qos-ch/slf4j/205803285/slf4j-api/target/slf4j-api-1.7.25-SNAPSHOT.jar:/root/workspace/qos-ch/slf4j/205803285/.m2/junit/junit/3.8.1/junit-3.8.1.jar:/root/workspace/qos-ch/slf4j/205803285/.m2/ant/ant-junit/1.6.5/ant-junit-1.6.5.jar:/root/workspace/qos-ch/slf4j/205803285/.m2/org/apache/felix/org.apache.felix.main/5.6.1/org.apache.felix.main-5.6.1.jar:/root/workspace/qos-ch/slf4j/205803285/.m2/org/apache/felix/org.apache.felix.framework/5.6.1/org.apache.felix.framework-5.6.1.jar
     [echo] basedir:           /root/workspace/qos-ch/slf4j/205803285/integration

init:

createIBundle:
    [mkdir] Created dir: /root/workspace/qos-ch/slf4j/205803285/integration/bundle
      [jar] Building jar: /root/workspace/qos-ch/slf4j/205803285/integration/target/iBundle.jar

nop:
     [copy] Copying 1 file to /root/workspace/qos-ch/slf4j/205803285/integration/bundle
     [copy] Copying 1 file to /root/workspace/qos-ch/slf4j/205803285/integration/bundle
     [copy] Copying 1 file to /root/workspace/qos-ch/slf4j/205803285/integration/bundle
     [echo] value of t = @{t}
    [junit] Running org.slf4j.test_osgi.BundleTest
    [junit] Tests run: 1, Failures: 0, Errors: 0, Time elapsed: 0.203 sec

simple:
   [delete] Deleting 3 files from /root/workspace/qos-ch/slf4j/205803285/integration/bundle
     [copy] Copying 1 file to /root/workspace/qos-ch/slf4j/205803285/integration/bundle
     [copy] Copying 1 file to /root/workspace/qos-ch/slf4j/205803285/integration/bundle
     [copy] Copying 1 file to /root/workspace/qos-ch/slf4j/205803285/integration/bundle
     [echo] value of t = @{t}
    [junit] Running org.slf4j.test_osgi.BundleTest
    [junit] Tests run: 1, Failures: 0, Errors: 0, Time elapsed: 0.212 sec

jdk14:
   [delete] Deleting 3 files from /root/workspace/qos-ch/slf4j/205803285/integration/bundle
     [copy] Copying 1 file to /root/workspace/qos-ch/slf4j/205803285/integration/bundle
     [copy] Copying 1 file to /root/workspace/qos-ch/slf4j/205803285/integration/bundle
     [copy] Copying 1 file to /root/workspace/qos-ch/slf4j/205803285/integration/bundle
     [echo] value of t = @{t}
    [junit] Running org.slf4j.test_osgi.BundleTest
    [junit] Tests run: 1, Failures: 0, Errors: 0, Time elapsed: 0.227 sec

testAll:
[INFO] Executed tasks
[INFO] 
[INFO] >>> maven-source-plugin:2.1.2:jar (default) > generate-sources @ integration >>>
[INFO] 
[INFO] --- build-helper-maven-plugin:1.7:parse-version (parse-version) @ integration ---
[INFO] 
[INFO] <<< maven-source-plugin:2.1.2:jar (default) < generate-sources @ integration <<<
[INFO] 
[INFO] --- maven-source-plugin:2.1.2:jar (default) @ integration ---
[INFO] Building jar: /root/workspace/qos-ch/slf4j/205803285/integration/target/integration-1.7.25-SNAPSHOT-sources.jar
[INFO] 
[INFO] --- maven-install-plugin:2.4:install (default-install) @ integration ---
[INFO] Installing /root/workspace/qos-ch/slf4j/205803285/integration/target/integration-1.7.25-SNAPSHOT.jar to /root/./workspace/qos-ch/slf4j/205803285/.m2/org/slf4j/integration/1.7.25-SNAPSHOT/integration-1.7.25-SNAPSHOT.jar
[INFO] Installing /root/workspace/qos-ch/slf4j/205803285/integration/pom.xml to /root/./workspace/qos-ch/slf4j/205803285/.m2/org/slf4j/integration/1.7.25-SNAPSHOT/integration-1.7.25-SNAPSHOT.pom
[INFO] Installing /root/workspace/qos-ch/slf4j/205803285/integration/target/integration-1.7.25-SNAPSHOT-sources.jar to /root/./workspace/qos-ch/slf4j/205803285/.m2/org/slf4j/integration/1.7.25-SNAPSHOT/integration-1.7.25-SNAPSHOT-sources.jar
[INFO]                                                                         
[INFO] ------------------------------------------------------------------------
[INFO] Building SLF4J Site 1.7.25-SNAPSHOT
[INFO] ------------------------------------------------------------------------
[INFO] 
[INFO] --- build-helper-maven-plugin:1.7:parse-version (parse-version) @ slf4j-site ---
[INFO] 
[INFO] --- maven-resources-plugin:2.6:resources (default-resources) @ slf4j-site ---
[INFO] Using 'UTF-8' encoding to copy filtered resources.
[INFO] Copying 29 resources to ../../../target/site
[INFO] Copying 1 resource
[INFO] 
[INFO] --- maven-compiler-plugin:3.3:compile (default-compile) @ slf4j-site ---
[INFO] No sources to compile
[INFO] 
[INFO] --- maven-resources-plugin:2.6:testResources (default-testResources) @ slf4j-site ---
[INFO] Using 'UTF-8' encoding to copy filtered resources.
[INFO] skip non existing resourceDirectory /root/workspace/qos-ch/slf4j/205803285/slf4j-site/src/test/resources
[INFO] 
[INFO] --- maven-compiler-plugin:3.3:testCompile (default-testCompile) @ slf4j-site ---
[INFO] No sources to compile
[INFO] 
[INFO] --- maven-surefire-plugin:2.19.1:test (default-test) @ slf4j-site ---
[INFO] Tests are skipped.
[INFO] 
[INFO] --- maven-jar-plugin:2.3.1:jar (default-jar) @ slf4j-site ---
[INFO] Building jar: /root/workspace/qos-ch/slf4j/205803285/slf4j-site/target/slf4j-site-1.7.25-SNAPSHOT.jar
[INFO] 
[INFO] >>> maven-source-plugin:2.1.2:jar (default) > generate-sources @ slf4j-site >>>
[INFO] 
[INFO] --- build-helper-maven-plugin:1.7:parse-version (parse-version) @ slf4j-site ---
[INFO] 
[INFO] <<< maven-source-plugin:2.1.2:jar (default) < generate-sources @ slf4j-site <<<
[INFO] 
[INFO] --- maven-source-plugin:2.1.2:jar (default) @ slf4j-site ---
[INFO] Building jar: /root/workspace/qos-ch/slf4j/205803285/slf4j-site/target/slf4j-site-1.7.25-SNAPSHOT-sources.jar
[INFO] 
[INFO] --- maven-install-plugin:2.4:install (default-install) @ slf4j-site ---
[INFO] Installing /root/workspace/qos-ch/slf4j/205803285/slf4j-site/target/slf4j-site-1.7.25-SNAPSHOT.jar to /root/./workspace/qos-ch/slf4j/205803285/.m2/org/slf4j/slf4j-site/1.7.25-SNAPSHOT/slf4j-site-1.7.25-SNAPSHOT.jar
[INFO] Installing /root/workspace/qos-ch/slf4j/205803285/slf4j-site/pom.xml to /root/./workspace/qos-ch/slf4j/205803285/.m2/org/slf4j/slf4j-site/1.7.25-SNAPSHOT/slf4j-site-1.7.25-SNAPSHOT.pom
[INFO] Installing /root/workspace/qos-ch/slf4j/205803285/slf4j-site/target/slf4j-site-1.7.25-SNAPSHOT-sources.jar to /root/./workspace/qos-ch/slf4j/205803285/.m2/org/slf4j/slf4j-site/1.7.25-SNAPSHOT/slf4j-site-1.7.25-SNAPSHOT-sources.jar
[INFO]                                                                         
[INFO] ------------------------------------------------------------------------
[INFO] Building SLF4J Migrator 1.7.25-SNAPSHOT
[INFO] ------------------------------------------------------------------------
[INFO] 
[INFO] --- build-helper-maven-plugin:1.7:parse-version (parse-version) @ slf4j-migrator ---
[INFO] 
[INFO] --- maven-resources-plugin:2.6:resources (default-resources) @ slf4j-migrator ---
[INFO] Using 'UTF-8' encoding to copy filtered resources.
[INFO] Copying 1 resource
[INFO] 
[INFO] --- maven-compiler-plugin:3.3:compile (default-compile) @ slf4j-migrator ---
[INFO] Changes detected - recompiling the module!
[INFO] Compiling 22 source files to /root/workspace/qos-ch/slf4j/205803285/slf4j-migrator/target/classes
[INFO] 
[INFO] --- maven-resources-plugin:2.6:testResources (default-testResources) @ slf4j-migrator ---
[INFO] Using 'UTF-8' encoding to copy filtered resources.
[INFO] skip non existing resourceDirectory /root/workspace/qos-ch/slf4j/205803285/slf4j-migrator/src/test/resources
[INFO] 
[INFO] --- maven-compiler-plugin:3.3:testCompile (default-testCompile) @ slf4j-migrator ---
[INFO] Changes detected - recompiling the module!
[INFO] Compiling 15 source files to /root/workspace/qos-ch/slf4j/205803285/slf4j-migrator/target/test-classes
[INFO] 
[INFO] --- maven-surefire-plugin:2.19.1:test (default-test) @ slf4j-migrator ---
[INFO] Tests are skipped.
[INFO] 
[INFO] --- maven-jar-plugin:2.3.1:jar (default-jar) @ slf4j-migrator ---
[INFO] Building jar: /root/workspace/qos-ch/slf4j/205803285/slf4j-migrator/target/slf4j-migrator-1.7.25-SNAPSHOT.jar
[INFO] 
[INFO] >>> maven-source-plugin:2.1.2:jar (default) > generate-sources @ slf4j-migrator >>>
[INFO] 
[INFO] --- build-helper-maven-plugin:1.7:parse-version (parse-version) @ slf4j-migrator ---
[INFO] 
[INFO] <<< maven-source-plugin:2.1.2:jar (default) < generate-sources @ slf4j-migrator <<<
[INFO] 
[INFO] --- maven-source-plugin:2.1.2:jar (default) @ slf4j-migrator ---
[INFO] Building jar: /root/workspace/qos-ch/slf4j/205803285/slf4j-migrator/target/slf4j-migrator-1.7.25-SNAPSHOT-sources.jar
[INFO] 
[INFO] --- maven-install-plugin:2.4:install (default-install) @ slf4j-migrator ---
[INFO] Installing /root/workspace/qos-ch/slf4j/205803285/slf4j-migrator/target/slf4j-migrator-1.7.25-SNAPSHOT.jar to /root/./workspace/qos-ch/slf4j/205803285/.m2/org/slf4j/slf4j-migrator/1.7.25-SNAPSHOT/slf4j-migrator-1.7.25-SNAPSHOT.jar
[INFO] Installing /root/workspace/qos-ch/slf4j/205803285/slf4j-migrator/pom.xml to /root/./workspace/qos-ch/slf4j/205803285/.m2/org/slf4j/slf4j-migrator/1.7.25-SNAPSHOT/slf4j-migrator-1.7.25-SNAPSHOT.pom
[INFO] Installing /root/workspace/qos-ch/slf4j/205803285/slf4j-migrator/target/slf4j-migrator-1.7.25-SNAPSHOT-sources.jar to /root/./workspace/qos-ch/slf4j/205803285/.m2/org/slf4j/slf4j-migrator/1.7.25-SNAPSHOT/slf4j-migrator-1.7.25-SNAPSHOT-sources.jar
[INFO] ------------------------------------------------------------------------
[INFO] Reactor Summary:
[INFO] 
[INFO] SLF4J .............................................. SUCCESS [  1.732 s]
[INFO] SLF4J API Module ................................... SUCCESS [  4.783 s]
[INFO] SLF4J Simple Binding ............................... SUCCESS [  0.376 s]
[INFO] SLF4J NOP Binding .................................. SUCCESS [  0.161 s]
[INFO] SLF4J JDK14 Binding ................................ SUCCESS [  0.194 s]
[INFO] SLF4J LOG4J-12 Binding ............................. SUCCESS [  0.346 s]
[INFO] SLF4J JCL Binding .................................. SUCCESS [  0.216 s]
[INFO] SLF4J Android Binding .............................. SUCCESS [  0.720 s]
[INFO] SLF4J Extensions Module ............................ SUCCESS [  0.797 s]
[INFO] JCL 1.2 implemented over SLF4J ..................... SUCCESS [  0.369 s]
[INFO] Log4j Implemented Over SLF4J ....................... SUCCESS [  0.238 s]
[INFO] JUL to SLF4J bridge ................................ SUCCESS [  0.119 s]
[INFO] OSGi LogService implemented over SLF4J ............. SUCCESS [  0.216 s]
[INFO] SLF4J Integration tests ............................ SUCCESS [  3.639 s]
[INFO] SLF4J Site ......................................... SUCCESS [  0.205 s]
[INFO] SLF4J Migrator ..................................... SUCCESS [  0.270 s]
[INFO] ------------------------------------------------------------------------
[INFO] BUILD SUCCESS
[INFO] ------------------------------------------------------------------------
[INFO] Total time: 14.753 s
[INFO] Finished at: 2017-05-12T16:09:38+02:00
[INFO] Final Memory: 44M/2284M
[INFO] ------------------------------------------------------------------------
